00:09:44.669 [main] INFO  com.ruider.Application - Starting Application on admindeMacBook-Pro.local with PID 10234 (/Users/mahede/ruider/MyProject/RuiDerWX/target/classes started by mahede in /Users/mahede/ruider/MyProject/RuiDerWX)
00:09:44.674 [main] INFO  com.ruider.Application - No active profile set, falling back to default profiles: default
00:09:45.190 [main] INFO  o.s.d.r.c.RepositoryConfigurationDelegate - Multiple Spring Data modules found, entering strict repository configuration mode!
00:09:45.191 [main] INFO  o.s.d.r.c.RepositoryConfigurationDelegate - Bootstrapping Spring Data repositories in DEFAULT mode.
00:09:45.213 [main] INFO  o.s.d.r.c.RepositoryConfigurationDelegate - Finished Spring Data repository scanning in 12ms. Found 0 repository interfaces.
00:09:45.468 [main] INFO  o.s.c.s.PostProcessorRegistrationDelegate$BeanPostProcessorChecker - Bean 'org.springframework.transaction.annotation.ProxyTransactionManagementConfiguration' of type [org.springframework.transaction.annotation.ProxyTransactionManagementConfiguration$$EnhancerBySpringCGLIB$$d0f611e6] is not eligible for getting processed by all BeanPostProcessors (for example: not eligible for auto-proxying)
00:09:45.764 [main] INFO  o.s.b.w.e.tomcat.TomcatWebServer - Tomcat initialized with port(s): 8080 (http)
00:09:45.775 [main] INFO  o.a.coyote.http11.Http11NioProtocol - Initializing ProtocolHandler ["http-nio-8080"]
00:09:45.780 [main] INFO  o.a.catalina.core.StandardService - Starting service [Tomcat]
00:09:45.780 [main] INFO  o.a.catalina.core.StandardEngine - Starting Servlet Engine: Apache Tomcat/9.0.12
00:09:45.785 [main] INFO  o.a.c.core.AprLifecycleListener - The APR based Apache Tomcat Native library which allows optimal performance in production environments was not found on the java.library.path: [/Users/mahede/Library/Java/Extensions:/Library/Java/Extensions:/Network/Library/Java/Extensions:/System/Library/Java/Extensions:/usr/lib/java:.]
00:09:45.856 [main] INFO  o.a.c.c.C.[Tomcat].[localhost].[/] - Initializing Spring embedded WebApplicationContext
00:09:45.856 [main] INFO  o.s.web.context.ContextLoader - Root WebApplicationContext: initialization completed in 1117 ms
00:09:45.890 [main] INFO  o.s.b.w.s.ServletRegistrationBean - Servlet dispatcherServlet mapped to [/]
00:09:45.893 [main] INFO  o.s.b.w.s.FilterRegistrationBean - Mapping filter: 'characterEncodingFilter' to: [/*]
00:09:45.893 [main] INFO  o.s.b.w.s.FilterRegistrationBean - Mapping filter: 'hiddenHttpMethodFilter' to: [/*]
00:09:45.893 [main] INFO  o.s.b.w.s.FilterRegistrationBean - Mapping filter: 'formContentFilter' to: [/*]
00:09:45.893 [main] INFO  o.s.b.w.s.FilterRegistrationBean - Mapping filter: 'requestContextFilter' to: [/*]
00:09:45.894 [main] INFO  o.s.b.w.s.FilterRegistrationBean - Mapping filter: 'com.ruider.filter.XssFilter' to urls: [/*]
00:09:46.236 [main] INFO  o.s.s.c.ThreadPoolTaskExecutor - Initializing ExecutorService 'applicationTaskExecutor'
00:09:46.683 [main] INFO  o.a.coyote.http11.Http11NioProtocol - Starting ProtocolHandler ["http-nio-8080"]
00:09:46.706 [main] INFO  o.a.tomcat.util.net.NioSelectorPool - Using a shared selector for servlet write/read
00:09:46.718 [main] INFO  o.s.b.w.e.tomcat.TomcatWebServer - Tomcat started on port(s): 8080 (http) with context path ''
00:09:46.722 [main] INFO  com.ruider.Application - Started Application in 2.656 seconds (JVM running for 3.139)
00:10:02.795 [http-nio-8080-exec-1] INFO  o.a.c.c.C.[Tomcat].[localhost].[/] - Initializing Spring DispatcherServlet 'dispatcherServlet'
00:10:02.795 [http-nio-8080-exec-1] INFO  o.s.web.servlet.DispatcherServlet - Initializing Servlet 'dispatcherServlet'
00:10:02.800 [http-nio-8080-exec-1] INFO  o.s.web.servlet.DispatcherServlet - Completed initialization in 5 ms
00:10:02.804 [http-nio-8080-exec-1] INFO  com.ruider.filter.XssFilter - 【自定义过滤器】 doFilter
00:10:02.868 [http-nio-8080-exec-1] INFO  com.ruider.controller.UserController - addUserInfoIfNoSaved start
00:10:02.880 [http-nio-8080-exec-1] INFO  com.zaxxer.hikari.HikariDataSource - HikariPool-1 - Starting...
00:10:02.881 [http-nio-8080-exec-1] WARN  c.z.hikari.util.DriverDataSource - Registered driver with driverClassName=com.mysql.jdbc.Driver was not found, trying direct instantiation.
00:10:03.168 [http-nio-8080-exec-1] INFO  com.zaxxer.hikari.HikariDataSource - HikariPool-1 - Start completed.
00:10:03.203 [http-nio-8080-exec-1] INFO  com.ruider.controller.UserController - 【用户信息已存在】addUserInfoIfNoSaved fail
00:10:07.830 [http-nio-8080-exec-2] INFO  com.ruider.filter.XssFilter - 【自定义过滤器】 doFilter
00:10:07.835 [http-nio-8080-exec-2] INFO  c.r.c.NeedsManagementController - 【获取类型列表开始】 getNeedsByCategotyId start
00:10:07.843 [http-nio-8080-exec-2] ERROR c.r.c.NeedsManagementController - 【获取类型列表失败】 getNeedsByCategotyId fail
java.lang.ClassCastException: java.util.Date cannot be cast to java.sql.Date
	at com.ruider.service.impl.NeedsManagementServiceImpl.getNeedsByUserIdAndCategoryId(NeedsManagementServiceImpl.java:40)
	at com.ruider.controller.NeedsManagementController.getNeedsByCategotyId(NeedsManagementController.java:56)
	at sun.reflect.NativeMethodAccessorImpl.invoke0(Native Method)
	at sun.reflect.NativeMethodAccessorImpl.invoke(NativeMethodAccessorImpl.java:62)
	at sun.reflect.DelegatingMethodAccessorImpl.invoke(DelegatingMethodAccessorImpl.java:43)
	at java.lang.reflect.Method.invoke(Method.java:498)
	at org.springframework.web.method.support.InvocableHandlerMethod.doInvoke(InvocableHandlerMethod.java:215)
	at org.springframework.web.method.support.InvocableHandlerMethod.invokeForRequest(InvocableHandlerMethod.java:142)
	at org.springframework.web.servlet.mvc.method.annotation.ServletInvocableHandlerMethod.invokeAndHandle(ServletInvocableHandlerMethod.java:102)
	at org.springframework.web.servlet.mvc.method.annotation.RequestMappingHandlerAdapter.invokeHandlerMethod(RequestMappingHandlerAdapter.java:895)
	at org.springframework.web.servlet.mvc.method.annotation.RequestMappingHandlerAdapter.handleInternal(RequestMappingHandlerAdapter.java:800)
	at org.springframework.web.servlet.mvc.method.AbstractHandlerMethodAdapter.handle(AbstractHandlerMethodAdapter.java:87)
	at org.springframework.web.servlet.DispatcherServlet.doDispatch(DispatcherServlet.java:1038)
	at org.springframework.web.servlet.DispatcherServlet.doService(DispatcherServlet.java:942)
	at org.springframework.web.servlet.FrameworkServlet.processRequest(FrameworkServlet.java:998)
	at org.springframework.web.servlet.FrameworkServlet.doGet(FrameworkServlet.java:890)
	at javax.servlet.http.HttpServlet.service(HttpServlet.java:634)
	at org.springframework.web.servlet.FrameworkServlet.service(FrameworkServlet.java:875)
	at javax.servlet.http.HttpServlet.service(HttpServlet.java:741)
	at org.apache.catalina.core.ApplicationFilterChain.internalDoFilter(ApplicationFilterChain.java:231)
	at org.apache.catalina.core.ApplicationFilterChain.doFilter(ApplicationFilterChain.java:166)
	at org.apache.tomcat.websocket.server.WsFilter.doFilter(WsFilter.java:53)
	at org.apache.catalina.core.ApplicationFilterChain.internalDoFilter(ApplicationFilterChain.java:193)
	at org.apache.catalina.core.ApplicationFilterChain.doFilter(ApplicationFilterChain.java:166)
	at com.ruider.filter.XssFilter.doFilter(XssFilter.java:37)
	at org.apache.catalina.core.ApplicationFilterChain.internalDoFilter(ApplicationFilterChain.java:193)
	at org.apache.catalina.core.ApplicationFilterChain.doFilter(ApplicationFilterChain.java:166)
	at org.springframework.web.filter.RequestContextFilter.doFilterInternal(RequestContextFilter.java:99)
	at org.springframework.web.filter.OncePerRequestFilter.doFilter(OncePerRequestFilter.java:107)
	at org.apache.catalina.core.ApplicationFilterChain.internalDoFilter(ApplicationFilterChain.java:193)
	at org.apache.catalina.core.ApplicationFilterChain.doFilter(ApplicationFilterChain.java:166)
	at org.springframework.web.filter.FormContentFilter.doFilterInternal(FormContentFilter.java:92)
	at org.springframework.web.filter.OncePerRequestFilter.doFilter(OncePerRequestFilter.java:107)
	at org.apache.catalina.core.ApplicationFilterChain.internalDoFilter(ApplicationFilterChain.java:193)
	at org.apache.catalina.core.ApplicationFilterChain.doFilter(ApplicationFilterChain.java:166)
	at org.springframework.web.filter.HiddenHttpMethodFilter.doFilterInternal(HiddenHttpMethodFilter.java:93)
	at org.springframework.web.filter.OncePerRequestFilter.doFilter(OncePerRequestFilter.java:107)
	at org.apache.catalina.core.ApplicationFilterChain.internalDoFilter(ApplicationFilterChain.java:193)
	at org.apache.catalina.core.ApplicationFilterChain.doFilter(ApplicationFilterChain.java:166)
	at org.springframework.web.filter.CharacterEncodingFilter.doFilterInternal(CharacterEncodingFilter.java:200)
	at org.springframework.web.filter.OncePerRequestFilter.doFilter(OncePerRequestFilter.java:107)
	at org.apache.catalina.core.ApplicationFilterChain.internalDoFilter(ApplicationFilterChain.java:193)
	at org.apache.catalina.core.ApplicationFilterChain.doFilter(ApplicationFilterChain.java:166)
	at org.apache.catalina.core.StandardWrapperValve.invoke(StandardWrapperValve.java:199)
	at org.apache.catalina.core.StandardContextValve.invoke(StandardContextValve.java:96)
	at org.apache.catalina.authenticator.AuthenticatorBase.invoke(AuthenticatorBase.java:490)
	at org.apache.catalina.core.StandardHostValve.invoke(StandardHostValve.java:139)
	at org.apache.catalina.valves.ErrorReportValve.invoke(ErrorReportValve.java:92)
	at org.apache.catalina.core.StandardEngineValve.invoke(StandardEngineValve.java:74)
	at org.apache.catalina.connector.CoyoteAdapter.service(CoyoteAdapter.java:343)
	at org.apache.coyote.http11.Http11Processor.service(Http11Processor.java:408)
	at org.apache.coyote.AbstractProcessorLight.process(AbstractProcessorLight.java:66)
	at org.apache.coyote.AbstractProtocol$ConnectionHandler.process(AbstractProtocol.java:770)
	at org.apache.tomcat.util.net.NioEndpoint$SocketProcessor.doRun(NioEndpoint.java:1415)
	at org.apache.tomcat.util.net.SocketProcessorBase.run(SocketProcessorBase.java:49)
	at java.util.concurrent.ThreadPoolExecutor.runWorker(ThreadPoolExecutor.java:1149)
	at java.util.concurrent.ThreadPoolExecutor$Worker.run(ThreadPoolExecutor.java:624)
	at org.apache.tomcat.util.threads.TaskThread$WrappingRunnable.run(TaskThread.java:61)
	at java.lang.Thread.run(Thread.java:748)
00:11:19.587 [http-nio-8080-exec-4] INFO  com.ruider.filter.XssFilter - 【自定义过滤器】 doFilter
00:11:19.589 [http-nio-8080-exec-4] INFO  com.ruider.controller.UserController - addUserInfoIfNoSaved start
00:11:19.592 [http-nio-8080-exec-4] INFO  com.ruider.controller.UserController - 【用户信息已存在】addUserInfoIfNoSaved fail
00:11:21.075 [http-nio-8080-exec-5] INFO  com.ruider.filter.XssFilter - 【自定义过滤器】 doFilter
00:11:21.076 [http-nio-8080-exec-5] INFO  c.r.c.NeedsManagementController - 【获取类型列表开始】 getNeedsByCategotyId start
00:11:21.079 [http-nio-8080-exec-5] ERROR c.r.c.NeedsManagementController - 【获取类型列表失败】 getNeedsByCategotyId fail
java.lang.ClassCastException: java.util.Date cannot be cast to java.sql.Date
	at com.ruider.service.impl.NeedsManagementServiceImpl.getNeedsByUserIdAndCategoryId(NeedsManagementServiceImpl.java:40)
	at com.ruider.controller.NeedsManagementController.getNeedsByCategotyId(NeedsManagementController.java:56)
	at sun.reflect.NativeMethodAccessorImpl.invoke0(Native Method)
	at sun.reflect.NativeMethodAccessorImpl.invoke(NativeMethodAccessorImpl.java:62)
	at sun.reflect.DelegatingMethodAccessorImpl.invoke(DelegatingMethodAccessorImpl.java:43)
	at java.lang.reflect.Method.invoke(Method.java:498)
	at org.springframework.web.method.support.InvocableHandlerMethod.doInvoke(InvocableHandlerMethod.java:215)
	at org.springframework.web.method.support.InvocableHandlerMethod.invokeForRequest(InvocableHandlerMethod.java:142)
	at org.springframework.web.servlet.mvc.method.annotation.ServletInvocableHandlerMethod.invokeAndHandle(ServletInvocableHandlerMethod.java:102)
	at org.springframework.web.servlet.mvc.method.annotation.RequestMappingHandlerAdapter.invokeHandlerMethod(RequestMappingHandlerAdapter.java:895)
	at org.springframework.web.servlet.mvc.method.annotation.RequestMappingHandlerAdapter.handleInternal(RequestMappingHandlerAdapter.java:800)
	at org.springframework.web.servlet.mvc.method.AbstractHandlerMethodAdapter.handle(AbstractHandlerMethodAdapter.java:87)
	at org.springframework.web.servlet.DispatcherServlet.doDispatch(DispatcherServlet.java:1038)
	at org.springframework.web.servlet.DispatcherServlet.doService(DispatcherServlet.java:942)
	at org.springframework.web.servlet.FrameworkServlet.processRequest(FrameworkServlet.java:998)
	at org.springframework.web.servlet.FrameworkServlet.doGet(FrameworkServlet.java:890)
	at javax.servlet.http.HttpServlet.service(HttpServlet.java:634)
	at org.springframework.web.servlet.FrameworkServlet.service(FrameworkServlet.java:875)
	at javax.servlet.http.HttpServlet.service(HttpServlet.java:741)
	at org.apache.catalina.core.ApplicationFilterChain.internalDoFilter(ApplicationFilterChain.java:231)
	at org.apache.catalina.core.ApplicationFilterChain.doFilter(ApplicationFilterChain.java:166)
	at org.apache.tomcat.websocket.server.WsFilter.doFilter(WsFilter.java:53)
	at org.apache.catalina.core.ApplicationFilterChain.internalDoFilter(ApplicationFilterChain.java:193)
	at org.apache.catalina.core.ApplicationFilterChain.doFilter(ApplicationFilterChain.java:166)
	at com.ruider.filter.XssFilter.doFilter(XssFilter.java:37)
	at org.apache.catalina.core.ApplicationFilterChain.internalDoFilter(ApplicationFilterChain.java:193)
	at org.apache.catalina.core.ApplicationFilterChain.doFilter(ApplicationFilterChain.java:166)
	at org.springframework.web.filter.RequestContextFilter.doFilterInternal(RequestContextFilter.java:99)
	at org.springframework.web.filter.OncePerRequestFilter.doFilter(OncePerRequestFilter.java:107)
	at org.apache.catalina.core.ApplicationFilterChain.internalDoFilter(ApplicationFilterChain.java:193)
	at org.apache.catalina.core.ApplicationFilterChain.doFilter(ApplicationFilterChain.java:166)
	at org.springframework.web.filter.FormContentFilter.doFilterInternal(FormContentFilter.java:92)
	at org.springframework.web.filter.OncePerRequestFilter.doFilter(OncePerRequestFilter.java:107)
	at org.apache.catalina.core.ApplicationFilterChain.internalDoFilter(ApplicationFilterChain.java:193)
	at org.apache.catalina.core.ApplicationFilterChain.doFilter(ApplicationFilterChain.java:166)
	at org.springframework.web.filter.HiddenHttpMethodFilter.doFilterInternal(HiddenHttpMethodFilter.java:93)
	at org.springframework.web.filter.OncePerRequestFilter.doFilter(OncePerRequestFilter.java:107)
	at org.apache.catalina.core.ApplicationFilterChain.internalDoFilter(ApplicationFilterChain.java:193)
	at org.apache.catalina.core.ApplicationFilterChain.doFilter(ApplicationFilterChain.java:166)
	at org.springframework.web.filter.CharacterEncodingFilter.doFilterInternal(CharacterEncodingFilter.java:200)
	at org.springframework.web.filter.OncePerRequestFilter.doFilter(OncePerRequestFilter.java:107)
	at org.apache.catalina.core.ApplicationFilterChain.internalDoFilter(ApplicationFilterChain.java:193)
	at org.apache.catalina.core.ApplicationFilterChain.doFilter(ApplicationFilterChain.java:166)
	at org.apache.catalina.core.StandardWrapperValve.invoke(StandardWrapperValve.java:199)
	at org.apache.catalina.core.StandardContextValve.invoke(StandardContextValve.java:96)
	at org.apache.catalina.authenticator.AuthenticatorBase.invoke(AuthenticatorBase.java:490)
	at org.apache.catalina.core.StandardHostValve.invoke(StandardHostValve.java:139)
	at org.apache.catalina.valves.ErrorReportValve.invoke(ErrorReportValve.java:92)
	at org.apache.catalina.core.StandardEngineValve.invoke(StandardEngineValve.java:74)
	at org.apache.catalina.connector.CoyoteAdapter.service(CoyoteAdapter.java:343)
	at org.apache.coyote.http11.Http11Processor.service(Http11Processor.java:408)
	at org.apache.coyote.AbstractProcessorLight.process(AbstractProcessorLight.java:66)
	at org.apache.coyote.AbstractProtocol$ConnectionHandler.process(AbstractProtocol.java:770)
	at org.apache.tomcat.util.net.NioEndpoint$SocketProcessor.doRun(NioEndpoint.java:1415)
	at org.apache.tomcat.util.net.SocketProcessorBase.run(SocketProcessorBase.java:49)
	at java.util.concurrent.ThreadPoolExecutor.runWorker(ThreadPoolExecutor.java:1149)
	at java.util.concurrent.ThreadPoolExecutor$Worker.run(ThreadPoolExecutor.java:624)
	at org.apache.tomcat.util.threads.TaskThread$WrappingRunnable.run(TaskThread.java:61)
	at java.lang.Thread.run(Thread.java:748)
00:11:47.948 [http-nio-8080-exec-6] INFO  com.ruider.filter.XssFilter - 【自定义过滤器】 doFilter
00:11:47.951 [http-nio-8080-exec-6] INFO  com.ruider.controller.UserController - addUserInfoIfNoSaved start
00:11:47.953 [http-nio-8080-exec-6] INFO  com.ruider.controller.UserController - 【用户信息已存在】addUserInfoIfNoSaved fail
00:11:49.771 [http-nio-8080-exec-7] INFO  com.ruider.filter.XssFilter - 【自定义过滤器】 doFilter
00:11:49.772 [http-nio-8080-exec-7] INFO  c.r.c.NeedsManagementController - 【获取类型列表开始】 getNeedsByCategotyId start
00:11:49.775 [http-nio-8080-exec-7] ERROR c.r.c.NeedsManagementController - 【获取类型列表失败】 getNeedsByCategotyId fail
java.lang.ClassCastException: java.util.Date cannot be cast to java.sql.Date
	at com.ruider.service.impl.NeedsManagementServiceImpl.getNeedsByUserIdAndCategoryId(NeedsManagementServiceImpl.java:40)
	at com.ruider.controller.NeedsManagementController.getNeedsByCategotyId(NeedsManagementController.java:56)
	at sun.reflect.NativeMethodAccessorImpl.invoke0(Native Method)
	at sun.reflect.NativeMethodAccessorImpl.invoke(NativeMethodAccessorImpl.java:62)
	at sun.reflect.DelegatingMethodAccessorImpl.invoke(DelegatingMethodAccessorImpl.java:43)
	at java.lang.reflect.Method.invoke(Method.java:498)
	at org.springframework.web.method.support.InvocableHandlerMethod.doInvoke(InvocableHandlerMethod.java:215)
	at org.springframework.web.method.support.InvocableHandlerMethod.invokeForRequest(InvocableHandlerMethod.java:142)
	at org.springframework.web.servlet.mvc.method.annotation.ServletInvocableHandlerMethod.invokeAndHandle(ServletInvocableHandlerMethod.java:102)
	at org.springframework.web.servlet.mvc.method.annotation.RequestMappingHandlerAdapter.invokeHandlerMethod(RequestMappingHandlerAdapter.java:895)
	at org.springframework.web.servlet.mvc.method.annotation.RequestMappingHandlerAdapter.handleInternal(RequestMappingHandlerAdapter.java:800)
	at org.springframework.web.servlet.mvc.method.AbstractHandlerMethodAdapter.handle(AbstractHandlerMethodAdapter.java:87)
	at org.springframework.web.servlet.DispatcherServlet.doDispatch(DispatcherServlet.java:1038)
	at org.springframework.web.servlet.DispatcherServlet.doService(DispatcherServlet.java:942)
	at org.springframework.web.servlet.FrameworkServlet.processRequest(FrameworkServlet.java:998)
	at org.springframework.web.servlet.FrameworkServlet.doGet(FrameworkServlet.java:890)
	at javax.servlet.http.HttpServlet.service(HttpServlet.java:634)
	at org.springframework.web.servlet.FrameworkServlet.service(FrameworkServlet.java:875)
	at javax.servlet.http.HttpServlet.service(HttpServlet.java:741)
	at org.apache.catalina.core.ApplicationFilterChain.internalDoFilter(ApplicationFilterChain.java:231)
	at org.apache.catalina.core.ApplicationFilterChain.doFilter(ApplicationFilterChain.java:166)
	at org.apache.tomcat.websocket.server.WsFilter.doFilter(WsFilter.java:53)
	at org.apache.catalina.core.ApplicationFilterChain.internalDoFilter(ApplicationFilterChain.java:193)
	at org.apache.catalina.core.ApplicationFilterChain.doFilter(ApplicationFilterChain.java:166)
	at com.ruider.filter.XssFilter.doFilter(XssFilter.java:37)
	at org.apache.catalina.core.ApplicationFilterChain.internalDoFilter(ApplicationFilterChain.java:193)
	at org.apache.catalina.core.ApplicationFilterChain.doFilter(ApplicationFilterChain.java:166)
	at org.springframework.web.filter.RequestContextFilter.doFilterInternal(RequestContextFilter.java:99)
	at org.springframework.web.filter.OncePerRequestFilter.doFilter(OncePerRequestFilter.java:107)
	at org.apache.catalina.core.ApplicationFilterChain.internalDoFilter(ApplicationFilterChain.java:193)
	at org.apache.catalina.core.ApplicationFilterChain.doFilter(ApplicationFilterChain.java:166)
	at org.springframework.web.filter.FormContentFilter.doFilterInternal(FormContentFilter.java:92)
	at org.springframework.web.filter.OncePerRequestFilter.doFilter(OncePerRequestFilter.java:107)
	at org.apache.catalina.core.ApplicationFilterChain.internalDoFilter(ApplicationFilterChain.java:193)
	at org.apache.catalina.core.ApplicationFilterChain.doFilter(ApplicationFilterChain.java:166)
	at org.springframework.web.filter.HiddenHttpMethodFilter.doFilterInternal(HiddenHttpMethodFilter.java:93)
	at org.springframework.web.filter.OncePerRequestFilter.doFilter(OncePerRequestFilter.java:107)
	at org.apache.catalina.core.ApplicationFilterChain.internalDoFilter(ApplicationFilterChain.java:193)
	at org.apache.catalina.core.ApplicationFilterChain.doFilter(ApplicationFilterChain.java:166)
	at org.springframework.web.filter.CharacterEncodingFilter.doFilterInternal(CharacterEncodingFilter.java:200)
	at org.springframework.web.filter.OncePerRequestFilter.doFilter(OncePerRequestFilter.java:107)
	at org.apache.catalina.core.ApplicationFilterChain.internalDoFilter(ApplicationFilterChain.java:193)
	at org.apache.catalina.core.ApplicationFilterChain.doFilter(ApplicationFilterChain.java:166)
	at org.apache.catalina.core.StandardWrapperValve.invoke(StandardWrapperValve.java:199)
	at org.apache.catalina.core.StandardContextValve.invoke(StandardContextValve.java:96)
	at org.apache.catalina.authenticator.AuthenticatorBase.invoke(AuthenticatorBase.java:490)
	at org.apache.catalina.core.StandardHostValve.invoke(StandardHostValve.java:139)
	at org.apache.catalina.valves.ErrorReportValve.invoke(ErrorReportValve.java:92)
	at org.apache.catalina.core.StandardEngineValve.invoke(StandardEngineValve.java:74)
	at org.apache.catalina.connector.CoyoteAdapter.service(CoyoteAdapter.java:343)
	at org.apache.coyote.http11.Http11Processor.service(Http11Processor.java:408)
	at org.apache.coyote.AbstractProcessorLight.process(AbstractProcessorLight.java:66)
	at org.apache.coyote.AbstractProtocol$ConnectionHandler.process(AbstractProtocol.java:770)
	at org.apache.tomcat.util.net.NioEndpoint$SocketProcessor.doRun(NioEndpoint.java:1415)
	at org.apache.tomcat.util.net.SocketProcessorBase.run(SocketProcessorBase.java:49)
	at java.util.concurrent.ThreadPoolExecutor.runWorker(ThreadPoolExecutor.java:1149)
	at java.util.concurrent.ThreadPoolExecutor$Worker.run(ThreadPoolExecutor.java:624)
	at org.apache.tomcat.util.threads.TaskThread$WrappingRunnable.run(TaskThread.java:61)
	at java.lang.Thread.run(Thread.java:748)
00:12:51.897 [http-nio-8080-exec-9] INFO  com.ruider.filter.XssFilter - 【自定义过滤器】 doFilter
00:12:51.898 [http-nio-8080-exec-9] INFO  c.r.c.NeedsManagementController - 【获取用户所有列表开始】 getNeedsByUserId start
00:12:51.903 [http-nio-8080-exec-9] ERROR c.r.c.NeedsManagementController - 【获取用户所有列表失败】 getNeedsByUserId fail
java.lang.ClassCastException: java.util.Date cannot be cast to java.sql.Date
	at com.ruider.service.impl.NeedsManagementServiceImpl.getNeedsByUserId(NeedsManagementServiceImpl.java:28)
	at com.ruider.controller.NeedsManagementController.getNeedsByUserId(NeedsManagementController.java:37)
	at sun.reflect.NativeMethodAccessorImpl.invoke0(Native Method)
	at sun.reflect.NativeMethodAccessorImpl.invoke(NativeMethodAccessorImpl.java:62)
	at sun.reflect.DelegatingMethodAccessorImpl.invoke(DelegatingMethodAccessorImpl.java:43)
	at java.lang.reflect.Method.invoke(Method.java:498)
	at org.springframework.web.method.support.InvocableHandlerMethod.doInvoke(InvocableHandlerMethod.java:215)
	at org.springframework.web.method.support.InvocableHandlerMethod.invokeForRequest(InvocableHandlerMethod.java:142)
	at org.springframework.web.servlet.mvc.method.annotation.ServletInvocableHandlerMethod.invokeAndHandle(ServletInvocableHandlerMethod.java:102)
	at org.springframework.web.servlet.mvc.method.annotation.RequestMappingHandlerAdapter.invokeHandlerMethod(RequestMappingHandlerAdapter.java:895)
	at org.springframework.web.servlet.mvc.method.annotation.RequestMappingHandlerAdapter.handleInternal(RequestMappingHandlerAdapter.java:800)
	at org.springframework.web.servlet.mvc.method.AbstractHandlerMethodAdapter.handle(AbstractHandlerMethodAdapter.java:87)
	at org.springframework.web.servlet.DispatcherServlet.doDispatch(DispatcherServlet.java:1038)
	at org.springframework.web.servlet.DispatcherServlet.doService(DispatcherServlet.java:942)
	at org.springframework.web.servlet.FrameworkServlet.processRequest(FrameworkServlet.java:998)
	at org.springframework.web.servlet.FrameworkServlet.doGet(FrameworkServlet.java:890)
	at javax.servlet.http.HttpServlet.service(HttpServlet.java:634)
	at org.springframework.web.servlet.FrameworkServlet.service(FrameworkServlet.java:875)
	at javax.servlet.http.HttpServlet.service(HttpServlet.java:741)
	at org.apache.catalina.core.ApplicationFilterChain.internalDoFilter(ApplicationFilterChain.java:231)
	at org.apache.catalina.core.ApplicationFilterChain.doFilter(ApplicationFilterChain.java:166)
	at org.apache.tomcat.websocket.server.WsFilter.doFilter(WsFilter.java:53)
	at org.apache.catalina.core.ApplicationFilterChain.internalDoFilter(ApplicationFilterChain.java:193)
	at org.apache.catalina.core.ApplicationFilterChain.doFilter(ApplicationFilterChain.java:166)
	at com.ruider.filter.XssFilter.doFilter(XssFilter.java:37)
	at org.apache.catalina.core.ApplicationFilterChain.internalDoFilter(ApplicationFilterChain.java:193)
	at org.apache.catalina.core.ApplicationFilterChain.doFilter(ApplicationFilterChain.java:166)
	at org.springframework.web.filter.RequestContextFilter.doFilterInternal(RequestContextFilter.java:99)
	at org.springframework.web.filter.OncePerRequestFilter.doFilter(OncePerRequestFilter.java:107)
	at org.apache.catalina.core.ApplicationFilterChain.internalDoFilter(ApplicationFilterChain.java:193)
	at org.apache.catalina.core.ApplicationFilterChain.doFilter(ApplicationFilterChain.java:166)
	at org.springframework.web.filter.FormContentFilter.doFilterInternal(FormContentFilter.java:92)
	at org.springframework.web.filter.OncePerRequestFilter.doFilter(OncePerRequestFilter.java:107)
	at org.apache.catalina.core.ApplicationFilterChain.internalDoFilter(ApplicationFilterChain.java:193)
	at org.apache.catalina.core.ApplicationFilterChain.doFilter(ApplicationFilterChain.java:166)
	at org.springframework.web.filter.HiddenHttpMethodFilter.doFilterInternal(HiddenHttpMethodFilter.java:93)
	at org.springframework.web.filter.OncePerRequestFilter.doFilter(OncePerRequestFilter.java:107)
	at org.apache.catalina.core.ApplicationFilterChain.internalDoFilter(ApplicationFilterChain.java:193)
	at org.apache.catalina.core.ApplicationFilterChain.doFilter(ApplicationFilterChain.java:166)
	at org.springframework.web.filter.CharacterEncodingFilter.doFilterInternal(CharacterEncodingFilter.java:200)
	at org.springframework.web.filter.OncePerRequestFilter.doFilter(OncePerRequestFilter.java:107)
	at org.apache.catalina.core.ApplicationFilterChain.internalDoFilter(ApplicationFilterChain.java:193)
	at org.apache.catalina.core.ApplicationFilterChain.doFilter(ApplicationFilterChain.java:166)
	at org.apache.catalina.core.StandardWrapperValve.invoke(StandardWrapperValve.java:199)
	at org.apache.catalina.core.StandardContextValve.invoke(StandardContextValve.java:96)
	at org.apache.catalina.authenticator.AuthenticatorBase.invoke(AuthenticatorBase.java:490)
	at org.apache.catalina.core.StandardHostValve.invoke(StandardHostValve.java:139)
	at org.apache.catalina.valves.ErrorReportValve.invoke(ErrorReportValve.java:92)
	at org.apache.catalina.core.StandardEngineValve.invoke(StandardEngineValve.java:74)
	at org.apache.catalina.connector.CoyoteAdapter.service(CoyoteAdapter.java:343)
	at org.apache.coyote.http11.Http11Processor.service(Http11Processor.java:408)
	at org.apache.coyote.AbstractProcessorLight.process(AbstractProcessorLight.java:66)
	at org.apache.coyote.AbstractProtocol$ConnectionHandler.process(AbstractProtocol.java:770)
	at org.apache.tomcat.util.net.NioEndpoint$SocketProcessor.doRun(NioEndpoint.java:1415)
	at org.apache.tomcat.util.net.SocketProcessorBase.run(SocketProcessorBase.java:49)
	at java.util.concurrent.ThreadPoolExecutor.runWorker(ThreadPoolExecutor.java:1149)
	at java.util.concurrent.ThreadPoolExecutor$Worker.run(ThreadPoolExecutor.java:624)
	at org.apache.tomcat.util.threads.TaskThread$WrappingRunnable.run(TaskThread.java:61)
	at java.lang.Thread.run(Thread.java:748)
00:15:31.999 [http-nio-8080-exec-1] INFO  com.ruider.filter.XssFilter - 【自定义过滤器】 doFilter
00:15:32.000 [http-nio-8080-exec-1] INFO  com.ruider.controller.UserController - addUserInfoIfNoSaved start
00:15:32.003 [http-nio-8080-exec-1] INFO  com.ruider.controller.UserController - 【用户信息已存在】addUserInfoIfNoSaved fail
00:15:33.990 [http-nio-8080-exec-2] INFO  com.ruider.filter.XssFilter - 【自定义过滤器】 doFilter
00:15:33.992 [http-nio-8080-exec-2] INFO  com.ruider.controller.UserController - getUserDetails start 
00:15:33.994 [http-nio-8080-exec-2] INFO  com.ruider.controller.UserController - 【获取用户信息成功】getUserDetails success, userName:布玮
00:15:37.615 [http-nio-8080-exec-3] INFO  com.ruider.filter.XssFilter - 【自定义过滤器】 doFilter
00:15:37.616 [http-nio-8080-exec-3] INFO  c.r.c.NeedsManagementController - 【获取用户所有列表开始】 getNeedsByUserId start
00:15:37.622 [http-nio-8080-exec-3] ERROR c.r.c.NeedsManagementController - 【获取用户所有列表失败】 getNeedsByUserId fail
java.lang.ClassCastException: java.util.Date cannot be cast to java.sql.Date
	at com.ruider.service.impl.NeedsManagementServiceImpl.getNeedsByUserId(NeedsManagementServiceImpl.java:28)
	at com.ruider.controller.NeedsManagementController.getNeedsByUserId(NeedsManagementController.java:37)
	at sun.reflect.NativeMethodAccessorImpl.invoke0(Native Method)
	at sun.reflect.NativeMethodAccessorImpl.invoke(NativeMethodAccessorImpl.java:62)
	at sun.reflect.DelegatingMethodAccessorImpl.invoke(DelegatingMethodAccessorImpl.java:43)
	at java.lang.reflect.Method.invoke(Method.java:498)
	at org.springframework.web.method.support.InvocableHandlerMethod.doInvoke(InvocableHandlerMethod.java:215)
	at org.springframework.web.method.support.InvocableHandlerMethod.invokeForRequest(InvocableHandlerMethod.java:142)
	at org.springframework.web.servlet.mvc.method.annotation.ServletInvocableHandlerMethod.invokeAndHandle(ServletInvocableHandlerMethod.java:102)
	at org.springframework.web.servlet.mvc.method.annotation.RequestMappingHandlerAdapter.invokeHandlerMethod(RequestMappingHandlerAdapter.java:895)
	at org.springframework.web.servlet.mvc.method.annotation.RequestMappingHandlerAdapter.handleInternal(RequestMappingHandlerAdapter.java:800)
	at org.springframework.web.servlet.mvc.method.AbstractHandlerMethodAdapter.handle(AbstractHandlerMethodAdapter.java:87)
	at org.springframework.web.servlet.DispatcherServlet.doDispatch(DispatcherServlet.java:1038)
	at org.springframework.web.servlet.DispatcherServlet.doService(DispatcherServlet.java:942)
	at org.springframework.web.servlet.FrameworkServlet.processRequest(FrameworkServlet.java:998)
	at org.springframework.web.servlet.FrameworkServlet.doGet(FrameworkServlet.java:890)
	at javax.servlet.http.HttpServlet.service(HttpServlet.java:634)
	at org.springframework.web.servlet.FrameworkServlet.service(FrameworkServlet.java:875)
	at javax.servlet.http.HttpServlet.service(HttpServlet.java:741)
	at org.apache.catalina.core.ApplicationFilterChain.internalDoFilter(ApplicationFilterChain.java:231)
	at org.apache.catalina.core.ApplicationFilterChain.doFilter(ApplicationFilterChain.java:166)
	at org.apache.tomcat.websocket.server.WsFilter.doFilter(WsFilter.java:53)
	at org.apache.catalina.core.ApplicationFilterChain.internalDoFilter(ApplicationFilterChain.java:193)
	at org.apache.catalina.core.ApplicationFilterChain.doFilter(ApplicationFilterChain.java:166)
	at com.ruider.filter.XssFilter.doFilter(XssFilter.java:37)
	at org.apache.catalina.core.ApplicationFilterChain.internalDoFilter(ApplicationFilterChain.java:193)
	at org.apache.catalina.core.ApplicationFilterChain.doFilter(ApplicationFilterChain.java:166)
	at org.springframework.web.filter.RequestContextFilter.doFilterInternal(RequestContextFilter.java:99)
	at org.springframework.web.filter.OncePerRequestFilter.doFilter(OncePerRequestFilter.java:107)
	at org.apache.catalina.core.ApplicationFilterChain.internalDoFilter(ApplicationFilterChain.java:193)
	at org.apache.catalina.core.ApplicationFilterChain.doFilter(ApplicationFilterChain.java:166)
	at org.springframework.web.filter.FormContentFilter.doFilterInternal(FormContentFilter.java:92)
	at org.springframework.web.filter.OncePerRequestFilter.doFilter(OncePerRequestFilter.java:107)
	at org.apache.catalina.core.ApplicationFilterChain.internalDoFilter(ApplicationFilterChain.java:193)
	at org.apache.catalina.core.ApplicationFilterChain.doFilter(ApplicationFilterChain.java:166)
	at org.springframework.web.filter.HiddenHttpMethodFilter.doFilterInternal(HiddenHttpMethodFilter.java:93)
	at org.springframework.web.filter.OncePerRequestFilter.doFilter(OncePerRequestFilter.java:107)
	at org.apache.catalina.core.ApplicationFilterChain.internalDoFilter(ApplicationFilterChain.java:193)
	at org.apache.catalina.core.ApplicationFilterChain.doFilter(ApplicationFilterChain.java:166)
	at org.springframework.web.filter.CharacterEncodingFilter.doFilterInternal(CharacterEncodingFilter.java:200)
	at org.springframework.web.filter.OncePerRequestFilter.doFilter(OncePerRequestFilter.java:107)
	at org.apache.catalina.core.ApplicationFilterChain.internalDoFilter(ApplicationFilterChain.java:193)
	at org.apache.catalina.core.ApplicationFilterChain.doFilter(ApplicationFilterChain.java:166)
	at org.apache.catalina.core.StandardWrapperValve.invoke(StandardWrapperValve.java:199)
	at org.apache.catalina.core.StandardContextValve.invoke(StandardContextValve.java:96)
	at org.apache.catalina.authenticator.AuthenticatorBase.invoke(AuthenticatorBase.java:490)
	at org.apache.catalina.core.StandardHostValve.invoke(StandardHostValve.java:139)
	at org.apache.catalina.valves.ErrorReportValve.invoke(ErrorReportValve.java:92)
	at org.apache.catalina.core.StandardEngineValve.invoke(StandardEngineValve.java:74)
	at org.apache.catalina.connector.CoyoteAdapter.service(CoyoteAdapter.java:343)
	at org.apache.coyote.http11.Http11Processor.service(Http11Processor.java:408)
	at org.apache.coyote.AbstractProcessorLight.process(AbstractProcessorLight.java:66)
	at org.apache.coyote.AbstractProtocol$ConnectionHandler.process(AbstractProtocol.java:770)
	at org.apache.tomcat.util.net.NioEndpoint$SocketProcessor.doRun(NioEndpoint.java:1415)
	at org.apache.tomcat.util.net.SocketProcessorBase.run(SocketProcessorBase.java:49)
	at java.util.concurrent.ThreadPoolExecutor.runWorker(ThreadPoolExecutor.java:1149)
	at java.util.concurrent.ThreadPoolExecutor$Worker.run(ThreadPoolExecutor.java:624)
	at org.apache.tomcat.util.threads.TaskThread$WrappingRunnable.run(TaskThread.java:61)
	at java.lang.Thread.run(Thread.java:748)
00:15:39.067 [http-nio-8080-exec-4] INFO  com.ruider.filter.XssFilter - 【自定义过滤器】 doFilter
00:15:39.068 [http-nio-8080-exec-4] INFO  c.r.c.NeedsManagementController - 【获取类型列表开始】 getNeedsByCategotyId start
00:15:39.072 [http-nio-8080-exec-4] ERROR c.r.c.NeedsManagementController - 【获取类型列表失败】 getNeedsByCategotyId fail
java.lang.ClassCastException: java.util.Date cannot be cast to java.sql.Date
	at com.ruider.service.impl.NeedsManagementServiceImpl.getNeedsByUserIdAndCategoryId(NeedsManagementServiceImpl.java:40)
	at com.ruider.controller.NeedsManagementController.getNeedsByCategotyId(NeedsManagementController.java:56)
	at sun.reflect.NativeMethodAccessorImpl.invoke0(Native Method)
	at sun.reflect.NativeMethodAccessorImpl.invoke(NativeMethodAccessorImpl.java:62)
	at sun.reflect.DelegatingMethodAccessorImpl.invoke(DelegatingMethodAccessorImpl.java:43)
	at java.lang.reflect.Method.invoke(Method.java:498)
	at org.springframework.web.method.support.InvocableHandlerMethod.doInvoke(InvocableHandlerMethod.java:215)
	at org.springframework.web.method.support.InvocableHandlerMethod.invokeForRequest(InvocableHandlerMethod.java:142)
	at org.springframework.web.servlet.mvc.method.annotation.ServletInvocableHandlerMethod.invokeAndHandle(ServletInvocableHandlerMethod.java:102)
	at org.springframework.web.servlet.mvc.method.annotation.RequestMappingHandlerAdapter.invokeHandlerMethod(RequestMappingHandlerAdapter.java:895)
	at org.springframework.web.servlet.mvc.method.annotation.RequestMappingHandlerAdapter.handleInternal(RequestMappingHandlerAdapter.java:800)
	at org.springframework.web.servlet.mvc.method.AbstractHandlerMethodAdapter.handle(AbstractHandlerMethodAdapter.java:87)
	at org.springframework.web.servlet.DispatcherServlet.doDispatch(DispatcherServlet.java:1038)
	at org.springframework.web.servlet.DispatcherServlet.doService(DispatcherServlet.java:942)
	at org.springframework.web.servlet.FrameworkServlet.processRequest(FrameworkServlet.java:998)
	at org.springframework.web.servlet.FrameworkServlet.doGet(FrameworkServlet.java:890)
	at javax.servlet.http.HttpServlet.service(HttpServlet.java:634)
	at org.springframework.web.servlet.FrameworkServlet.service(FrameworkServlet.java:875)
	at javax.servlet.http.HttpServlet.service(HttpServlet.java:741)
	at org.apache.catalina.core.ApplicationFilterChain.internalDoFilter(ApplicationFilterChain.java:231)
	at org.apache.catalina.core.ApplicationFilterChain.doFilter(ApplicationFilterChain.java:166)
	at org.apache.tomcat.websocket.server.WsFilter.doFilter(WsFilter.java:53)
	at org.apache.catalina.core.ApplicationFilterChain.internalDoFilter(ApplicationFilterChain.java:193)
	at org.apache.catalina.core.ApplicationFilterChain.doFilter(ApplicationFilterChain.java:166)
	at com.ruider.filter.XssFilter.doFilter(XssFilter.java:37)
	at org.apache.catalina.core.ApplicationFilterChain.internalDoFilter(ApplicationFilterChain.java:193)
	at org.apache.catalina.core.ApplicationFilterChain.doFilter(ApplicationFilterChain.java:166)
	at org.springframework.web.filter.RequestContextFilter.doFilterInternal(RequestContextFilter.java:99)
	at org.springframework.web.filter.OncePerRequestFilter.doFilter(OncePerRequestFilter.java:107)
	at org.apache.catalina.core.ApplicationFilterChain.internalDoFilter(ApplicationFilterChain.java:193)
	at org.apache.catalina.core.ApplicationFilterChain.doFilter(ApplicationFilterChain.java:166)
	at org.springframework.web.filter.FormContentFilter.doFilterInternal(FormContentFilter.java:92)
	at org.springframework.web.filter.OncePerRequestFilter.doFilter(OncePerRequestFilter.java:107)
	at org.apache.catalina.core.ApplicationFilterChain.internalDoFilter(ApplicationFilterChain.java:193)
	at org.apache.catalina.core.ApplicationFilterChain.doFilter(ApplicationFilterChain.java:166)
	at org.springframework.web.filter.HiddenHttpMethodFilter.doFilterInternal(HiddenHttpMethodFilter.java:93)
	at org.springframework.web.filter.OncePerRequestFilter.doFilter(OncePerRequestFilter.java:107)
	at org.apache.catalina.core.ApplicationFilterChain.internalDoFilter(ApplicationFilterChain.java:193)
	at org.apache.catalina.core.ApplicationFilterChain.doFilter(ApplicationFilterChain.java:166)
	at org.springframework.web.filter.CharacterEncodingFilter.doFilterInternal(CharacterEncodingFilter.java:200)
	at org.springframework.web.filter.OncePerRequestFilter.doFilter(OncePerRequestFilter.java:107)
	at org.apache.catalina.core.ApplicationFilterChain.internalDoFilter(ApplicationFilterChain.java:193)
	at org.apache.catalina.core.ApplicationFilterChain.doFilter(ApplicationFilterChain.java:166)
	at org.apache.catalina.core.StandardWrapperValve.invoke(StandardWrapperValve.java:199)
	at org.apache.catalina.core.StandardContextValve.invoke(StandardContextValve.java:96)
	at org.apache.catalina.authenticator.AuthenticatorBase.invoke(AuthenticatorBase.java:490)
	at org.apache.catalina.core.StandardHostValve.invoke(StandardHostValve.java:139)
	at org.apache.catalina.valves.ErrorReportValve.invoke(ErrorReportValve.java:92)
	at org.apache.catalina.core.StandardEngineValve.invoke(StandardEngineValve.java:74)
	at org.apache.catalina.connector.CoyoteAdapter.service(CoyoteAdapter.java:343)
	at org.apache.coyote.http11.Http11Processor.service(Http11Processor.java:408)
	at org.apache.coyote.AbstractProcessorLight.process(AbstractProcessorLight.java:66)
	at org.apache.coyote.AbstractProtocol$ConnectionHandler.process(AbstractProtocol.java:770)
	at org.apache.tomcat.util.net.NioEndpoint$SocketProcessor.doRun(NioEndpoint.java:1415)
	at org.apache.tomcat.util.net.SocketProcessorBase.run(SocketProcessorBase.java:49)
	at java.util.concurrent.ThreadPoolExecutor.runWorker(ThreadPoolExecutor.java:1149)
	at java.util.concurrent.ThreadPoolExecutor$Worker.run(ThreadPoolExecutor.java:624)
	at org.apache.tomcat.util.threads.TaskThread$WrappingRunnable.run(TaskThread.java:61)
	at java.lang.Thread.run(Thread.java:748)
00:17:14.277 [http-nio-8080-exec-6] INFO  com.ruider.filter.XssFilter - 【自定义过滤器】 doFilter
00:17:14.279 [http-nio-8080-exec-6] INFO  com.ruider.controller.UserController - addUserInfoIfNoSaved start
00:17:14.281 [http-nio-8080-exec-6] INFO  com.ruider.controller.UserController - 【用户信息已存在】addUserInfoIfNoSaved fail
00:17:15.850 [http-nio-8080-exec-7] INFO  com.ruider.filter.XssFilter - 【自定义过滤器】 doFilter
00:17:15.851 [http-nio-8080-exec-7] INFO  c.r.c.NeedsManagementController - 【获取类型列表开始】 getNeedsByCategotyId start
00:17:15.854 [http-nio-8080-exec-7] ERROR c.r.c.NeedsManagementController - 【获取类型列表失败】 getNeedsByCategotyId fail
java.lang.ClassCastException: java.util.Date cannot be cast to java.sql.Date
	at com.ruider.service.impl.NeedsManagementServiceImpl.getNeedsByUserIdAndCategoryId(NeedsManagementServiceImpl.java:40)
	at com.ruider.controller.NeedsManagementController.getNeedsByCategotyId(NeedsManagementController.java:56)
	at sun.reflect.NativeMethodAccessorImpl.invoke0(Native Method)
	at sun.reflect.NativeMethodAccessorImpl.invoke(NativeMethodAccessorImpl.java:62)
	at sun.reflect.DelegatingMethodAccessorImpl.invoke(DelegatingMethodAccessorImpl.java:43)
	at java.lang.reflect.Method.invoke(Method.java:498)
	at org.springframework.web.method.support.InvocableHandlerMethod.doInvoke(InvocableHandlerMethod.java:215)
	at org.springframework.web.method.support.InvocableHandlerMethod.invokeForRequest(InvocableHandlerMethod.java:142)
	at org.springframework.web.servlet.mvc.method.annotation.ServletInvocableHandlerMethod.invokeAndHandle(ServletInvocableHandlerMethod.java:102)
	at org.springframework.web.servlet.mvc.method.annotation.RequestMappingHandlerAdapter.invokeHandlerMethod(RequestMappingHandlerAdapter.java:895)
	at org.springframework.web.servlet.mvc.method.annotation.RequestMappingHandlerAdapter.handleInternal(RequestMappingHandlerAdapter.java:800)
	at org.springframework.web.servlet.mvc.method.AbstractHandlerMethodAdapter.handle(AbstractHandlerMethodAdapter.java:87)
	at org.springframework.web.servlet.DispatcherServlet.doDispatch(DispatcherServlet.java:1038)
	at org.springframework.web.servlet.DispatcherServlet.doService(DispatcherServlet.java:942)
	at org.springframework.web.servlet.FrameworkServlet.processRequest(FrameworkServlet.java:998)
	at org.springframework.web.servlet.FrameworkServlet.doGet(FrameworkServlet.java:890)
	at javax.servlet.http.HttpServlet.service(HttpServlet.java:634)
	at org.springframework.web.servlet.FrameworkServlet.service(FrameworkServlet.java:875)
	at javax.servlet.http.HttpServlet.service(HttpServlet.java:741)
	at org.apache.catalina.core.ApplicationFilterChain.internalDoFilter(ApplicationFilterChain.java:231)
	at org.apache.catalina.core.ApplicationFilterChain.doFilter(ApplicationFilterChain.java:166)
	at org.apache.tomcat.websocket.server.WsFilter.doFilter(WsFilter.java:53)
	at org.apache.catalina.core.ApplicationFilterChain.internalDoFilter(ApplicationFilterChain.java:193)
	at org.apache.catalina.core.ApplicationFilterChain.doFilter(ApplicationFilterChain.java:166)
	at com.ruider.filter.XssFilter.doFilter(XssFilter.java:37)
	at org.apache.catalina.core.ApplicationFilterChain.internalDoFilter(ApplicationFilterChain.java:193)
	at org.apache.catalina.core.ApplicationFilterChain.doFilter(ApplicationFilterChain.java:166)
	at org.springframework.web.filter.RequestContextFilter.doFilterInternal(RequestContextFilter.java:99)
	at org.springframework.web.filter.OncePerRequestFilter.doFilter(OncePerRequestFilter.java:107)
	at org.apache.catalina.core.ApplicationFilterChain.internalDoFilter(ApplicationFilterChain.java:193)
	at org.apache.catalina.core.ApplicationFilterChain.doFilter(ApplicationFilterChain.java:166)
	at org.springframework.web.filter.FormContentFilter.doFilterInternal(FormContentFilter.java:92)
	at org.springframework.web.filter.OncePerRequestFilter.doFilter(OncePerRequestFilter.java:107)
	at org.apache.catalina.core.ApplicationFilterChain.internalDoFilter(ApplicationFilterChain.java:193)
	at org.apache.catalina.core.ApplicationFilterChain.doFilter(ApplicationFilterChain.java:166)
	at org.springframework.web.filter.HiddenHttpMethodFilter.doFilterInternal(HiddenHttpMethodFilter.java:93)
	at org.springframework.web.filter.OncePerRequestFilter.doFilter(OncePerRequestFilter.java:107)
	at org.apache.catalina.core.ApplicationFilterChain.internalDoFilter(ApplicationFilterChain.java:193)
	at org.apache.catalina.core.ApplicationFilterChain.doFilter(ApplicationFilterChain.java:166)
	at org.springframework.web.filter.CharacterEncodingFilter.doFilterInternal(CharacterEncodingFilter.java:200)
	at org.springframework.web.filter.OncePerRequestFilter.doFilter(OncePerRequestFilter.java:107)
	at org.apache.catalina.core.ApplicationFilterChain.internalDoFilter(ApplicationFilterChain.java:193)
	at org.apache.catalina.core.ApplicationFilterChain.doFilter(ApplicationFilterChain.java:166)
	at org.apache.catalina.core.StandardWrapperValve.invoke(StandardWrapperValve.java:199)
	at org.apache.catalina.core.StandardContextValve.invoke(StandardContextValve.java:96)
	at org.apache.catalina.authenticator.AuthenticatorBase.invoke(AuthenticatorBase.java:490)
	at org.apache.catalina.core.StandardHostValve.invoke(StandardHostValve.java:139)
	at org.apache.catalina.valves.ErrorReportValve.invoke(ErrorReportValve.java:92)
	at org.apache.catalina.core.StandardEngineValve.invoke(StandardEngineValve.java:74)
	at org.apache.catalina.connector.CoyoteAdapter.service(CoyoteAdapter.java:343)
	at org.apache.coyote.http11.Http11Processor.service(Http11Processor.java:408)
	at org.apache.coyote.AbstractProcessorLight.process(AbstractProcessorLight.java:66)
	at org.apache.coyote.AbstractProtocol$ConnectionHandler.process(AbstractProtocol.java:770)
	at org.apache.tomcat.util.net.NioEndpoint$SocketProcessor.doRun(NioEndpoint.java:1415)
	at org.apache.tomcat.util.net.SocketProcessorBase.run(SocketProcessorBase.java:49)
	at java.util.concurrent.ThreadPoolExecutor.runWorker(ThreadPoolExecutor.java:1149)
	at java.util.concurrent.ThreadPoolExecutor$Worker.run(ThreadPoolExecutor.java:624)
	at org.apache.tomcat.util.threads.TaskThread$WrappingRunnable.run(TaskThread.java:61)
	at java.lang.Thread.run(Thread.java:748)
00:17:17.635 [http-nio-8080-exec-8] INFO  com.ruider.filter.XssFilter - 【自定义过滤器】 doFilter
00:17:17.636 [http-nio-8080-exec-8] INFO  c.r.c.NeedsManagementController - 【获取类型列表开始】 getNeedsByCategotyId start
00:17:17.638 [http-nio-8080-exec-8] ERROR c.r.c.NeedsManagementController - 【获取类型列表失败】 getNeedsByCategotyId fail
java.lang.ClassCastException: java.util.Date cannot be cast to java.sql.Date
	at com.ruider.service.impl.NeedsManagementServiceImpl.getNeedsByUserIdAndCategoryId(NeedsManagementServiceImpl.java:40)
	at com.ruider.controller.NeedsManagementController.getNeedsByCategotyId(NeedsManagementController.java:56)
	at sun.reflect.NativeMethodAccessorImpl.invoke0(Native Method)
	at sun.reflect.NativeMethodAccessorImpl.invoke(NativeMethodAccessorImpl.java:62)
	at sun.reflect.DelegatingMethodAccessorImpl.invoke(DelegatingMethodAccessorImpl.java:43)
	at java.lang.reflect.Method.invoke(Method.java:498)
	at org.springframework.web.method.support.InvocableHandlerMethod.doInvoke(InvocableHandlerMethod.java:215)
	at org.springframework.web.method.support.InvocableHandlerMethod.invokeForRequest(InvocableHandlerMethod.java:142)
	at org.springframework.web.servlet.mvc.method.annotation.ServletInvocableHandlerMethod.invokeAndHandle(ServletInvocableHandlerMethod.java:102)
	at org.springframework.web.servlet.mvc.method.annotation.RequestMappingHandlerAdapter.invokeHandlerMethod(RequestMappingHandlerAdapter.java:895)
	at org.springframework.web.servlet.mvc.method.annotation.RequestMappingHandlerAdapter.handleInternal(RequestMappingHandlerAdapter.java:800)
	at org.springframework.web.servlet.mvc.method.AbstractHandlerMethodAdapter.handle(AbstractHandlerMethodAdapter.java:87)
	at org.springframework.web.servlet.DispatcherServlet.doDispatch(DispatcherServlet.java:1038)
	at org.springframework.web.servlet.DispatcherServlet.doService(DispatcherServlet.java:942)
	at org.springframework.web.servlet.FrameworkServlet.processRequest(FrameworkServlet.java:998)
	at org.springframework.web.servlet.FrameworkServlet.doGet(FrameworkServlet.java:890)
	at javax.servlet.http.HttpServlet.service(HttpServlet.java:634)
	at org.springframework.web.servlet.FrameworkServlet.service(FrameworkServlet.java:875)
	at javax.servlet.http.HttpServlet.service(HttpServlet.java:741)
	at org.apache.catalina.core.ApplicationFilterChain.internalDoFilter(ApplicationFilterChain.java:231)
	at org.apache.catalina.core.ApplicationFilterChain.doFilter(ApplicationFilterChain.java:166)
	at org.apache.tomcat.websocket.server.WsFilter.doFilter(WsFilter.java:53)
	at org.apache.catalina.core.ApplicationFilterChain.internalDoFilter(ApplicationFilterChain.java:193)
	at org.apache.catalina.core.ApplicationFilterChain.doFilter(ApplicationFilterChain.java:166)
	at com.ruider.filter.XssFilter.doFilter(XssFilter.java:37)
	at org.apache.catalina.core.ApplicationFilterChain.internalDoFilter(ApplicationFilterChain.java:193)
	at org.apache.catalina.core.ApplicationFilterChain.doFilter(ApplicationFilterChain.java:166)
	at org.springframework.web.filter.RequestContextFilter.doFilterInternal(RequestContextFilter.java:99)
	at org.springframework.web.filter.OncePerRequestFilter.doFilter(OncePerRequestFilter.java:107)
	at org.apache.catalina.core.ApplicationFilterChain.internalDoFilter(ApplicationFilterChain.java:193)
	at org.apache.catalina.core.ApplicationFilterChain.doFilter(ApplicationFilterChain.java:166)
	at org.springframework.web.filter.FormContentFilter.doFilterInternal(FormContentFilter.java:92)
	at org.springframework.web.filter.OncePerRequestFilter.doFilter(OncePerRequestFilter.java:107)
	at org.apache.catalina.core.ApplicationFilterChain.internalDoFilter(ApplicationFilterChain.java:193)
	at org.apache.catalina.core.ApplicationFilterChain.doFilter(ApplicationFilterChain.java:166)
	at org.springframework.web.filter.HiddenHttpMethodFilter.doFilterInternal(HiddenHttpMethodFilter.java:93)
	at org.springframework.web.filter.OncePerRequestFilter.doFilter(OncePerRequestFilter.java:107)
	at org.apache.catalina.core.ApplicationFilterChain.internalDoFilter(ApplicationFilterChain.java:193)
	at org.apache.catalina.core.ApplicationFilterChain.doFilter(ApplicationFilterChain.java:166)
	at org.springframework.web.filter.CharacterEncodingFilter.doFilterInternal(CharacterEncodingFilter.java:200)
	at org.springframework.web.filter.OncePerRequestFilter.doFilter(OncePerRequestFilter.java:107)
	at org.apache.catalina.core.ApplicationFilterChain.internalDoFilter(ApplicationFilterChain.java:193)
	at org.apache.catalina.core.ApplicationFilterChain.doFilter(ApplicationFilterChain.java:166)
	at org.apache.catalina.core.StandardWrapperValve.invoke(StandardWrapperValve.java:199)
	at org.apache.catalina.core.StandardContextValve.invoke(StandardContextValve.java:96)
	at org.apache.catalina.authenticator.AuthenticatorBase.invoke(AuthenticatorBase.java:490)
	at org.apache.catalina.core.StandardHostValve.invoke(StandardHostValve.java:139)
	at org.apache.catalina.valves.ErrorReportValve.invoke(ErrorReportValve.java:92)
	at org.apache.catalina.core.StandardEngineValve.invoke(StandardEngineValve.java:74)
	at org.apache.catalina.connector.CoyoteAdapter.service(CoyoteAdapter.java:343)
	at org.apache.coyote.http11.Http11Processor.service(Http11Processor.java:408)
	at org.apache.coyote.AbstractProcessorLight.process(AbstractProcessorLight.java:66)
	at org.apache.coyote.AbstractProtocol$ConnectionHandler.process(AbstractProtocol.java:770)
	at org.apache.tomcat.util.net.NioEndpoint$SocketProcessor.doRun(NioEndpoint.java:1415)
	at org.apache.tomcat.util.net.SocketProcessorBase.run(SocketProcessorBase.java:49)
	at java.util.concurrent.ThreadPoolExecutor.runWorker(ThreadPoolExecutor.java:1149)
	at java.util.concurrent.ThreadPoolExecutor$Worker.run(ThreadPoolExecutor.java:624)
	at org.apache.tomcat.util.threads.TaskThread$WrappingRunnable.run(TaskThread.java:61)
	at java.lang.Thread.run(Thread.java:748)
00:17:19.778 [http-nio-8080-exec-9] INFO  com.ruider.filter.XssFilter - 【自定义过滤器】 doFilter
00:17:19.779 [http-nio-8080-exec-9] INFO  c.r.c.NeedsManagementController - 【获取用户所有列表开始】 getNeedsByUserId start
00:17:19.782 [http-nio-8080-exec-9] ERROR c.r.c.NeedsManagementController - 【获取用户所有列表失败】 getNeedsByUserId fail
java.lang.ClassCastException: java.util.Date cannot be cast to java.sql.Date
	at com.ruider.service.impl.NeedsManagementServiceImpl.getNeedsByUserId(NeedsManagementServiceImpl.java:28)
	at com.ruider.controller.NeedsManagementController.getNeedsByUserId(NeedsManagementController.java:37)
	at sun.reflect.NativeMethodAccessorImpl.invoke0(Native Method)
	at sun.reflect.NativeMethodAccessorImpl.invoke(NativeMethodAccessorImpl.java:62)
	at sun.reflect.DelegatingMethodAccessorImpl.invoke(DelegatingMethodAccessorImpl.java:43)
	at java.lang.reflect.Method.invoke(Method.java:498)
	at org.springframework.web.method.support.InvocableHandlerMethod.doInvoke(InvocableHandlerMethod.java:215)
	at org.springframework.web.method.support.InvocableHandlerMethod.invokeForRequest(InvocableHandlerMethod.java:142)
	at org.springframework.web.servlet.mvc.method.annotation.ServletInvocableHandlerMethod.invokeAndHandle(ServletInvocableHandlerMethod.java:102)
	at org.springframework.web.servlet.mvc.method.annotation.RequestMappingHandlerAdapter.invokeHandlerMethod(RequestMappingHandlerAdapter.java:895)
	at org.springframework.web.servlet.mvc.method.annotation.RequestMappingHandlerAdapter.handleInternal(RequestMappingHandlerAdapter.java:800)
	at org.springframework.web.servlet.mvc.method.AbstractHandlerMethodAdapter.handle(AbstractHandlerMethodAdapter.java:87)
	at org.springframework.web.servlet.DispatcherServlet.doDispatch(DispatcherServlet.java:1038)
	at org.springframework.web.servlet.DispatcherServlet.doService(DispatcherServlet.java:942)
	at org.springframework.web.servlet.FrameworkServlet.processRequest(FrameworkServlet.java:998)
	at org.springframework.web.servlet.FrameworkServlet.doGet(FrameworkServlet.java:890)
	at javax.servlet.http.HttpServlet.service(HttpServlet.java:634)
	at org.springframework.web.servlet.FrameworkServlet.service(FrameworkServlet.java:875)
	at javax.servlet.http.HttpServlet.service(HttpServlet.java:741)
	at org.apache.catalina.core.ApplicationFilterChain.internalDoFilter(ApplicationFilterChain.java:231)
	at org.apache.catalina.core.ApplicationFilterChain.doFilter(ApplicationFilterChain.java:166)
	at org.apache.tomcat.websocket.server.WsFilter.doFilter(WsFilter.java:53)
	at org.apache.catalina.core.ApplicationFilterChain.internalDoFilter(ApplicationFilterChain.java:193)
	at org.apache.catalina.core.ApplicationFilterChain.doFilter(ApplicationFilterChain.java:166)
	at com.ruider.filter.XssFilter.doFilter(XssFilter.java:37)
	at org.apache.catalina.core.ApplicationFilterChain.internalDoFilter(ApplicationFilterChain.java:193)
	at org.apache.catalina.core.ApplicationFilterChain.doFilter(ApplicationFilterChain.java:166)
	at org.springframework.web.filter.RequestContextFilter.doFilterInternal(RequestContextFilter.java:99)
	at org.springframework.web.filter.OncePerRequestFilter.doFilter(OncePerRequestFilter.java:107)
	at org.apache.catalina.core.ApplicationFilterChain.internalDoFilter(ApplicationFilterChain.java:193)
	at org.apache.catalina.core.ApplicationFilterChain.doFilter(ApplicationFilterChain.java:166)
	at org.springframework.web.filter.FormContentFilter.doFilterInternal(FormContentFilter.java:92)
	at org.springframework.web.filter.OncePerRequestFilter.doFilter(OncePerRequestFilter.java:107)
	at org.apache.catalina.core.ApplicationFilterChain.internalDoFilter(ApplicationFilterChain.java:193)
	at org.apache.catalina.core.ApplicationFilterChain.doFilter(ApplicationFilterChain.java:166)
	at org.springframework.web.filter.HiddenHttpMethodFilter.doFilterInternal(HiddenHttpMethodFilter.java:93)
	at org.springframework.web.filter.OncePerRequestFilter.doFilter(OncePerRequestFilter.java:107)
	at org.apache.catalina.core.ApplicationFilterChain.internalDoFilter(ApplicationFilterChain.java:193)
	at org.apache.catalina.core.ApplicationFilterChain.doFilter(ApplicationFilterChain.java:166)
	at org.springframework.web.filter.CharacterEncodingFilter.doFilterInternal(CharacterEncodingFilter.java:200)
	at org.springframework.web.filter.OncePerRequestFilter.doFilter(OncePerRequestFilter.java:107)
	at org.apache.catalina.core.ApplicationFilterChain.internalDoFilter(ApplicationFilterChain.java:193)
	at org.apache.catalina.core.ApplicationFilterChain.doFilter(ApplicationFilterChain.java:166)
	at org.apache.catalina.core.StandardWrapperValve.invoke(StandardWrapperValve.java:199)
	at org.apache.catalina.core.StandardContextValve.invoke(StandardContextValve.java:96)
	at org.apache.catalina.authenticator.AuthenticatorBase.invoke(AuthenticatorBase.java:490)
	at org.apache.catalina.core.StandardHostValve.invoke(StandardHostValve.java:139)
	at org.apache.catalina.valves.ErrorReportValve.invoke(ErrorReportValve.java:92)
	at org.apache.catalina.core.StandardEngineValve.invoke(StandardEngineValve.java:74)
	at org.apache.catalina.connector.CoyoteAdapter.service(CoyoteAdapter.java:343)
	at org.apache.coyote.http11.Http11Processor.service(Http11Processor.java:408)
	at org.apache.coyote.AbstractProcessorLight.process(AbstractProcessorLight.java:66)
	at org.apache.coyote.AbstractProtocol$ConnectionHandler.process(AbstractProtocol.java:770)
	at org.apache.tomcat.util.net.NioEndpoint$SocketProcessor.doRun(NioEndpoint.java:1415)
	at org.apache.tomcat.util.net.SocketProcessorBase.run(SocketProcessorBase.java:49)
	at java.util.concurrent.ThreadPoolExecutor.runWorker(ThreadPoolExecutor.java:1149)
	at java.util.concurrent.ThreadPoolExecutor$Worker.run(ThreadPoolExecutor.java:624)
	at org.apache.tomcat.util.threads.TaskThread$WrappingRunnable.run(TaskThread.java:61)
	at java.lang.Thread.run(Thread.java:748)
00:18:49.898 [Thread-3] INFO  o.s.s.c.ThreadPoolTaskExecutor - Shutting down ExecutorService 'applicationTaskExecutor'
00:18:49.899 [Thread-3] INFO  com.zaxxer.hikari.HikariDataSource - HikariPool-1 - Shutdown initiated...
00:18:49.908 [Thread-3] INFO  com.zaxxer.hikari.HikariDataSource - HikariPool-1 - Shutdown completed.
00:18:53.739 [main] INFO  com.ruider.Application - Starting Application on admindeMacBook-Pro.local with PID 10333 (/Users/mahede/ruider/MyProject/RuiDerWX/target/classes started by mahede in /Users/mahede/ruider/MyProject/RuiDerWX)
00:18:53.742 [main] INFO  com.ruider.Application - No active profile set, falling back to default profiles: default
00:18:54.335 [main] INFO  o.s.d.r.c.RepositoryConfigurationDelegate - Multiple Spring Data modules found, entering strict repository configuration mode!
00:18:54.336 [main] INFO  o.s.d.r.c.RepositoryConfigurationDelegate - Bootstrapping Spring Data repositories in DEFAULT mode.
00:18:54.360 [main] INFO  o.s.d.r.c.RepositoryConfigurationDelegate - Finished Spring Data repository scanning in 14ms. Found 0 repository interfaces.
00:18:54.718 [main] INFO  o.s.c.s.PostProcessorRegistrationDelegate$BeanPostProcessorChecker - Bean 'org.springframework.transaction.annotation.ProxyTransactionManagementConfiguration' of type [org.springframework.transaction.annotation.ProxyTransactionManagementConfiguration$$EnhancerBySpringCGLIB$$84f7773b] is not eligible for getting processed by all BeanPostProcessors (for example: not eligible for auto-proxying)
00:18:55.000 [main] INFO  o.s.b.w.e.tomcat.TomcatWebServer - Tomcat initialized with port(s): 8080 (http)
00:18:55.024 [main] INFO  o.a.coyote.http11.Http11NioProtocol - Initializing ProtocolHandler ["http-nio-8080"]
00:18:55.028 [main] INFO  o.a.catalina.core.StandardService - Starting service [Tomcat]
00:18:55.029 [main] INFO  o.a.catalina.core.StandardEngine - Starting Servlet Engine: Apache Tomcat/9.0.12
00:18:55.035 [main] INFO  o.a.c.core.AprLifecycleListener - The APR based Apache Tomcat Native library which allows optimal performance in production environments was not found on the java.library.path: [/Users/mahede/Library/Java/Extensions:/Library/Java/Extensions:/Network/Library/Java/Extensions:/System/Library/Java/Extensions:/usr/lib/java:.]
00:18:55.105 [main] INFO  o.a.c.c.C.[Tomcat].[localhost].[/] - Initializing Spring embedded WebApplicationContext
00:18:55.105 [main] INFO  o.s.web.context.ContextLoader - Root WebApplicationContext: initialization completed in 1298 ms
00:18:55.141 [main] INFO  o.s.b.w.s.ServletRegistrationBean - Servlet dispatcherServlet mapped to [/]
00:18:55.144 [main] INFO  o.s.b.w.s.FilterRegistrationBean - Mapping filter: 'characterEncodingFilter' to: [/*]
00:18:55.144 [main] INFO  o.s.b.w.s.FilterRegistrationBean - Mapping filter: 'hiddenHttpMethodFilter' to: [/*]
00:18:55.144 [main] INFO  o.s.b.w.s.FilterRegistrationBean - Mapping filter: 'formContentFilter' to: [/*]
00:18:55.144 [main] INFO  o.s.b.w.s.FilterRegistrationBean - Mapping filter: 'requestContextFilter' to: [/*]
00:18:55.144 [main] INFO  o.s.b.w.s.FilterRegistrationBean - Mapping filter: 'com.ruider.filter.XssFilter' to urls: [/*]
00:18:55.468 [main] INFO  o.s.s.c.ThreadPoolTaskExecutor - Initializing ExecutorService 'applicationTaskExecutor'
00:18:55.908 [main] INFO  o.a.coyote.http11.Http11NioProtocol - Starting ProtocolHandler ["http-nio-8080"]
00:18:55.932 [main] INFO  o.a.tomcat.util.net.NioSelectorPool - Using a shared selector for servlet write/read
00:18:55.943 [main] INFO  o.s.b.w.e.tomcat.TomcatWebServer - Tomcat started on port(s): 8080 (http) with context path ''
00:18:55.947 [main] INFO  com.ruider.Application - Started Application in 2.871 seconds (JVM running for 3.292)
00:18:58.831 [http-nio-8080-exec-1] INFO  o.a.c.c.C.[Tomcat].[localhost].[/] - Initializing Spring DispatcherServlet 'dispatcherServlet'
00:18:58.832 [http-nio-8080-exec-1] INFO  o.s.web.servlet.DispatcherServlet - Initializing Servlet 'dispatcherServlet'
00:18:58.837 [http-nio-8080-exec-1] INFO  o.s.web.servlet.DispatcherServlet - Completed initialization in 5 ms
00:18:58.842 [http-nio-8080-exec-1] INFO  com.ruider.filter.XssFilter - 【自定义过滤器】 doFilter
00:18:58.859 [http-nio-8080-exec-1] INFO  c.r.c.NeedsManagementController - 【获取类型列表开始】 getNeedsByCategotyId start
00:18:58.871 [http-nio-8080-exec-1] INFO  com.zaxxer.hikari.HikariDataSource - HikariPool-1 - Starting...
00:18:58.872 [http-nio-8080-exec-1] WARN  c.z.hikari.util.DriverDataSource - Registered driver with driverClassName=com.mysql.jdbc.Driver was not found, trying direct instantiation.
00:18:59.149 [http-nio-8080-exec-1] INFO  com.zaxxer.hikari.HikariDataSource - HikariPool-1 - Start completed.
00:18:59.186 [http-nio-8080-exec-1] INFO  c.r.c.NeedsManagementController - 【获取类型列表成功】 getNeedsByCategotyId success
00:19:01.665 [http-nio-8080-exec-2] INFO  com.ruider.filter.XssFilter - 【自定义过滤器】 doFilter
00:19:01.667 [http-nio-8080-exec-2] INFO  c.r.c.NeedsManagementController - 【获取类型列表开始】 getNeedsByCategotyId start
00:19:01.670 [http-nio-8080-exec-2] INFO  c.r.c.NeedsManagementController - 【获取类型列表成功】 getNeedsByCategotyId success
00:22:55.852 [http-nio-8080-exec-4] INFO  com.ruider.filter.XssFilter - 【自定义过滤器】 doFilter
00:22:55.888 [http-nio-8080-exec-4] INFO  com.ruider.controller.UserController - addUserInfoIfNoSaved start
00:22:55.894 [http-nio-8080-exec-4] INFO  com.ruider.controller.UserController - 【用户信息已存在】addUserInfoIfNoSaved fail
00:22:57.862 [http-nio-8080-exec-5] INFO  com.ruider.filter.XssFilter - 【自定义过滤器】 doFilter
00:22:57.863 [http-nio-8080-exec-5] INFO  c.r.c.NeedsManagementController - 【获取类型列表开始】 getNeedsByCategotyId start
00:22:57.868 [http-nio-8080-exec-5] INFO  c.r.c.NeedsManagementController - 【获取类型列表成功】 getNeedsByCategotyId success
00:23:01.193 [http-nio-8080-exec-6] INFO  com.ruider.filter.XssFilter - 【自定义过滤器】 doFilter
00:23:01.194 [http-nio-8080-exec-6] INFO  c.r.c.NeedsManagementController - 【获取用户所有列表开始】 getNeedsByUserId start
00:23:01.202 [http-nio-8080-exec-6] INFO  c.r.c.NeedsManagementController - 【获取用户所有列表成功】 getNeedsByUserId success
00:27:40.719 [http-nio-8080-exec-8] INFO  com.ruider.filter.XssFilter - 【自定义过滤器】 doFilter
00:27:40.721 [http-nio-8080-exec-8] INFO  com.ruider.controller.UserController - addUserInfoIfNoSaved start
00:27:40.724 [http-nio-8080-exec-8] INFO  com.ruider.controller.UserController - 【用户信息已存在】addUserInfoIfNoSaved fail
00:27:42.468 [http-nio-8080-exec-9] INFO  com.ruider.filter.XssFilter - 【自定义过滤器】 doFilter
00:27:42.469 [http-nio-8080-exec-9] INFO  c.r.c.NeedsManagementController - 【获取类型列表开始】 getNeedsByCategotyId start
00:27:42.472 [http-nio-8080-exec-9] INFO  c.r.c.NeedsManagementController - 【获取类型列表成功】 getNeedsByCategotyId success
00:27:44.032 [http-nio-8080-exec-10] INFO  com.ruider.filter.XssFilter - 【自定义过滤器】 doFilter
00:27:44.033 [http-nio-8080-exec-10] INFO  c.r.c.NeedsManagementController - 【获取需求信息开始】 getNeedsDetailsById start
00:27:44.036 [http-nio-8080-exec-10] INFO  c.r.c.NeedsManagementController - 【获取需求信息成功】 getNeedsDetailsById success
00:28:23.217 [http-nio-8080-exec-1] INFO  com.ruider.filter.XssFilter - 【自定义过滤器】 doFilter
00:28:23.219 [http-nio-8080-exec-1] INFO  com.ruider.controller.UserController - addUserInfoIfNoSaved start
00:28:23.221 [http-nio-8080-exec-1] INFO  com.ruider.controller.UserController - 【用户信息已存在】addUserInfoIfNoSaved fail
00:28:40.081 [http-nio-8080-exec-2] INFO  com.ruider.filter.XssFilter - 【自定义过滤器】 doFilter
00:28:40.083 [http-nio-8080-exec-2] INFO  com.ruider.controller.UserController - addUserInfoIfNoSaved start
00:28:40.085 [http-nio-8080-exec-2] INFO  com.ruider.controller.UserController - 【用户信息已存在】addUserInfoIfNoSaved fail
00:28:50.226 [http-nio-8080-exec-3] INFO  com.ruider.filter.XssFilter - 【自定义过滤器】 doFilter
00:28:50.228 [http-nio-8080-exec-3] INFO  com.ruider.controller.UserController - addUserInfoIfNoSaved start
00:28:50.230 [http-nio-8080-exec-3] INFO  com.ruider.controller.UserController - 【用户信息已存在】addUserInfoIfNoSaved fail
00:29:07.713 [http-nio-8080-exec-4] INFO  com.ruider.filter.XssFilter - 【自定义过滤器】 doFilter
00:29:07.715 [http-nio-8080-exec-4] INFO  com.ruider.controller.UserController - addUserInfoIfNoSaved start
00:29:07.717 [http-nio-8080-exec-4] INFO  com.ruider.controller.UserController - 【用户信息已存在】addUserInfoIfNoSaved fail
00:29:12.759 [http-nio-8080-exec-5] INFO  com.ruider.filter.XssFilter - 【自定义过滤器】 doFilter
00:29:12.760 [http-nio-8080-exec-5] INFO  c.r.c.NeedsManagementController - 【获取用户所有列表开始】 getNeedsByUserId start
00:29:12.764 [http-nio-8080-exec-5] INFO  c.r.c.NeedsManagementController - 【获取用户所有列表成功】 getNeedsByUserId success
00:31:11.573 [http-nio-8080-exec-7] INFO  com.ruider.filter.XssFilter - 【自定义过滤器】 doFilter
00:31:11.574 [http-nio-8080-exec-7] INFO  c.r.c.NeedsManagementController - 【获取用户所有列表开始】 getNeedsByUserId start
00:31:11.577 [http-nio-8080-exec-7] INFO  c.r.c.NeedsManagementController - 【获取用户所有列表成功】 getNeedsByUserId success
00:34:44.152 [http-nio-8080-exec-9] INFO  com.ruider.filter.XssFilter - 【自定义过滤器】 doFilter
00:34:44.154 [http-nio-8080-exec-9] INFO  com.ruider.controller.UserController - addUserInfoIfNoSaved start
00:34:44.156 [http-nio-8080-exec-9] INFO  com.ruider.controller.UserController - 【用户信息已存在】addUserInfoIfNoSaved fail
00:34:46.338 [http-nio-8080-exec-10] INFO  com.ruider.filter.XssFilter - 【自定义过滤器】 doFilter
00:34:46.339 [http-nio-8080-exec-10] INFO  c.r.c.NeedsManagementController - 【获取用户所有列表开始】 getNeedsByUserId start
00:34:46.342 [http-nio-8080-exec-10] INFO  c.r.c.NeedsManagementController - 【获取用户所有列表成功】 getNeedsByUserId success
00:35:00.372 [http-nio-8080-exec-1] INFO  com.ruider.filter.XssFilter - 【自定义过滤器】 doFilter
00:35:00.374 [http-nio-8080-exec-1] INFO  com.ruider.controller.UserController - addUserInfoIfNoSaved start
00:35:00.376 [http-nio-8080-exec-1] INFO  com.ruider.controller.UserController - 【用户信息已存在】addUserInfoIfNoSaved fail
00:35:01.838 [http-nio-8080-exec-2] INFO  com.ruider.filter.XssFilter - 【自定义过滤器】 doFilter
00:35:01.839 [http-nio-8080-exec-2] INFO  c.r.c.NeedsManagementController - 【获取用户所有列表开始】 getNeedsByUserId start
00:35:01.842 [http-nio-8080-exec-2] INFO  c.r.c.NeedsManagementController - 【获取用户所有列表成功】 getNeedsByUserId success
00:35:10.896 [http-nio-8080-exec-3] INFO  com.ruider.filter.XssFilter - 【自定义过滤器】 doFilter
00:35:10.897 [http-nio-8080-exec-3] INFO  c.r.c.NeedsManagementController - 【获取类型列表开始】 getNeedsByCategotyId start
00:35:10.900 [http-nio-8080-exec-3] INFO  c.r.c.NeedsManagementController - 【获取类型列表成功】 getNeedsByCategotyId success
00:38:58.486 [http-nio-8080-exec-5] INFO  com.ruider.filter.XssFilter - 【自定义过滤器】 doFilter
00:38:58.488 [http-nio-8080-exec-5] INFO  com.ruider.controller.UserController - addUserInfoIfNoSaved start
00:38:58.490 [http-nio-8080-exec-5] INFO  com.ruider.controller.UserController - 【用户信息已存在】addUserInfoIfNoSaved fail
00:39:02.454 [http-nio-8080-exec-6] INFO  com.ruider.filter.XssFilter - 【自定义过滤器】 doFilter
00:39:02.454 [http-nio-8080-exec-6] INFO  c.r.c.NeedsManagementController - 【获取用户所有列表开始】 getNeedsByUserId start
00:39:02.457 [http-nio-8080-exec-6] INFO  c.r.c.NeedsManagementController - 【获取用户所有列表成功】 getNeedsByUserId success
00:41:42.804 [http-nio-8080-exec-8] INFO  com.ruider.filter.XssFilter - 【自定义过滤器】 doFilter
00:41:42.806 [http-nio-8080-exec-8] INFO  com.ruider.controller.UserController - addUserInfoIfNoSaved start
00:41:42.808 [http-nio-8080-exec-8] INFO  com.ruider.controller.UserController - 【用户信息已存在】addUserInfoIfNoSaved fail
00:41:44.784 [http-nio-8080-exec-9] INFO  com.ruider.filter.XssFilter - 【自定义过滤器】 doFilter
00:41:44.785 [http-nio-8080-exec-9] INFO  c.r.c.NeedsManagementController - 【获取用户所有列表开始】 getNeedsByUserId start
00:41:44.788 [http-nio-8080-exec-9] INFO  c.r.c.NeedsManagementController - 【获取用户所有列表成功】 getNeedsByUserId success
00:42:48.171 [http-nio-8080-exec-1] INFO  com.ruider.filter.XssFilter - 【自定义过滤器】 doFilter
00:42:48.172 [http-nio-8080-exec-1] INFO  com.ruider.controller.UserController - addUserInfoIfNoSaved start
00:42:48.174 [http-nio-8080-exec-1] INFO  com.ruider.controller.UserController - 【用户信息已存在】addUserInfoIfNoSaved fail
00:42:49.770 [http-nio-8080-exec-2] INFO  com.ruider.filter.XssFilter - 【自定义过滤器】 doFilter
00:42:49.771 [http-nio-8080-exec-2] INFO  c.r.c.NeedsManagementController - 【获取用户所有列表开始】 getNeedsByUserId start
00:42:49.774 [http-nio-8080-exec-2] INFO  c.r.c.NeedsManagementController - 【获取用户所有列表成功】 getNeedsByUserId success
00:43:00.513 [http-nio-8080-exec-3] INFO  com.ruider.filter.XssFilter - 【自定义过滤器】 doFilter
00:43:00.514 [http-nio-8080-exec-3] INFO  c.r.c.NeedsManagementController - 【获取类型列表开始】 getNeedsByCategotyId start
00:43:00.517 [http-nio-8080-exec-3] INFO  c.r.c.NeedsManagementController - 【获取类型列表成功】 getNeedsByCategotyId success
00:43:04.890 [http-nio-8080-exec-4] INFO  com.ruider.filter.XssFilter - 【自定义过滤器】 doFilter
00:43:04.891 [http-nio-8080-exec-4] INFO  c.r.c.NeedsManagementController - 【获取用户所有列表开始】 getNeedsByUserId start
00:43:04.893 [http-nio-8080-exec-4] INFO  c.r.c.NeedsManagementController - 【获取用户所有列表成功】 getNeedsByUserId success
00:43:51.003 [http-nio-8080-exec-5] INFO  com.ruider.filter.XssFilter - 【自定义过滤器】 doFilter
00:43:51.004 [http-nio-8080-exec-5] INFO  com.ruider.controller.UserController - addUserInfoIfNoSaved start
00:43:51.007 [http-nio-8080-exec-5] INFO  com.ruider.controller.UserController - 【用户信息已存在】addUserInfoIfNoSaved fail
00:43:52.934 [http-nio-8080-exec-6] INFO  com.ruider.filter.XssFilter - 【自定义过滤器】 doFilter
00:43:52.934 [http-nio-8080-exec-6] INFO  c.r.c.NeedsManagementController - 【获取用户所有列表开始】 getNeedsByUserId start
00:43:52.937 [http-nio-8080-exec-6] INFO  c.r.c.NeedsManagementController - 【获取用户所有列表成功】 getNeedsByUserId success
00:55:20.455 [http-nio-8080-exec-8] INFO  com.ruider.filter.XssFilter - 【自定义过滤器】 doFilter
00:55:20.457 [http-nio-8080-exec-8] INFO  com.ruider.controller.UserController - addUserInfoIfNoSaved start
00:55:20.461 [http-nio-8080-exec-8] INFO  com.ruider.controller.UserController - 【用户信息已存在】addUserInfoIfNoSaved fail
00:55:56.999 [http-nio-8080-exec-9] INFO  com.ruider.filter.XssFilter - 【自定义过滤器】 doFilter
00:55:57.001 [http-nio-8080-exec-9] INFO  com.ruider.controller.UserController - addUserInfoIfNoSaved start
00:55:57.003 [http-nio-8080-exec-9] INFO  com.ruider.controller.UserController - 【用户信息已存在】addUserInfoIfNoSaved fail
00:55:58.685 [http-nio-8080-exec-10] INFO  com.ruider.filter.XssFilter - 【自定义过滤器】 doFilter
00:55:58.686 [http-nio-8080-exec-10] INFO  c.r.c.NeedsManagementController - 【获取类型列表开始】 getNeedsByCategotyId start
00:55:58.688 [http-nio-8080-exec-10] INFO  c.r.c.NeedsManagementController - 【获取类型列表成功】 getNeedsByCategotyId success
00:56:02.785 [http-nio-8080-exec-1] INFO  com.ruider.filter.XssFilter - 【自定义过滤器】 doFilter
00:56:02.786 [http-nio-8080-exec-1] INFO  c.r.c.NeedsManagementController - 【获取用户所有列表开始】 getNeedsByUserId start
00:56:02.789 [http-nio-8080-exec-1] INFO  c.r.c.NeedsManagementController - 【获取用户所有列表成功】 getNeedsByUserId success
00:56:19.340 [http-nio-8080-exec-2] INFO  com.ruider.filter.XssFilter - 【自定义过滤器】 doFilter
00:56:19.340 [http-nio-8080-exec-2] INFO  c.r.c.NeedsManagementController - 【获取需求信息开始】 getNeedsDetailsById start
00:56:19.343 [http-nio-8080-exec-2] INFO  c.r.c.NeedsManagementController - 【获取需求信息成功】 getNeedsDetailsById success
00:56:55.603 [http-nio-8080-exec-3] INFO  com.ruider.filter.XssFilter - 【自定义过滤器】 doFilter
00:56:55.604 [http-nio-8080-exec-3] INFO  c.r.c.NeedsManagementController - 【获取类型列表开始】 getNeedsByCategotyId start
00:56:55.606 [http-nio-8080-exec-3] INFO  c.r.c.NeedsManagementController - 【获取类型列表成功】 getNeedsByCategotyId success
00:56:56.747 [http-nio-8080-exec-4] INFO  com.ruider.filter.XssFilter - 【自定义过滤器】 doFilter
00:56:56.748 [http-nio-8080-exec-4] INFO  c.r.c.NeedsManagementController - 【获取需求信息开始】 getNeedsDetailsById start
00:56:56.750 [http-nio-8080-exec-4] INFO  c.r.c.NeedsManagementController - 【获取需求信息成功】 getNeedsDetailsById success
00:59:24.681 [http-nio-8080-exec-6] INFO  com.ruider.filter.XssFilter - 【自定义过滤器】 doFilter
00:59:24.682 [http-nio-8080-exec-6] INFO  com.ruider.controller.UserController - addUserInfoIfNoSaved start
00:59:24.683 [http-nio-8080-exec-6] INFO  com.ruider.controller.UserController - 【用户信息已存在】addUserInfoIfNoSaved fail
01:00:37.222 [http-nio-8080-exec-8] INFO  com.ruider.filter.XssFilter - 【自定义过滤器】 doFilter
01:00:37.223 [http-nio-8080-exec-8] INFO  com.ruider.controller.UserController - addUserInfoIfNoSaved start
01:00:37.228 [http-nio-8080-exec-8] INFO  com.ruider.controller.UserController - 【用户信息已存在】addUserInfoIfNoSaved fail
01:02:57.349 [http-nio-8080-exec-10] INFO  com.ruider.filter.XssFilter - 【自定义过滤器】 doFilter
01:02:57.350 [http-nio-8080-exec-10] INFO  com.ruider.controller.UserController - addUserInfoIfNoSaved start
01:02:57.352 [http-nio-8080-exec-10] INFO  com.ruider.controller.UserController - 【用户信息已存在】addUserInfoIfNoSaved fail
01:03:52.132 [http-nio-8080-exec-1] INFO  com.ruider.filter.XssFilter - 【自定义过滤器】 doFilter
01:03:52.134 [http-nio-8080-exec-1] INFO  com.ruider.controller.UserController - addUserInfoIfNoSaved start
01:03:52.136 [http-nio-8080-exec-1] INFO  com.ruider.controller.UserController - 【用户信息已存在】addUserInfoIfNoSaved fail
01:04:34.599 [http-nio-8080-exec-2] INFO  com.ruider.filter.XssFilter - 【自定义过滤器】 doFilter
01:04:34.600 [http-nio-8080-exec-2] INFO  c.r.c.NeedsManagementController - 【新增需求开始】 addNeeds start
01:04:34.656 [http-nio-8080-exec-2] INFO  c.r.c.NeedsManagementController - 【新增需求成功】 addNeeds success
01:06:17.810 [http-nio-8080-exec-4] INFO  com.ruider.filter.XssFilter - 【自定义过滤器】 doFilter
01:06:17.811 [http-nio-8080-exec-4] INFO  com.ruider.controller.UserController - addUserInfoIfNoSaved start
01:06:17.813 [http-nio-8080-exec-4] INFO  com.ruider.controller.UserController - 【用户信息已存在】addUserInfoIfNoSaved fail
01:06:19.337 [http-nio-8080-exec-5] INFO  com.ruider.filter.XssFilter - 【自定义过滤器】 doFilter
01:06:19.338 [http-nio-8080-exec-5] INFO  c.r.c.NeedsManagementController - 【获取类型列表开始】 getNeedsByCategotyId start
01:06:19.341 [http-nio-8080-exec-5] INFO  c.r.c.NeedsManagementController - 【获取类型列表成功】 getNeedsByCategotyId success
01:06:20.610 [http-nio-8080-exec-6] INFO  com.ruider.filter.XssFilter - 【自定义过滤器】 doFilter
01:06:20.610 [http-nio-8080-exec-6] INFO  c.r.c.NeedsManagementController - 【获取需求信息开始】 getNeedsDetailsById start
01:06:20.612 [http-nio-8080-exec-6] INFO  c.r.c.NeedsManagementController - 【获取需求信息成功】 getNeedsDetailsById success
01:06:51.681 [http-nio-8080-exec-7] INFO  com.ruider.filter.XssFilter - 【自定义过滤器】 doFilter
01:06:51.682 [http-nio-8080-exec-7] INFO  com.ruider.controller.UserController - addUserInfoIfNoSaved start
01:06:51.684 [http-nio-8080-exec-7] INFO  com.ruider.controller.UserController - 【用户信息已存在】addUserInfoIfNoSaved fail
01:06:56.652 [http-nio-8080-exec-8] INFO  com.ruider.filter.XssFilter - 【自定义过滤器】 doFilter
01:06:56.652 [http-nio-8080-exec-8] INFO  c.r.c.NeedsManagementController - 【获取类型列表开始】 getNeedsByCategotyId start
01:06:56.655 [http-nio-8080-exec-8] INFO  c.r.c.NeedsManagementController - 【获取类型列表成功】 getNeedsByCategotyId success
01:06:57.689 [http-nio-8080-exec-9] INFO  com.ruider.filter.XssFilter - 【自定义过滤器】 doFilter
01:06:57.690 [http-nio-8080-exec-9] INFO  c.r.c.NeedsManagementController - 【获取需求信息开始】 getNeedsDetailsById start
01:06:57.692 [http-nio-8080-exec-9] INFO  c.r.c.NeedsManagementController - 【获取需求信息成功】 getNeedsDetailsById success
01:08:07.216 [http-nio-8080-exec-1] INFO  com.ruider.filter.XssFilter - 【自定义过滤器】 doFilter
01:08:07.217 [http-nio-8080-exec-1] INFO  com.ruider.controller.UserController - addUserInfoIfNoSaved start
01:08:07.219 [http-nio-8080-exec-1] INFO  com.ruider.controller.UserController - 【用户信息已存在】addUserInfoIfNoSaved fail
01:08:08.532 [http-nio-8080-exec-2] INFO  com.ruider.filter.XssFilter - 【自定义过滤器】 doFilter
01:08:08.533 [http-nio-8080-exec-2] INFO  c.r.c.NeedsManagementController - 【获取类型列表开始】 getNeedsByCategotyId start
01:08:08.535 [http-nio-8080-exec-2] INFO  c.r.c.NeedsManagementController - 【获取类型列表成功】 getNeedsByCategotyId success
01:08:09.650 [http-nio-8080-exec-3] INFO  com.ruider.filter.XssFilter - 【自定义过滤器】 doFilter
01:08:09.650 [http-nio-8080-exec-3] INFO  c.r.c.NeedsManagementController - 【获取需求信息开始】 getNeedsDetailsById start
01:08:09.652 [http-nio-8080-exec-3] INFO  c.r.c.NeedsManagementController - 【获取需求信息成功】 getNeedsDetailsById success
01:10:51.566 [http-nio-8080-exec-5] INFO  com.ruider.filter.XssFilter - 【自定义过滤器】 doFilter
01:10:51.568 [http-nio-8080-exec-5] INFO  com.ruider.controller.UserController - addUserInfoIfNoSaved start
01:10:51.571 [http-nio-8080-exec-5] INFO  com.ruider.controller.UserController - 【用户信息已存在】addUserInfoIfNoSaved fail
01:10:53.542 [http-nio-8080-exec-6] INFO  com.ruider.filter.XssFilter - 【自定义过滤器】 doFilter
01:10:53.542 [http-nio-8080-exec-6] INFO  c.r.c.NeedsManagementController - 【获取类型列表开始】 getNeedsByCategotyId start
01:10:53.545 [http-nio-8080-exec-6] INFO  c.r.c.NeedsManagementController - 【获取类型列表成功】 getNeedsByCategotyId success
01:10:54.483 [http-nio-8080-exec-7] INFO  com.ruider.filter.XssFilter - 【自定义过滤器】 doFilter
01:10:54.483 [http-nio-8080-exec-7] INFO  c.r.c.NeedsManagementController - 【获取需求信息开始】 getNeedsDetailsById start
01:10:54.485 [http-nio-8080-exec-7] INFO  c.r.c.NeedsManagementController - 【获取需求信息成功】 getNeedsDetailsById success
01:11:25.583 [http-nio-8080-exec-8] INFO  com.ruider.filter.XssFilter - 【自定义过滤器】 doFilter
01:11:25.585 [http-nio-8080-exec-8] INFO  com.ruider.controller.UserController - addUserInfoIfNoSaved start
01:11:25.586 [http-nio-8080-exec-8] INFO  com.ruider.controller.UserController - 【用户信息已存在】addUserInfoIfNoSaved fail
01:11:40.582 [http-nio-8080-exec-9] INFO  com.ruider.filter.XssFilter - 【自定义过滤器】 doFilter
01:11:40.583 [http-nio-8080-exec-9] INFO  c.r.c.NeedsManagementController - 【获取类型列表开始】 getNeedsByCategotyId start
01:11:40.585 [http-nio-8080-exec-9] INFO  c.r.c.NeedsManagementController - 【获取类型列表成功】 getNeedsByCategotyId success
01:11:41.702 [http-nio-8080-exec-10] INFO  com.ruider.filter.XssFilter - 【自定义过滤器】 doFilter
01:11:41.702 [http-nio-8080-exec-10] INFO  c.r.c.NeedsManagementController - 【获取需求信息开始】 getNeedsDetailsById start
01:11:41.704 [http-nio-8080-exec-10] INFO  c.r.c.NeedsManagementController - 【获取需求信息成功】 getNeedsDetailsById success
01:12:39.489 [http-nio-8080-exec-1] INFO  com.ruider.filter.XssFilter - 【自定义过滤器】 doFilter
01:12:39.490 [http-nio-8080-exec-1] INFO  c.r.c.NeedsManagementController - 【修改需求开始】 editNeeds start
01:12:39.541 [http-nio-8080-exec-1] INFO  c.r.c.NeedsManagementController - 【修改需求成功】 editNeeds success
01:15:16.624 [http-nio-8080-exec-3] INFO  com.ruider.filter.XssFilter - 【自定义过滤器】 doFilter
01:15:16.625 [http-nio-8080-exec-3] INFO  com.ruider.controller.UserController - addUserInfoIfNoSaved start
01:15:16.627 [http-nio-8080-exec-3] INFO  com.ruider.controller.UserController - 【用户信息已存在】addUserInfoIfNoSaved fail
01:15:19.209 [http-nio-8080-exec-4] INFO  com.ruider.filter.XssFilter - 【自定义过滤器】 doFilter
01:15:19.209 [http-nio-8080-exec-4] INFO  c.r.c.NeedsManagementController - 【获取类型列表开始】 getNeedsByCategotyId start
01:15:19.211 [http-nio-8080-exec-4] INFO  c.r.c.NeedsManagementController - 【获取类型列表成功】 getNeedsByCategotyId success
01:15:20.277 [http-nio-8080-exec-5] INFO  com.ruider.filter.XssFilter - 【自定义过滤器】 doFilter
01:15:20.278 [http-nio-8080-exec-5] INFO  c.r.c.NeedsManagementController - 【获取需求信息开始】 getNeedsDetailsById start
01:15:20.279 [http-nio-8080-exec-5] INFO  c.r.c.NeedsManagementController - 【获取需求信息成功】 getNeedsDetailsById success
01:15:28.201 [http-nio-8080-exec-6] INFO  com.ruider.filter.XssFilter - 【自定义过滤器】 doFilter
01:15:28.202 [http-nio-8080-exec-6] INFO  c.r.c.NeedsManagementController - 【获取需求信息开始】 getNeedsDetailsById start
01:15:28.204 [http-nio-8080-exec-6] INFO  c.r.c.NeedsManagementController - 【获取需求信息成功】 getNeedsDetailsById success
01:16:19.974 [http-nio-8080-exec-7] INFO  com.ruider.filter.XssFilter - 【自定义过滤器】 doFilter
01:16:19.975 [http-nio-8080-exec-7] INFO  c.r.c.NeedsManagementController - 【新增需求开始】 addNeeds start
01:16:20.061 [http-nio-8080-exec-7] INFO  c.r.c.NeedsManagementController - 【新增需求成功】 addNeeds success
01:16:22.692 [http-nio-8080-exec-8] INFO  com.ruider.filter.XssFilter - 【自定义过滤器】 doFilter
01:16:22.692 [http-nio-8080-exec-8] INFO  c.r.c.NeedsManagementController - 【获取用户所有列表开始】 getNeedsByUserId start
01:16:22.695 [http-nio-8080-exec-8] INFO  c.r.c.NeedsManagementController - 【获取用户所有列表成功】 getNeedsByUserId success
01:16:35.743 [http-nio-8080-exec-9] INFO  com.ruider.filter.XssFilter - 【自定义过滤器】 doFilter
01:16:35.744 [http-nio-8080-exec-9] INFO  c.r.c.NeedsManagementController - 【获取需求信息开始】 getNeedsDetailsById start
01:16:35.746 [http-nio-8080-exec-9] INFO  c.r.c.NeedsManagementController - 【获取需求信息成功】 getNeedsDetailsById success
01:17:09.550 [http-nio-8080-exec-10] INFO  com.ruider.filter.XssFilter - 【自定义过滤器】 doFilter
01:17:09.550 [http-nio-8080-exec-10] INFO  c.r.c.NeedsManagementController - 【获取用户所有列表开始】 getNeedsByUserId start
01:17:09.553 [http-nio-8080-exec-10] INFO  c.r.c.NeedsManagementController - 【获取用户所有列表成功】 getNeedsByUserId success
01:17:53.060 [http-nio-8080-exec-1] INFO  com.ruider.filter.XssFilter - 【自定义过滤器】 doFilter
01:17:53.061 [http-nio-8080-exec-1] INFO  c.r.c.NeedsManagementController - 【获取用户所有列表开始】 getNeedsByUserId start
01:17:53.064 [http-nio-8080-exec-1] INFO  c.r.c.NeedsManagementController - 【获取用户所有列表成功】 getNeedsByUserId success
01:17:57.596 [http-nio-8080-exec-2] INFO  com.ruider.filter.XssFilter - 【自定义过滤器】 doFilter
01:17:57.597 [http-nio-8080-exec-2] INFO  c.r.c.NeedsManagementController - 【获取需求信息开始】 getNeedsDetailsById start
01:17:57.599 [http-nio-8080-exec-2] INFO  c.r.c.NeedsManagementController - 【获取需求信息成功】 getNeedsDetailsById success
01:18:01.309 [http-nio-8080-exec-3] INFO  com.ruider.filter.XssFilter - 【自定义过滤器】 doFilter
01:18:01.310 [http-nio-8080-exec-3] INFO  c.r.c.NeedsManagementController - 【修改需求开始】 editNeeds start
01:18:01.394 [http-nio-8080-exec-3] INFO  c.r.c.NeedsManagementController - 【修改需求成功】 editNeeds success
01:18:05.992 [http-nio-8080-exec-4] INFO  com.ruider.filter.XssFilter - 【自定义过滤器】 doFilter
01:18:05.993 [http-nio-8080-exec-4] INFO  c.r.c.NeedsManagementController - 【获取用户所有列表开始】 getNeedsByUserId start
01:18:05.995 [http-nio-8080-exec-4] INFO  c.r.c.NeedsManagementController - 【获取用户所有列表成功】 getNeedsByUserId success
01:18:31.580 [http-nio-8080-exec-5] INFO  com.ruider.filter.XssFilter - 【自定义过滤器】 doFilter
01:18:31.581 [http-nio-8080-exec-5] INFO  com.ruider.controller.UserController - addUserInfoIfNoSaved start
01:18:31.585 [http-nio-8080-exec-5] INFO  com.ruider.controller.UserController - 【用户信息已存在】addUserInfoIfNoSaved fail
01:18:33.578 [http-nio-8080-exec-6] INFO  com.ruider.filter.XssFilter - 【自定义过滤器】 doFilter
01:18:33.578 [http-nio-8080-exec-6] INFO  c.r.c.NeedsManagementController - 【获取类型列表开始】 getNeedsByCategotyId start
01:18:33.581 [http-nio-8080-exec-6] INFO  c.r.c.NeedsManagementController - 【获取类型列表成功】 getNeedsByCategotyId success
01:18:36.088 [http-nio-8080-exec-7] INFO  com.ruider.filter.XssFilter - 【自定义过滤器】 doFilter
01:18:36.089 [http-nio-8080-exec-7] INFO  c.r.c.NeedsManagementController - 【获取用户所有列表开始】 getNeedsByUserId start
01:18:36.092 [http-nio-8080-exec-7] INFO  c.r.c.NeedsManagementController - 【获取用户所有列表成功】 getNeedsByUserId success
01:18:37.460 [http-nio-8080-exec-8] INFO  com.ruider.filter.XssFilter - 【自定义过滤器】 doFilter
01:18:37.460 [http-nio-8080-exec-8] INFO  c.r.c.NeedsManagementController - 【获取需求信息开始】 getNeedsDetailsById start
01:18:37.463 [http-nio-8080-exec-8] INFO  c.r.c.NeedsManagementController - 【获取需求信息成功】 getNeedsDetailsById success
01:19:04.039 [http-nio-8080-exec-9] INFO  com.ruider.filter.XssFilter - 【自定义过滤器】 doFilter
01:19:04.040 [http-nio-8080-exec-9] INFO  c.r.c.NeedsManagementController - 【获取用户所有列表开始】 getNeedsByUserId start
01:19:04.042 [http-nio-8080-exec-9] INFO  c.r.c.NeedsManagementController - 【获取用户所有列表成功】 getNeedsByUserId success
01:19:06.404 [http-nio-8080-exec-10] INFO  com.ruider.filter.XssFilter - 【自定义过滤器】 doFilter
01:19:06.405 [http-nio-8080-exec-10] INFO  c.r.c.NeedsManagementController - 【获取需求信息开始】 getNeedsDetailsById start
01:19:06.406 [http-nio-8080-exec-10] INFO  c.r.c.NeedsManagementController - 【获取需求信息成功】 getNeedsDetailsById success
01:19:10.506 [http-nio-8080-exec-1] INFO  com.ruider.filter.XssFilter - 【自定义过滤器】 doFilter
01:19:10.507 [http-nio-8080-exec-1] INFO  c.r.c.NeedsManagementController - 【修改需求开始】 editNeeds start
01:19:10.561 [http-nio-8080-exec-1] INFO  c.r.c.NeedsManagementController - 【修改需求成功】 editNeeds success
01:19:16.686 [http-nio-8080-exec-2] INFO  com.ruider.filter.XssFilter - 【自定义过滤器】 doFilter
01:19:16.686 [http-nio-8080-exec-2] INFO  c.r.c.NeedsManagementController - 【获取用户所有列表开始】 getNeedsByUserId start
01:19:16.689 [http-nio-8080-exec-2] INFO  c.r.c.NeedsManagementController - 【获取用户所有列表成功】 getNeedsByUserId success
01:19:20.886 [http-nio-8080-exec-3] INFO  com.ruider.filter.XssFilter - 【自定义过滤器】 doFilter
01:19:20.886 [http-nio-8080-exec-3] INFO  c.r.c.NeedsManagementController - 【获取需求信息开始】 getNeedsDetailsById start
01:19:20.888 [http-nio-8080-exec-3] INFO  c.r.c.NeedsManagementController - 【获取需求信息成功】 getNeedsDetailsById success
01:19:36.098 [http-nio-8080-exec-4] INFO  com.ruider.filter.XssFilter - 【自定义过滤器】 doFilter
01:19:36.099 [http-nio-8080-exec-4] INFO  c.r.c.NeedsManagementController - 【获取需求信息开始】 getNeedsDetailsById start
01:19:36.101 [http-nio-8080-exec-4] INFO  c.r.c.NeedsManagementController - 【获取需求信息成功】 getNeedsDetailsById success
01:19:41.877 [http-nio-8080-exec-5] INFO  com.ruider.filter.XssFilter - 【自定义过滤器】 doFilter
01:19:41.878 [http-nio-8080-exec-5] INFO  c.r.c.NeedsManagementController - 【修改需求开始】 editNeeds start
01:19:41.881 [http-nio-8080-exec-5] INFO  c.r.c.NeedsManagementController - 【修改需求成功】 editNeeds success
01:19:56.691 [http-nio-8080-exec-6] INFO  com.ruider.filter.XssFilter - 【自定义过滤器】 doFilter
01:19:56.691 [http-nio-8080-exec-6] INFO  c.r.c.NeedsManagementController - 【获取需求信息开始】 getNeedsDetailsById start
01:19:56.693 [http-nio-8080-exec-6] INFO  c.r.c.NeedsManagementController - 【获取需求信息成功】 getNeedsDetailsById success
01:20:05.324 [http-nio-8080-exec-7] INFO  com.ruider.filter.XssFilter - 【自定义过滤器】 doFilter
01:20:05.325 [http-nio-8080-exec-7] INFO  c.r.c.NeedsManagementController - 【修改需求开始】 editNeeds start
01:20:05.329 [http-nio-8080-exec-7] INFO  c.r.c.NeedsManagementController - 【修改需求成功】 editNeeds success
01:20:39.069 [http-nio-8080-exec-8] INFO  com.ruider.filter.XssFilter - 【自定义过滤器】 doFilter
01:20:39.071 [http-nio-8080-exec-8] INFO  com.ruider.controller.UserController - addUserInfoIfNoSaved start
01:20:39.072 [http-nio-8080-exec-8] INFO  com.ruider.controller.UserController - 【用户信息已存在】addUserInfoIfNoSaved fail
01:22:06.114 [http-nio-8080-exec-10] INFO  com.ruider.filter.XssFilter - 【自定义过滤器】 doFilter
01:22:06.115 [http-nio-8080-exec-10] INFO  com.ruider.controller.UserController - getUserDetails start 
01:22:06.117 [http-nio-8080-exec-10] INFO  com.ruider.controller.UserController - 【获取用户信息成功】getUserDetails success, userName:布玮
01:22:12.194 [http-nio-8080-exec-1] INFO  com.ruider.filter.XssFilter - 【自定义过滤器】 doFilter
01:22:12.195 [http-nio-8080-exec-1] INFO  com.ruider.controller.UserController - getUserDetails start 
01:22:12.196 [http-nio-8080-exec-1] INFO  com.ruider.controller.UserController - 【获取用户信息成功】getUserDetails success, userName:布玮
01:22:15.905 [http-nio-8080-exec-2] INFO  com.ruider.filter.XssFilter - 【自定义过滤器】 doFilter
01:22:15.906 [http-nio-8080-exec-2] INFO  c.r.c.NeedsManagementController - 【获取用户所有列表开始】 getNeedsByUserId start
01:22:15.908 [http-nio-8080-exec-2] INFO  c.r.c.NeedsManagementController - 【获取用户所有列表成功】 getNeedsByUserId success
01:22:18.487 [http-nio-8080-exec-3] INFO  com.ruider.filter.XssFilter - 【自定义过滤器】 doFilter
01:22:18.488 [http-nio-8080-exec-3] INFO  c.r.c.NeedsManagementController - 【获取类型列表开始】 getNeedsByCategotyId start
01:22:18.491 [http-nio-8080-exec-3] INFO  c.r.c.NeedsManagementController - 【获取类型列表成功】 getNeedsByCategotyId success
01:22:24.213 [http-nio-8080-exec-4] INFO  com.ruider.filter.XssFilter - 【自定义过滤器】 doFilter
01:22:24.213 [http-nio-8080-exec-4] INFO  c.r.c.NeedsManagementController - 【获取类型列表开始】 getNeedsByCategotyId start
01:22:24.215 [http-nio-8080-exec-4] INFO  c.r.c.NeedsManagementController - 【获取类型列表成功】 getNeedsByCategotyId success
01:22:26.344 [http-nio-8080-exec-5] INFO  com.ruider.filter.XssFilter - 【自定义过滤器】 doFilter
01:22:26.344 [http-nio-8080-exec-5] INFO  c.r.c.NeedsManagementController - 【获取类型列表开始】 getNeedsByCategotyId start
01:22:26.346 [http-nio-8080-exec-5] INFO  c.r.c.NeedsManagementController - 【获取类型列表成功】 getNeedsByCategotyId success
01:22:28.230 [http-nio-8080-exec-6] INFO  com.ruider.filter.XssFilter - 【自定义过滤器】 doFilter
01:22:28.231 [http-nio-8080-exec-6] INFO  c.r.c.NeedsManagementController - 【获取类型列表开始】 getNeedsByCategotyId start
01:22:28.232 [http-nio-8080-exec-6] INFO  c.r.c.NeedsManagementController - 【获取类型列表成功】 getNeedsByCategotyId success
01:22:29.647 [http-nio-8080-exec-7] INFO  com.ruider.filter.XssFilter - 【自定义过滤器】 doFilter
01:22:29.647 [http-nio-8080-exec-7] INFO  c.r.c.NeedsManagementController - 【获取需求信息开始】 getNeedsDetailsById start
01:22:29.649 [http-nio-8080-exec-7] INFO  c.r.c.NeedsManagementController - 【获取需求信息成功】 getNeedsDetailsById success
01:22:38.118 [http-nio-8080-exec-8] INFO  com.ruider.filter.XssFilter - 【自定义过滤器】 doFilter
01:22:38.120 [http-nio-8080-exec-8] INFO  com.ruider.controller.UserController - getUserDetails start 
01:22:38.122 [http-nio-8080-exec-8] INFO  com.ruider.controller.UserController - 【获取用户信息成功】getUserDetails success, userName:布玮
01:22:43.946 [Thread-3] INFO  o.s.s.c.ThreadPoolTaskExecutor - Shutting down ExecutorService 'applicationTaskExecutor'
01:22:43.947 [Thread-3] INFO  com.zaxxer.hikari.HikariDataSource - HikariPool-1 - Shutdown initiated...
01:22:43.950 [Thread-3] INFO  com.zaxxer.hikari.HikariDataSource - HikariPool-1 - Shutdown completed.
