12:52:59.319 [main] INFO  com.ruider.Application - Starting Application on admindeMacBook-Pro.local with PID 11271 (/Users/mahede/ruider/MyProject/RuiDerWX/target/classes started by mahede in /Users/mahede/ruider/MyProject/RuiDerWX)
12:52:59.322 [main] INFO  com.ruider.Application - No active profile set, falling back to default profiles: default
12:52:59.947 [main] INFO  o.s.d.r.c.RepositoryConfigurationDelegate - Multiple Spring Data modules found, entering strict repository configuration mode!
12:52:59.949 [main] INFO  o.s.d.r.c.RepositoryConfigurationDelegate - Bootstrapping Spring Data repositories in DEFAULT mode.
12:52:59.979 [main] INFO  o.s.d.r.c.RepositoryConfigurationDelegate - Finished Spring Data repository scanning in 14ms. Found 0 repository interfaces.
12:53:00.251 [main] INFO  o.s.c.s.PostProcessorRegistrationDelegate$BeanPostProcessorChecker - Bean 'org.springframework.transaction.annotation.ProxyTransactionManagementConfiguration' of type [org.springframework.transaction.annotation.ProxyTransactionManagementConfiguration$$EnhancerBySpringCGLIB$$dd75cf24] is not eligible for getting processed by all BeanPostProcessors (for example: not eligible for auto-proxying)
12:53:00.570 [main] INFO  o.s.b.w.e.tomcat.TomcatWebServer - Tomcat initialized with port(s): 8080 (http)
12:53:00.583 [main] INFO  o.a.coyote.http11.Http11NioProtocol - Initializing ProtocolHandler ["http-nio-8080"]
12:53:00.587 [main] INFO  o.a.catalina.core.StandardService - Starting service [Tomcat]
12:53:00.588 [main] INFO  o.a.catalina.core.StandardEngine - Starting Servlet Engine: Apache Tomcat/9.0.12
12:53:00.595 [main] INFO  o.a.c.core.AprLifecycleListener - The APR based Apache Tomcat Native library which allows optimal performance in production environments was not found on the java.library.path: [/Users/mahede/Library/Java/Extensions:/Library/Java/Extensions:/Network/Library/Java/Extensions:/System/Library/Java/Extensions:/usr/lib/java:.]
12:53:00.682 [main] INFO  o.a.c.c.C.[Tomcat].[localhost].[/] - Initializing Spring embedded WebApplicationContext
12:53:00.682 [main] INFO  o.s.web.context.ContextLoader - Root WebApplicationContext: initialization completed in 1289 ms
12:53:00.719 [main] INFO  o.s.b.w.s.ServletRegistrationBean - Servlet dispatcherServlet mapped to [/]
12:53:00.723 [main] INFO  o.s.b.w.s.FilterRegistrationBean - Mapping filter: 'characterEncodingFilter' to: [/*]
12:53:00.723 [main] INFO  o.s.b.w.s.FilterRegistrationBean - Mapping filter: 'hiddenHttpMethodFilter' to: [/*]
12:53:00.723 [main] INFO  o.s.b.w.s.FilterRegistrationBean - Mapping filter: 'formContentFilter' to: [/*]
12:53:00.723 [main] INFO  o.s.b.w.s.FilterRegistrationBean - Mapping filter: 'requestContextFilter' to: [/*]
12:53:00.723 [main] INFO  o.s.b.w.s.FilterRegistrationBean - Mapping filter: 'com.ruider.filter.XssFilter' to urls: [/*]
12:53:01.135 [main] INFO  o.s.s.c.ThreadPoolTaskExecutor - Initializing ExecutorService 'applicationTaskExecutor'
12:53:01.676 [main] INFO  o.a.coyote.http11.Http11NioProtocol - Starting ProtocolHandler ["http-nio-8080"]
12:53:01.704 [main] INFO  o.a.tomcat.util.net.NioSelectorPool - Using a shared selector for servlet write/read
12:53:01.715 [main] INFO  o.s.b.w.e.tomcat.TomcatWebServer - Tomcat started on port(s): 8080 (http) with context path ''
12:53:01.719 [main] INFO  com.ruider.Application - Started Application in 3.113 seconds (JVM running for 3.702)
12:53:03.303 [http-nio-8080-exec-1] INFO  o.a.c.c.C.[Tomcat].[localhost].[/] - Initializing Spring DispatcherServlet 'dispatcherServlet'
12:53:03.304 [http-nio-8080-exec-1] INFO  o.s.web.servlet.DispatcherServlet - Initializing Servlet 'dispatcherServlet'
12:53:03.311 [http-nio-8080-exec-1] INFO  o.s.web.servlet.DispatcherServlet - Completed initialization in 7 ms
12:53:03.316 [http-nio-8080-exec-1] INFO  com.ruider.filter.XssFilter - 【自定义过滤器】 doFilter
12:53:03.408 [http-nio-8080-exec-1] INFO  com.ruider.controller.UserController - addUserInfoIfNoSaved start
12:53:03.426 [http-nio-8080-exec-1] INFO  com.zaxxer.hikari.HikariDataSource - HikariPool-1 - Starting...
12:53:03.427 [http-nio-8080-exec-1] WARN  c.z.hikari.util.DriverDataSource - Registered driver with driverClassName=com.mysql.jdbc.Driver was not found, trying direct instantiation.
12:53:03.813 [http-nio-8080-exec-1] INFO  com.zaxxer.hikari.HikariDataSource - HikariPool-1 - Start completed.
12:53:03.862 [http-nio-8080-exec-1] INFO  com.ruider.controller.UserController - 【用户信息已存在】addUserInfoIfNoSaved fail
12:53:07.379 [http-nio-8080-exec-2] INFO  com.ruider.filter.XssFilter - 【自定义过滤器】 doFilter
12:53:07.384 [http-nio-8080-exec-2] INFO  c.r.c.NeedsManagementController - 【获取用户所有列表开始】 getNeedsByUserId start
12:53:07.393 [http-nio-8080-exec-2] INFO  c.r.c.NeedsManagementController - 【获取用户所有列表成功】 getNeedsByUserId success
12:54:51.253 [http-nio-8080-exec-4] INFO  com.ruider.filter.XssFilter - 【自定义过滤器】 doFilter
12:54:51.256 [http-nio-8080-exec-4] INFO  com.ruider.controller.UserController - addUserInfoIfNoSaved start
12:54:51.258 [http-nio-8080-exec-4] INFO  com.ruider.controller.UserController - 【用户信息已存在】addUserInfoIfNoSaved fail
12:54:53.399 [http-nio-8080-exec-5] INFO  com.ruider.filter.XssFilter - 【自定义过滤器】 doFilter
12:54:53.400 [http-nio-8080-exec-5] INFO  c.r.c.NeedsManagementController - 【获取用户所有列表开始】 getNeedsByUserId start
12:54:53.408 [http-nio-8080-exec-5] INFO  c.r.c.NeedsManagementController - 【获取用户所有列表成功】 getNeedsByUserId success
13:04:32.998 [HikariPool-1 housekeeper] WARN  com.zaxxer.hikari.pool.HikariPool - HikariPool-1 - Retrograde clock change detected (housekeeper delta=28s995ms), soft-evicting connections from pool.
13:08:20.693 [http-nio-8080-exec-7] INFO  com.ruider.filter.XssFilter - 【自定义过滤器】 doFilter
13:08:20.696 [http-nio-8080-exec-7] INFO  com.ruider.controller.UserController - addUserInfoIfNoSaved start
13:08:20.701 [http-nio-8080-exec-7] INFO  com.ruider.controller.UserController - 【用户信息已存在】addUserInfoIfNoSaved fail
13:08:22.295 [http-nio-8080-exec-8] INFO  com.ruider.filter.XssFilter - 【自定义过滤器】 doFilter
13:08:22.295 [http-nio-8080-exec-8] INFO  c.r.c.NeedsManagementController - 【获取用户所有列表开始】 getNeedsByUserId start
13:08:22.301 [http-nio-8080-exec-8] INFO  c.r.c.NeedsManagementController - 【获取用户所有列表成功】 getNeedsByUserId success
13:09:16.894 [http-nio-8080-exec-9] INFO  com.ruider.filter.XssFilter - 【自定义过滤器】 doFilter
13:09:16.895 [http-nio-8080-exec-9] INFO  com.ruider.controller.UserController - addUserInfoIfNoSaved start
13:09:16.899 [http-nio-8080-exec-9] INFO  com.ruider.controller.UserController - 【用户信息已存在】addUserInfoIfNoSaved fail
13:09:18.621 [http-nio-8080-exec-10] INFO  com.ruider.filter.XssFilter - 【自定义过滤器】 doFilter
13:09:18.621 [http-nio-8080-exec-10] INFO  c.r.c.NeedsManagementController - 【获取用户所有列表开始】 getNeedsByUserId start
13:09:18.626 [http-nio-8080-exec-10] INFO  c.r.c.NeedsManagementController - 【获取用户所有列表成功】 getNeedsByUserId success
13:12:00.528 [http-nio-8080-exec-2] INFO  com.ruider.filter.XssFilter - 【自定义过滤器】 doFilter
13:12:00.529 [http-nio-8080-exec-2] INFO  com.ruider.controller.UserController - addUserInfoIfNoSaved start
13:12:00.531 [http-nio-8080-exec-2] INFO  com.ruider.controller.UserController - 【用户信息已存在】addUserInfoIfNoSaved fail
13:12:02.849 [http-nio-8080-exec-3] INFO  com.ruider.filter.XssFilter - 【自定义过滤器】 doFilter
13:12:02.850 [http-nio-8080-exec-3] INFO  c.r.c.NeedsManagementController - 【获取用户所有列表开始】 getNeedsByUserId start
13:12:02.853 [http-nio-8080-exec-3] INFO  c.r.c.NeedsManagementController - 【获取用户所有列表成功】 getNeedsByUserId success
13:16:07.117 [http-nio-8080-exec-5] INFO  com.ruider.filter.XssFilter - 【自定义过滤器】 doFilter
13:16:07.119 [http-nio-8080-exec-5] INFO  com.ruider.controller.UserController - addUserInfoIfNoSaved start
13:16:07.121 [http-nio-8080-exec-5] INFO  com.ruider.controller.UserController - 【用户信息已存在】addUserInfoIfNoSaved fail
13:16:09.112 [http-nio-8080-exec-6] INFO  com.ruider.filter.XssFilter - 【自定义过滤器】 doFilter
13:16:09.113 [http-nio-8080-exec-6] INFO  c.r.c.NeedsManagementController - 【获取用户所有列表开始】 getNeedsByUserId start
13:16:09.118 [http-nio-8080-exec-6] INFO  c.r.c.NeedsManagementController - 【获取用户所有列表成功】 getNeedsByUserId success
13:18:53.852 [http-nio-8080-exec-8] INFO  com.ruider.filter.XssFilter - 【自定义过滤器】 doFilter
13:18:53.853 [http-nio-8080-exec-8] INFO  com.ruider.controller.UserController - addUserInfoIfNoSaved start
13:18:53.856 [http-nio-8080-exec-8] INFO  com.ruider.controller.UserController - 【用户信息已存在】addUserInfoIfNoSaved fail
13:18:55.731 [http-nio-8080-exec-9] INFO  com.ruider.filter.XssFilter - 【自定义过滤器】 doFilter
13:18:55.731 [http-nio-8080-exec-9] INFO  c.r.c.NeedsManagementController - 【获取用户所有列表开始】 getNeedsByUserId start
13:18:55.734 [http-nio-8080-exec-9] INFO  c.r.c.NeedsManagementController - 【获取用户所有列表成功】 getNeedsByUserId success
13:20:10.075 [http-nio-8080-exec-1] INFO  com.ruider.filter.XssFilter - 【自定义过滤器】 doFilter
13:20:10.076 [http-nio-8080-exec-1] INFO  com.ruider.controller.UserController - addUserInfoIfNoSaved start
13:20:10.078 [http-nio-8080-exec-1] INFO  com.ruider.controller.UserController - 【用户信息已存在】addUserInfoIfNoSaved fail
13:20:12.379 [http-nio-8080-exec-2] INFO  com.ruider.filter.XssFilter - 【自定义过滤器】 doFilter
13:20:12.380 [http-nio-8080-exec-2] INFO  c.r.c.NeedsManagementController - 【获取用户所有列表开始】 getNeedsByUserId start
13:20:12.382 [http-nio-8080-exec-2] INFO  c.r.c.NeedsManagementController - 【获取用户所有列表成功】 getNeedsByUserId success
13:23:07.068 [http-nio-8080-exec-4] INFO  com.ruider.filter.XssFilter - 【自定义过滤器】 doFilter
13:23:07.070 [http-nio-8080-exec-4] INFO  com.ruider.controller.UserController - addUserInfoIfNoSaved start
13:23:07.072 [http-nio-8080-exec-4] INFO  com.ruider.controller.UserController - 【用户信息已存在】addUserInfoIfNoSaved fail
13:23:09.523 [http-nio-8080-exec-5] INFO  com.ruider.filter.XssFilter - 【自定义过滤器】 doFilter
13:23:09.523 [http-nio-8080-exec-5] INFO  c.r.c.NeedsManagementController - 【获取用户所有列表开始】 getNeedsByUserId start
13:23:09.526 [http-nio-8080-exec-5] INFO  c.r.c.NeedsManagementController - 【获取用户所有列表成功】 getNeedsByUserId success
13:25:00.994 [http-nio-8080-exec-7] INFO  com.ruider.filter.XssFilter - 【自定义过滤器】 doFilter
13:25:00.996 [http-nio-8080-exec-7] INFO  com.ruider.controller.UserController - addUserInfoIfNoSaved start
13:25:00.998 [http-nio-8080-exec-7] INFO  com.ruider.controller.UserController - 【用户信息已存在】addUserInfoIfNoSaved fail
13:25:02.927 [http-nio-8080-exec-8] INFO  com.ruider.filter.XssFilter - 【自定义过滤器】 doFilter
13:25:02.927 [http-nio-8080-exec-8] INFO  c.r.c.NeedsManagementController - 【获取用户所有列表开始】 getNeedsByUserId start
13:25:02.930 [http-nio-8080-exec-8] INFO  c.r.c.NeedsManagementController - 【获取用户所有列表成功】 getNeedsByUserId success
13:27:59.811 [http-nio-8080-exec-10] INFO  com.ruider.filter.XssFilter - 【自定义过滤器】 doFilter
13:27:59.812 [http-nio-8080-exec-10] INFO  com.ruider.controller.UserController - addUserInfoIfNoSaved start
13:27:59.814 [http-nio-8080-exec-10] INFO  com.ruider.controller.UserController - 【用户信息已存在】addUserInfoIfNoSaved fail
13:28:01.560 [http-nio-8080-exec-1] INFO  com.ruider.filter.XssFilter - 【自定义过滤器】 doFilter
13:28:01.561 [http-nio-8080-exec-1] INFO  c.r.c.NeedsManagementController - 【获取用户所有列表开始】 getNeedsByUserId start
13:28:01.563 [http-nio-8080-exec-1] INFO  c.r.c.NeedsManagementController - 【获取用户所有列表成功】 getNeedsByUserId success
13:31:29.238 [Thread-3] INFO  o.s.s.c.ThreadPoolTaskExecutor - Shutting down ExecutorService 'applicationTaskExecutor'
13:31:29.238 [Thread-3] INFO  com.zaxxer.hikari.HikariDataSource - HikariPool-1 - Shutdown initiated...
13:31:29.245 [Thread-3] INFO  com.zaxxer.hikari.HikariDataSource - HikariPool-1 - Shutdown completed.
13:31:32.792 [main] INFO  com.ruider.Application - Starting Application on admindeMacBook-Pro.local with PID 11404 (/Users/mahede/ruider/MyProject/RuiDerWX/target/classes started by mahede in /Users/mahede/ruider/MyProject/RuiDerWX)
13:31:32.798 [main] INFO  com.ruider.Application - No active profile set, falling back to default profiles: default
13:31:33.692 [main] INFO  o.s.d.r.c.RepositoryConfigurationDelegate - Multiple Spring Data modules found, entering strict repository configuration mode!
13:31:33.693 [main] INFO  o.s.d.r.c.RepositoryConfigurationDelegate - Bootstrapping Spring Data repositories in DEFAULT mode.
13:31:33.722 [main] INFO  o.s.d.r.c.RepositoryConfigurationDelegate - Finished Spring Data repository scanning in 17ms. Found 0 repository interfaces.
13:31:34.030 [main] INFO  o.s.c.s.PostProcessorRegistrationDelegate$BeanPostProcessorChecker - Bean 'org.springframework.transaction.annotation.ProxyTransactionManagementConfiguration' of type [org.springframework.transaction.annotation.ProxyTransactionManagementConfiguration$$EnhancerBySpringCGLIB$$3ab85012] is not eligible for getting processed by all BeanPostProcessors (for example: not eligible for auto-proxying)
13:31:34.349 [main] INFO  o.s.b.w.e.tomcat.TomcatWebServer - Tomcat initialized with port(s): 8080 (http)
13:31:34.361 [main] INFO  o.a.coyote.http11.Http11NioProtocol - Initializing ProtocolHandler ["http-nio-8080"]
13:31:34.365 [main] INFO  o.a.catalina.core.StandardService - Starting service [Tomcat]
13:31:34.365 [main] INFO  o.a.catalina.core.StandardEngine - Starting Servlet Engine: Apache Tomcat/9.0.12
13:31:34.372 [main] INFO  o.a.c.core.AprLifecycleListener - The APR based Apache Tomcat Native library which allows optimal performance in production environments was not found on the java.library.path: [/Users/mahede/Library/Java/Extensions:/Library/Java/Extensions:/Network/Library/Java/Extensions:/System/Library/Java/Extensions:/usr/lib/java:.]
13:31:34.448 [main] INFO  o.a.c.c.C.[Tomcat].[localhost].[/] - Initializing Spring embedded WebApplicationContext
13:31:34.448 [main] INFO  o.s.web.context.ContextLoader - Root WebApplicationContext: initialization completed in 1591 ms
13:31:34.493 [main] INFO  o.s.b.w.s.ServletRegistrationBean - Servlet dispatcherServlet mapped to [/]
13:31:34.496 [main] INFO  o.s.b.w.s.FilterRegistrationBean - Mapping filter: 'characterEncodingFilter' to: [/*]
13:31:34.497 [main] INFO  o.s.b.w.s.FilterRegistrationBean - Mapping filter: 'hiddenHttpMethodFilter' to: [/*]
13:31:34.497 [main] INFO  o.s.b.w.s.FilterRegistrationBean - Mapping filter: 'formContentFilter' to: [/*]
13:31:34.497 [main] INFO  o.s.b.w.s.FilterRegistrationBean - Mapping filter: 'requestContextFilter' to: [/*]
13:31:34.497 [main] INFO  o.s.b.w.s.FilterRegistrationBean - Mapping filter: 'com.ruider.filter.XssFilter' to urls: [/*]
13:31:34.929 [main] INFO  o.s.s.c.ThreadPoolTaskExecutor - Initializing ExecutorService 'applicationTaskExecutor'
13:31:35.443 [main] INFO  o.a.coyote.http11.Http11NioProtocol - Starting ProtocolHandler ["http-nio-8080"]
13:31:35.464 [main] INFO  o.a.tomcat.util.net.NioSelectorPool - Using a shared selector for servlet write/read
13:31:35.478 [main] INFO  o.s.b.w.e.tomcat.TomcatWebServer - Tomcat started on port(s): 8080 (http) with context path ''
13:31:35.481 [main] INFO  com.ruider.Application - Started Application in 3.357 seconds (JVM running for 4.157)
13:32:03.335 [http-nio-8080-exec-1] INFO  o.a.c.c.C.[Tomcat].[localhost].[/] - Initializing Spring DispatcherServlet 'dispatcherServlet'
13:32:03.335 [http-nio-8080-exec-1] INFO  o.s.web.servlet.DispatcherServlet - Initializing Servlet 'dispatcherServlet'
13:32:03.342 [http-nio-8080-exec-1] INFO  o.s.web.servlet.DispatcherServlet - Completed initialization in 7 ms
13:32:03.348 [http-nio-8080-exec-1] INFO  com.ruider.filter.XssFilter - 【自定义过滤器】 doFilter
13:32:03.437 [http-nio-8080-exec-1] INFO  com.ruider.controller.UserController - addUserInfoIfNoSaved start
13:32:03.452 [http-nio-8080-exec-1] INFO  com.zaxxer.hikari.HikariDataSource - HikariPool-1 - Starting...
13:32:03.454 [http-nio-8080-exec-1] WARN  c.z.hikari.util.DriverDataSource - Registered driver with driverClassName=com.mysql.jdbc.Driver was not found, trying direct instantiation.
13:32:03.776 [http-nio-8080-exec-1] INFO  com.zaxxer.hikari.HikariDataSource - HikariPool-1 - Start completed.
13:32:03.816 [http-nio-8080-exec-1] INFO  com.ruider.controller.UserController - 【用户信息已存在】addUserInfoIfNoSaved fail
13:32:05.376 [http-nio-8080-exec-3] INFO  com.ruider.filter.XssFilter - 【自定义过滤器】 doFilter
13:32:05.382 [http-nio-8080-exec-3] INFO  c.r.c.NeedsManagementController - 【获取用户所有列表开始】 getNeedsByUserId start
13:32:05.392 [http-nio-8080-exec-3] INFO  c.r.c.NeedsManagementController - 【获取用户所有列表成功】 getNeedsByUserId success
13:32:58.936 [http-nio-8080-exec-2] INFO  com.ruider.filter.XssFilter - 【自定义过滤器】 doFilter
13:32:58.937 [http-nio-8080-exec-2] INFO  c.r.c.NeedsManagementController - 【获取用户所有列表开始】 getNeedsByUserId start
13:32:58.946 [http-nio-8080-exec-2] INFO  c.r.c.NeedsManagementController - 【获取用户所有列表成功】 getNeedsByUserId success
13:33:20.212 [Thread-3] INFO  o.s.s.c.ThreadPoolTaskExecutor - Shutting down ExecutorService 'applicationTaskExecutor'
13:33:20.214 [Thread-3] INFO  com.zaxxer.hikari.HikariDataSource - HikariPool-1 - Shutdown initiated...
13:33:20.226 [Thread-3] INFO  com.zaxxer.hikari.HikariDataSource - HikariPool-1 - Shutdown completed.
13:33:22.207 [main] INFO  com.ruider.Application - Starting Application on admindeMacBook-Pro.local with PID 11409 (/Users/mahede/ruider/MyProject/RuiDerWX/target/classes started by mahede in /Users/mahede/ruider/MyProject/RuiDerWX)
13:33:22.211 [main] INFO  com.ruider.Application - No active profile set, falling back to default profiles: default
13:33:23.068 [main] INFO  o.s.d.r.c.RepositoryConfigurationDelegate - Multiple Spring Data modules found, entering strict repository configuration mode!
13:33:23.070 [main] INFO  o.s.d.r.c.RepositoryConfigurationDelegate - Bootstrapping Spring Data repositories in DEFAULT mode.
13:33:23.096 [main] INFO  o.s.d.r.c.RepositoryConfigurationDelegate - Finished Spring Data repository scanning in 15ms. Found 0 repository interfaces.
13:33:23.398 [main] INFO  o.s.c.s.PostProcessorRegistrationDelegate$BeanPostProcessorChecker - Bean 'org.springframework.transaction.annotation.ProxyTransactionManagementConfiguration' of type [org.springframework.transaction.annotation.ProxyTransactionManagementConfiguration$$EnhancerBySpringCGLIB$$cbd712a7] is not eligible for getting processed by all BeanPostProcessors (for example: not eligible for auto-proxying)
13:33:23.662 [main] INFO  o.s.b.w.e.tomcat.TomcatWebServer - Tomcat initialized with port(s): 8080 (http)
13:33:23.672 [main] INFO  o.a.coyote.http11.Http11NioProtocol - Initializing ProtocolHandler ["http-nio-8080"]
13:33:23.676 [main] INFO  o.a.catalina.core.StandardService - Starting service [Tomcat]
13:33:23.677 [main] INFO  o.a.catalina.core.StandardEngine - Starting Servlet Engine: Apache Tomcat/9.0.12
13:33:23.683 [main] INFO  o.a.c.core.AprLifecycleListener - The APR based Apache Tomcat Native library which allows optimal performance in production environments was not found on the java.library.path: [/Users/mahede/Library/Java/Extensions:/Library/Java/Extensions:/Network/Library/Java/Extensions:/System/Library/Java/Extensions:/usr/lib/java:.]
13:33:23.756 [main] INFO  o.a.c.c.C.[Tomcat].[localhost].[/] - Initializing Spring embedded WebApplicationContext
13:33:23.757 [main] INFO  o.s.web.context.ContextLoader - Root WebApplicationContext: initialization completed in 1488 ms
13:33:23.796 [main] INFO  o.s.b.w.s.ServletRegistrationBean - Servlet dispatcherServlet mapped to [/]
13:33:23.799 [main] INFO  o.s.b.w.s.FilterRegistrationBean - Mapping filter: 'characterEncodingFilter' to: [/*]
13:33:23.799 [main] INFO  o.s.b.w.s.FilterRegistrationBean - Mapping filter: 'hiddenHttpMethodFilter' to: [/*]
13:33:23.799 [main] INFO  o.s.b.w.s.FilterRegistrationBean - Mapping filter: 'formContentFilter' to: [/*]
13:33:23.799 [main] INFO  o.s.b.w.s.FilterRegistrationBean - Mapping filter: 'requestContextFilter' to: [/*]
13:33:23.800 [main] INFO  o.s.b.w.s.FilterRegistrationBean - Mapping filter: 'com.ruider.filter.XssFilter' to urls: [/*]
13:33:24.129 [main] INFO  o.s.s.c.ThreadPoolTaskExecutor - Initializing ExecutorService 'applicationTaskExecutor'
13:33:24.623 [main] INFO  o.a.coyote.http11.Http11NioProtocol - Starting ProtocolHandler ["http-nio-8080"]
13:33:24.646 [main] INFO  o.a.tomcat.util.net.NioSelectorPool - Using a shared selector for servlet write/read
13:33:24.658 [main] INFO  o.s.b.w.e.tomcat.TomcatWebServer - Tomcat started on port(s): 8080 (http) with context path ''
13:33:24.661 [main] INFO  com.ruider.Application - Started Application in 2.876 seconds (JVM running for 3.355)
13:34:41.505 [http-nio-8080-exec-1] INFO  o.a.c.c.C.[Tomcat].[localhost].[/] - Initializing Spring DispatcherServlet 'dispatcherServlet'
13:34:41.505 [http-nio-8080-exec-1] INFO  o.s.web.servlet.DispatcherServlet - Initializing Servlet 'dispatcherServlet'
13:34:41.510 [http-nio-8080-exec-1] INFO  o.s.web.servlet.DispatcherServlet - Completed initialization in 5 ms
13:34:41.515 [http-nio-8080-exec-1] INFO  com.ruider.filter.XssFilter - 【自定义过滤器】 doFilter
13:34:41.580 [http-nio-8080-exec-1] INFO  com.ruider.controller.UserController - addUserInfoIfNoSaved start
13:34:41.594 [http-nio-8080-exec-1] INFO  com.zaxxer.hikari.HikariDataSource - HikariPool-1 - Starting...
13:34:41.595 [http-nio-8080-exec-1] WARN  c.z.hikari.util.DriverDataSource - Registered driver with driverClassName=com.mysql.jdbc.Driver was not found, trying direct instantiation.
13:34:41.893 [http-nio-8080-exec-1] INFO  com.zaxxer.hikari.HikariDataSource - HikariPool-1 - Start completed.
13:34:41.932 [http-nio-8080-exec-1] INFO  com.ruider.controller.UserController - 【用户信息已存在】addUserInfoIfNoSaved fail
13:34:43.887 [http-nio-8080-exec-2] INFO  com.ruider.filter.XssFilter - 【自定义过滤器】 doFilter
13:34:43.891 [http-nio-8080-exec-2] INFO  c.r.c.NeedsManagementController - 【获取用户所有列表开始】 getNeedsByUserId start
13:34:43.902 [http-nio-8080-exec-2] INFO  c.r.c.NeedsManagementController - 【获取用户所有列表成功】 getNeedsByUserId success
13:35:56.399 [http-nio-8080-exec-4] INFO  com.ruider.filter.XssFilter - 【自定义过滤器】 doFilter
13:35:56.402 [http-nio-8080-exec-4] INFO  com.ruider.controller.UserController - addUserInfoIfNoSaved start
13:35:56.405 [http-nio-8080-exec-4] INFO  com.ruider.controller.UserController - 【用户信息已存在】addUserInfoIfNoSaved fail
13:35:58.207 [http-nio-8080-exec-5] INFO  com.ruider.filter.XssFilter - 【自定义过滤器】 doFilter
13:35:58.208 [http-nio-8080-exec-5] INFO  c.r.c.NeedsManagementController - 【获取用户所有列表开始】 getNeedsByUserId start
13:35:58.216 [http-nio-8080-exec-5] INFO  c.r.c.NeedsManagementController - 【获取用户所有列表成功】 getNeedsByUserId success
13:37:16.679 [http-nio-8080-exec-7] INFO  com.ruider.filter.XssFilter - 【自定义过滤器】 doFilter
13:37:16.681 [http-nio-8080-exec-7] INFO  com.ruider.controller.UserController - addUserInfoIfNoSaved start
13:37:16.684 [http-nio-8080-exec-7] INFO  com.ruider.controller.UserController - 【用户信息已存在】addUserInfoIfNoSaved fail
13:37:18.603 [http-nio-8080-exec-8] INFO  com.ruider.filter.XssFilter - 【自定义过滤器】 doFilter
13:37:18.604 [http-nio-8080-exec-8] INFO  c.r.c.NeedsManagementController - 【获取用户所有列表开始】 getNeedsByUserId start
13:37:18.610 [http-nio-8080-exec-8] INFO  c.r.c.NeedsManagementController - 【获取用户所有列表成功】 getNeedsByUserId success
13:39:44.102 [http-nio-8080-exec-10] INFO  com.ruider.filter.XssFilter - 【自定义过滤器】 doFilter
13:39:44.105 [http-nio-8080-exec-10] INFO  com.ruider.controller.UserController - addUserInfoIfNoSaved start
13:39:44.108 [http-nio-8080-exec-10] INFO  com.ruider.controller.UserController - 【用户信息已存在】addUserInfoIfNoSaved fail
13:39:46.153 [http-nio-8080-exec-1] INFO  com.ruider.filter.XssFilter - 【自定义过滤器】 doFilter
13:39:46.154 [http-nio-8080-exec-1] INFO  c.r.c.NeedsManagementController - 【获取用户所有列表开始】 getNeedsByUserId start
13:39:46.160 [http-nio-8080-exec-1] INFO  c.r.c.NeedsManagementController - 【获取用户所有列表成功】 getNeedsByUserId success
13:40:09.921 [http-nio-8080-exec-2] INFO  com.ruider.filter.XssFilter - 【自定义过滤器】 doFilter
13:40:09.924 [http-nio-8080-exec-2] INFO  com.ruider.controller.UserController - addUserInfoIfNoSaved start
13:40:09.927 [http-nio-8080-exec-2] INFO  com.ruider.controller.UserController - 【用户信息已存在】addUserInfoIfNoSaved fail
13:40:11.741 [http-nio-8080-exec-3] INFO  com.ruider.filter.XssFilter - 【自定义过滤器】 doFilter
13:40:11.742 [http-nio-8080-exec-3] INFO  c.r.c.NeedsManagementController - 【获取用户所有列表开始】 getNeedsByUserId start
13:40:11.746 [http-nio-8080-exec-3] INFO  c.r.c.NeedsManagementController - 【获取用户所有列表成功】 getNeedsByUserId success
13:41:42.431 [http-nio-8080-exec-5] INFO  com.ruider.filter.XssFilter - 【自定义过滤器】 doFilter
13:41:42.433 [http-nio-8080-exec-5] INFO  com.ruider.controller.UserController - addUserInfoIfNoSaved start
13:41:42.435 [http-nio-8080-exec-5] INFO  com.ruider.controller.UserController - 【用户信息已存在】addUserInfoIfNoSaved fail
13:41:43.957 [http-nio-8080-exec-6] INFO  com.ruider.filter.XssFilter - 【自定义过滤器】 doFilter
13:41:43.958 [http-nio-8080-exec-6] INFO  c.r.c.NeedsManagementController - 【获取用户所有列表开始】 getNeedsByUserId start
13:41:43.961 [http-nio-8080-exec-6] INFO  c.r.c.NeedsManagementController - 【获取用户所有列表成功】 getNeedsByUserId success
13:42:17.330 [http-nio-8080-exec-7] INFO  com.ruider.filter.XssFilter - 【自定义过滤器】 doFilter
13:42:17.332 [http-nio-8080-exec-7] INFO  com.ruider.controller.UserController - addUserInfoIfNoSaved start
13:42:17.334 [http-nio-8080-exec-7] INFO  com.ruider.controller.UserController - 【用户信息已存在】addUserInfoIfNoSaved fail
13:42:18.606 [http-nio-8080-exec-8] INFO  com.ruider.filter.XssFilter - 【自定义过滤器】 doFilter
13:42:18.607 [http-nio-8080-exec-8] INFO  c.r.c.NeedsManagementController - 【获取用户所有列表开始】 getNeedsByUserId start
13:42:18.611 [http-nio-8080-exec-8] INFO  c.r.c.NeedsManagementController - 【获取用户所有列表成功】 getNeedsByUserId success
13:43:25.144 [http-nio-8080-exec-10] INFO  com.ruider.filter.XssFilter - 【自定义过滤器】 doFilter
13:43:25.146 [http-nio-8080-exec-10] INFO  com.ruider.controller.UserController - addUserInfoIfNoSaved start
13:43:25.149 [http-nio-8080-exec-10] INFO  com.ruider.controller.UserController - 【用户信息已存在】addUserInfoIfNoSaved fail
13:43:27.215 [http-nio-8080-exec-1] INFO  com.ruider.filter.XssFilter - 【自定义过滤器】 doFilter
13:43:27.215 [http-nio-8080-exec-1] INFO  c.r.c.NeedsManagementController - 【获取用户所有列表开始】 getNeedsByUserId start
13:43:27.218 [http-nio-8080-exec-1] INFO  c.r.c.NeedsManagementController - 【获取用户所有列表成功】 getNeedsByUserId success
13:45:10.665 [http-nio-8080-exec-3] INFO  com.ruider.filter.XssFilter - 【自定义过滤器】 doFilter
13:45:10.666 [http-nio-8080-exec-3] INFO  com.ruider.controller.UserController - addUserInfoIfNoSaved start
13:45:10.669 [http-nio-8080-exec-3] INFO  com.ruider.controller.UserController - 【用户信息已存在】addUserInfoIfNoSaved fail
13:45:12.636 [http-nio-8080-exec-4] INFO  com.ruider.filter.XssFilter - 【自定义过滤器】 doFilter
13:45:12.637 [http-nio-8080-exec-4] INFO  c.r.c.NeedsManagementController - 【获取用户所有列表开始】 getNeedsByUserId start
13:45:12.640 [http-nio-8080-exec-4] INFO  c.r.c.NeedsManagementController - 【获取用户所有列表成功】 getNeedsByUserId success
13:47:16.926 [http-nio-8080-exec-6] INFO  com.ruider.filter.XssFilter - 【自定义过滤器】 doFilter
13:47:16.927 [http-nio-8080-exec-6] INFO  com.ruider.controller.UserController - addUserInfoIfNoSaved start
13:47:16.930 [http-nio-8080-exec-6] INFO  com.ruider.controller.UserController - 【用户信息已存在】addUserInfoIfNoSaved fail
13:47:21.483 [http-nio-8080-exec-7] INFO  com.ruider.filter.XssFilter - 【自定义过滤器】 doFilter
13:47:21.483 [http-nio-8080-exec-7] INFO  c.r.c.NeedsManagementController - 【获取用户所有列表开始】 getNeedsByUserId start
13:47:21.487 [http-nio-8080-exec-7] INFO  c.r.c.NeedsManagementController - 【获取用户所有列表成功】 getNeedsByUserId success
13:49:18.053 [http-nio-8080-exec-9] INFO  com.ruider.filter.XssFilter - 【自定义过滤器】 doFilter
13:49:18.055 [http-nio-8080-exec-9] INFO  com.ruider.controller.UserController - addUserInfoIfNoSaved start
13:49:18.056 [http-nio-8080-exec-9] INFO  com.ruider.controller.UserController - 【用户信息已存在】addUserInfoIfNoSaved fail
13:49:24.701 [http-nio-8080-exec-10] INFO  com.ruider.filter.XssFilter - 【自定义过滤器】 doFilter
13:49:24.701 [http-nio-8080-exec-10] INFO  c.r.c.NeedsManagementController - 【获取用户所有列表开始】 getNeedsByUserId start
13:49:24.704 [http-nio-8080-exec-10] INFO  c.r.c.NeedsManagementController - 【获取用户所有列表成功】 getNeedsByUserId success
13:50:42.087 [http-nio-8080-exec-2] INFO  com.ruider.filter.XssFilter - 【自定义过滤器】 doFilter
13:50:42.089 [http-nio-8080-exec-2] INFO  com.ruider.controller.UserController - addUserInfoIfNoSaved start
13:50:42.091 [http-nio-8080-exec-2] INFO  com.ruider.controller.UserController - 【用户信息已存在】addUserInfoIfNoSaved fail
13:50:44.305 [http-nio-8080-exec-3] INFO  com.ruider.filter.XssFilter - 【自定义过滤器】 doFilter
13:50:44.306 [http-nio-8080-exec-3] INFO  c.r.c.NeedsManagementController - 【获取用户所有列表开始】 getNeedsByUserId start
13:50:44.308 [http-nio-8080-exec-3] INFO  c.r.c.NeedsManagementController - 【获取用户所有列表成功】 getNeedsByUserId success
13:51:01.304 [http-nio-8080-exec-4] INFO  com.ruider.filter.XssFilter - 【自定义过滤器】 doFilter
13:51:01.305 [http-nio-8080-exec-4] INFO  c.r.c.NeedsManagementController - 【获取需求信息开始】 getNeedsDetailsById start
13:51:01.308 [http-nio-8080-exec-4] INFO  c.r.c.NeedsManagementController - 【获取需求信息成功】 getNeedsDetailsById success
13:51:11.250 [Thread-3] INFO  o.s.s.c.ThreadPoolTaskExecutor - Shutting down ExecutorService 'applicationTaskExecutor'
13:51:11.251 [Thread-3] INFO  com.zaxxer.hikari.HikariDataSource - HikariPool-1 - Shutdown initiated...
13:51:11.261 [Thread-3] INFO  com.zaxxer.hikari.HikariDataSource - HikariPool-1 - Shutdown completed.
