01:02:39.692 [main] INFO  com.ruider.Application - Starting Application on admindeMacBook-Pro.local with PID 8819 (/Users/mahede/ruider/MyProject/RuiDerWX/target/classes started by mahede in /Users/mahede/ruider/MyProject/RuiDerWX)
01:02:39.695 [main] INFO  com.ruider.Application - No active profile set, falling back to default profiles: default
01:02:40.356 [main] INFO  o.s.d.r.c.RepositoryConfigurationDelegate - Multiple Spring Data modules found, entering strict repository configuration mode!
01:02:40.359 [main] INFO  o.s.d.r.c.RepositoryConfigurationDelegate - Bootstrapping Spring Data repositories in DEFAULT mode.
01:02:40.396 [main] INFO  o.s.d.r.c.RepositoryConfigurationDelegate - Finished Spring Data repository scanning in 18ms. Found 0 repository interfaces.
01:02:40.652 [main] INFO  o.s.c.s.PostProcessorRegistrationDelegate$BeanPostProcessorChecker - Bean 'org.springframework.transaction.annotation.ProxyTransactionManagementConfiguration' of type [org.springframework.transaction.annotation.ProxyTransactionManagementConfiguration$$EnhancerBySpringCGLIB$$d682ba07] is not eligible for getting processed by all BeanPostProcessors (for example: not eligible for auto-proxying)
01:02:40.911 [main] INFO  o.s.b.w.e.tomcat.TomcatWebServer - Tomcat initialized with port(s): 8080 (http)
01:02:40.920 [main] INFO  o.a.coyote.http11.Http11NioProtocol - Initializing ProtocolHandler ["http-nio-8080"]
01:02:40.924 [main] INFO  o.a.catalina.core.StandardService - Starting service [Tomcat]
01:02:40.924 [main] INFO  o.a.catalina.core.StandardEngine - Starting Servlet Engine: Apache Tomcat/9.0.12
01:02:40.929 [main] INFO  o.a.c.core.AprLifecycleListener - The APR based Apache Tomcat Native library which allows optimal performance in production environments was not found on the java.library.path: [/Users/mahede/Library/Java/Extensions:/Library/Java/Extensions:/Network/Library/Java/Extensions:/System/Library/Java/Extensions:/usr/lib/java:.]
01:02:41.000 [main] INFO  o.a.c.c.C.[Tomcat].[localhost].[/] - Initializing Spring embedded WebApplicationContext
01:02:41.001 [main] INFO  o.s.web.context.ContextLoader - Root WebApplicationContext: initialization completed in 1263 ms
01:02:41.036 [main] INFO  o.s.b.w.s.ServletRegistrationBean - Servlet dispatcherServlet mapped to [/]
01:02:41.040 [main] INFO  o.s.b.w.s.FilterRegistrationBean - Mapping filter: 'characterEncodingFilter' to: [/*]
01:02:41.040 [main] INFO  o.s.b.w.s.FilterRegistrationBean - Mapping filter: 'hiddenHttpMethodFilter' to: [/*]
01:02:41.040 [main] INFO  o.s.b.w.s.FilterRegistrationBean - Mapping filter: 'formContentFilter' to: [/*]
01:02:41.040 [main] INFO  o.s.b.w.s.FilterRegistrationBean - Mapping filter: 'requestContextFilter' to: [/*]
01:02:41.041 [main] INFO  o.s.b.w.s.FilterRegistrationBean - Mapping filter: 'com.ruider.filter.XssFilter' to urls: [/*]
01:02:41.377 [main] INFO  o.s.s.c.ThreadPoolTaskExecutor - Initializing ExecutorService 'applicationTaskExecutor'
01:02:41.806 [main] INFO  o.a.coyote.http11.Http11NioProtocol - Starting ProtocolHandler ["http-nio-8080"]
01:02:41.829 [main] INFO  o.a.tomcat.util.net.NioSelectorPool - Using a shared selector for servlet write/read
01:02:41.840 [main] INFO  o.s.b.w.e.tomcat.TomcatWebServer - Tomcat started on port(s): 8080 (http) with context path ''
01:02:41.843 [main] INFO  com.ruider.Application - Started Application in 2.545 seconds (JVM running for 2.977)
01:04:43.519 [Thread-3] INFO  o.s.s.c.ThreadPoolTaskExecutor - Shutting down ExecutorService 'applicationTaskExecutor'
01:06:55.569 [main] INFO  com.ruider.Application - Starting Application on admindeMacBook-Pro.local with PID 8873 (/Users/mahede/ruider/MyProject/RuiDerWX/target/classes started by mahede in /Users/mahede/ruider/MyProject/RuiDerWX)
01:06:55.572 [main] INFO  com.ruider.Application - No active profile set, falling back to default profiles: default
01:06:56.267 [main] INFO  o.s.d.r.c.RepositoryConfigurationDelegate - Multiple Spring Data modules found, entering strict repository configuration mode!
01:06:56.269 [main] INFO  o.s.d.r.c.RepositoryConfigurationDelegate - Bootstrapping Spring Data repositories in DEFAULT mode.
01:06:56.292 [main] INFO  o.s.d.r.c.RepositoryConfigurationDelegate - Finished Spring Data repository scanning in 13ms. Found 0 repository interfaces.
01:06:56.558 [main] INFO  o.s.c.s.PostProcessorRegistrationDelegate$BeanPostProcessorChecker - Bean 'org.springframework.transaction.annotation.ProxyTransactionManagementConfiguration' of type [org.springframework.transaction.annotation.ProxyTransactionManagementConfiguration$$EnhancerBySpringCGLIB$$bddbfc4d] is not eligible for getting processed by all BeanPostProcessors (for example: not eligible for auto-proxying)
01:06:56.823 [main] INFO  o.s.b.w.e.tomcat.TomcatWebServer - Tomcat initialized with port(s): 8080 (http)
01:06:56.833 [main] INFO  o.a.coyote.http11.Http11NioProtocol - Initializing ProtocolHandler ["http-nio-8080"]
01:06:56.837 [main] INFO  o.a.catalina.core.StandardService - Starting service [Tomcat]
01:06:56.837 [main] INFO  o.a.catalina.core.StandardEngine - Starting Servlet Engine: Apache Tomcat/9.0.12
01:06:56.843 [main] INFO  o.a.c.core.AprLifecycleListener - The APR based Apache Tomcat Native library which allows optimal performance in production environments was not found on the java.library.path: [/Users/mahede/Library/Java/Extensions:/Library/Java/Extensions:/Network/Library/Java/Extensions:/System/Library/Java/Extensions:/usr/lib/java:.]
01:06:56.913 [main] INFO  o.a.c.c.C.[Tomcat].[localhost].[/] - Initializing Spring embedded WebApplicationContext
01:06:56.913 [main] INFO  o.s.web.context.ContextLoader - Root WebApplicationContext: initialization completed in 1298 ms
01:06:56.948 [main] INFO  o.s.b.w.s.ServletRegistrationBean - Servlet dispatcherServlet mapped to [/]
01:06:56.951 [main] INFO  o.s.b.w.s.FilterRegistrationBean - Mapping filter: 'characterEncodingFilter' to: [/*]
01:06:56.951 [main] INFO  o.s.b.w.s.FilterRegistrationBean - Mapping filter: 'hiddenHttpMethodFilter' to: [/*]
01:06:56.951 [main] INFO  o.s.b.w.s.FilterRegistrationBean - Mapping filter: 'formContentFilter' to: [/*]
01:06:56.951 [main] INFO  o.s.b.w.s.FilterRegistrationBean - Mapping filter: 'requestContextFilter' to: [/*]
01:06:56.951 [main] INFO  o.s.b.w.s.FilterRegistrationBean - Mapping filter: 'com.ruider.filter.XssFilter' to urls: [/*]
01:06:57.294 [main] INFO  o.s.s.c.ThreadPoolTaskExecutor - Initializing ExecutorService 'applicationTaskExecutor'
01:06:57.721 [main] INFO  o.a.coyote.http11.Http11NioProtocol - Starting ProtocolHandler ["http-nio-8080"]
01:06:57.744 [main] INFO  o.a.tomcat.util.net.NioSelectorPool - Using a shared selector for servlet write/read
01:06:57.756 [main] INFO  o.s.b.w.e.tomcat.TomcatWebServer - Tomcat started on port(s): 8080 (http) with context path ''
01:06:57.759 [main] INFO  com.ruider.Application - Started Application in 2.56 seconds (JVM running for 3.007)
01:07:07.266 [http-nio-8080-exec-1] INFO  o.a.c.c.C.[Tomcat].[localhost].[/] - Initializing Spring DispatcherServlet 'dispatcherServlet'
01:07:07.266 [http-nio-8080-exec-1] INFO  o.s.web.servlet.DispatcherServlet - Initializing Servlet 'dispatcherServlet'
01:07:07.271 [http-nio-8080-exec-1] INFO  o.s.web.servlet.DispatcherServlet - Completed initialization in 5 ms
01:07:07.277 [http-nio-8080-exec-1] INFO  com.ruider.filter.XssFilter - 【自定义过滤器】 doFilter
01:07:07.340 [http-nio-8080-exec-1] INFO  com.ruider.controller.UserController - getUserDetails start 
01:07:07.352 [http-nio-8080-exec-1] INFO  com.zaxxer.hikari.HikariDataSource - HikariPool-1 - Starting...
01:07:07.353 [http-nio-8080-exec-1] WARN  c.z.hikari.util.DriverDataSource - Registered driver with driverClassName=com.mysql.jdbc.Driver was not found, trying direct instantiation.
01:07:07.652 [http-nio-8080-exec-1] INFO  com.zaxxer.hikari.HikariDataSource - HikariPool-1 - Start completed.
01:07:07.688 [http-nio-8080-exec-1] INFO  com.ruider.controller.UserController - 【获取用户信息成功】getUserDetails success, userName:布玮
01:07:17.830 [http-nio-8080-exec-2] INFO  com.ruider.filter.XssFilter - 【自定义过滤器】 doFilter
01:07:17.833 [http-nio-8080-exec-2] INFO  com.ruider.controller.UserController - editUserDetails start
01:07:17.903 [http-nio-8080-exec-2] INFO  com.ruider.controller.UserController - 【用户信息更新成功】editUserDetails success
01:08:12.475 [http-nio-8080-exec-3] INFO  com.ruider.filter.XssFilter - 【自定义过滤器】 doFilter
01:08:12.477 [http-nio-8080-exec-3] INFO  com.ruider.controller.UserController - editUserDetails start
01:08:12.496 [http-nio-8080-exec-3] INFO  com.ruider.controller.UserController - 【用户信息更新成功】editUserDetails success
01:08:21.489 [http-nio-8080-exec-4] INFO  com.ruider.filter.XssFilter - 【自定义过滤器】 doFilter
01:08:21.491 [http-nio-8080-exec-4] INFO  com.ruider.controller.UserController - getUserDetails start 
01:08:21.494 [http-nio-8080-exec-4] INFO  com.ruider.controller.UserController - 【获取用户信息成功】getUserDetails success, userName:布玮
01:08:23.730 [http-nio-8080-exec-5] INFO  com.ruider.filter.XssFilter - 【自定义过滤器】 doFilter
01:08:23.735 [http-nio-8080-exec-5] INFO  c.r.c.NeedsManagementController - 【获取用户所有列表开始】 getNeedsByUserId start
01:08:23.743 [http-nio-8080-exec-5] INFO  c.r.c.NeedsManagementController - 【获取用户所有列表成功】 getNeedsByUserId success
01:24:37.464 [http-nio-8080-exec-7] INFO  com.ruider.filter.XssFilter - 【自定义过滤器】 doFilter
01:24:37.467 [http-nio-8080-exec-7] INFO  com.ruider.controller.UserController - addUserInfoIfNoSaved start
01:24:37.470 [http-nio-8080-exec-7] INFO  com.ruider.controller.UserController - 【用户信息已存在】addUserInfoIfNoSaved fail
01:24:41.134 [http-nio-8080-exec-8] INFO  com.ruider.filter.XssFilter - 【自定义过滤器】 doFilter
01:24:41.135 [http-nio-8080-exec-8] INFO  c.r.c.NeedsManagementController - 【获取用户所有列表开始】 getNeedsByUserId start
01:24:41.141 [http-nio-8080-exec-8] INFO  c.r.c.NeedsManagementController - 【获取用户所有列表成功】 getNeedsByUserId success
01:24:42.461 [http-nio-8080-exec-9] INFO  com.ruider.filter.XssFilter - 【自定义过滤器】 doFilter
01:24:42.464 [http-nio-8080-exec-9] INFO  c.r.c.NeedsManagementController - 【删除需求开始】 deleteNeeds start
01:24:42.506 [http-nio-8080-exec-9] INFO  c.r.c.NeedsManagementController - 【删除需求成功】 deleteNeeds success
01:24:49.938 [http-nio-8080-exec-10] INFO  com.ruider.filter.XssFilter - 【自定义过滤器】 doFilter
01:24:49.939 [http-nio-8080-exec-10] INFO  c.r.c.NeedsManagementController - 【删除需求开始】 deleteNeeds start
01:24:49.941 [http-nio-8080-exec-10] INFO  c.r.c.NeedsManagementController - 【删除需求成功】 deleteNeeds success
01:26:01.644 [http-nio-8080-exec-2] INFO  com.ruider.filter.XssFilter - 【自定义过滤器】 doFilter
01:26:01.646 [http-nio-8080-exec-2] INFO  com.ruider.controller.UserController - addUserInfoIfNoSaved start
01:26:01.649 [http-nio-8080-exec-2] INFO  com.ruider.controller.UserController - 【用户信息已存在】addUserInfoIfNoSaved fail
01:26:05.351 [http-nio-8080-exec-3] INFO  com.ruider.filter.XssFilter - 【自定义过滤器】 doFilter
01:26:05.352 [http-nio-8080-exec-3] INFO  c.r.c.NeedsManagementController - 【获取类型列表开始】 getNeedsByCategotyId start
01:26:05.354 [http-nio-8080-exec-3] INFO  c.r.c.NeedsManagementController - 【获取类型列表成功】 getNeedsByCategotyId success
01:26:08.518 [http-nio-8080-exec-4] INFO  com.ruider.filter.XssFilter - 【自定义过滤器】 doFilter
01:26:08.519 [http-nio-8080-exec-4] INFO  c.r.c.NeedsManagementController - 【获取类型列表开始】 getNeedsByCategotyId start
01:26:08.522 [http-nio-8080-exec-4] INFO  c.r.c.NeedsManagementController - 【获取类型列表成功】 getNeedsByCategotyId success
01:26:15.599 [http-nio-8080-exec-5] INFO  com.ruider.filter.XssFilter - 【自定义过滤器】 doFilter
01:26:15.599 [http-nio-8080-exec-5] INFO  c.r.c.NeedsManagementController - 【获取类型列表开始】 getNeedsByCategotyId start
01:26:15.601 [http-nio-8080-exec-5] INFO  c.r.c.NeedsManagementController - 【获取类型列表成功】 getNeedsByCategotyId success
01:26:19.093 [http-nio-8080-exec-6] INFO  com.ruider.filter.XssFilter - 【自定义过滤器】 doFilter
01:26:19.094 [http-nio-8080-exec-6] INFO  c.r.c.NeedsManagementController - 【获取用户所有列表开始】 getNeedsByUserId start
01:26:19.098 [http-nio-8080-exec-6] INFO  c.r.c.NeedsManagementController - 【获取用户所有列表成功】 getNeedsByUserId success
01:26:50.344 [http-nio-8080-exec-7] INFO  com.ruider.filter.XssFilter - 【自定义过滤器】 doFilter
01:26:50.347 [http-nio-8080-exec-7] INFO  c.r.c.NeedsManagementController - 【新增需求开始】 addNeeds start
01:26:50.411 [http-nio-8080-exec-7] INFO  c.r.c.NeedsManagementController - 【新增需求成功】 addNeeds success
01:26:54.485 [http-nio-8080-exec-8] INFO  com.ruider.filter.XssFilter - 【自定义过滤器】 doFilter
01:26:54.487 [http-nio-8080-exec-8] INFO  c.r.c.NeedsManagementController - 【获取类型列表开始】 getNeedsByCategotyId start
01:26:54.489 [http-nio-8080-exec-8] INFO  c.r.c.NeedsManagementController - 【获取类型列表成功】 getNeedsByCategotyId success
01:26:57.023 [http-nio-8080-exec-9] INFO  com.ruider.filter.XssFilter - 【自定义过滤器】 doFilter
01:26:57.023 [http-nio-8080-exec-9] INFO  c.r.c.NeedsManagementController - 【删除需求开始】 deleteNeeds start
01:26:57.030 [http-nio-8080-exec-9] INFO  c.r.c.NeedsManagementController - 【删除需求成功】 deleteNeeds success
01:28:24.760 [http-nio-8080-exec-1] INFO  com.ruider.filter.XssFilter - 【自定义过滤器】 doFilter
01:28:24.762 [http-nio-8080-exec-1] INFO  com.ruider.controller.UserController - addUserInfoIfNoSaved start
01:28:24.764 [http-nio-8080-exec-1] INFO  com.ruider.controller.UserController - 【用户信息已存在】addUserInfoIfNoSaved fail
01:28:43.723 [http-nio-8080-exec-2] INFO  com.ruider.filter.XssFilter - 【自定义过滤器】 doFilter
01:28:43.725 [http-nio-8080-exec-2] INFO  c.r.c.NeedsManagementController - 【新增需求开始】 addNeeds start
01:28:43.750 [http-nio-8080-exec-2] INFO  c.r.c.NeedsManagementController - 【新增需求成功】 addNeeds success
01:28:49.478 [http-nio-8080-exec-3] INFO  com.ruider.filter.XssFilter - 【自定义过滤器】 doFilter
01:28:49.478 [http-nio-8080-exec-3] INFO  c.r.c.NeedsManagementController - 【获取类型列表开始】 getNeedsByCategotyId start
01:28:49.480 [http-nio-8080-exec-3] INFO  c.r.c.NeedsManagementController - 【获取类型列表成功】 getNeedsByCategotyId success
01:28:54.238 [http-nio-8080-exec-4] INFO  com.ruider.filter.XssFilter - 【自定义过滤器】 doFilter
01:28:54.239 [http-nio-8080-exec-4] INFO  c.r.c.NeedsManagementController - 【获取类型列表开始】 getNeedsByCategotyId start
01:28:54.241 [http-nio-8080-exec-4] INFO  c.r.c.NeedsManagementController - 【获取类型列表成功】 getNeedsByCategotyId success
01:28:56.355 [http-nio-8080-exec-5] INFO  com.ruider.filter.XssFilter - 【自定义过滤器】 doFilter
01:28:56.356 [http-nio-8080-exec-5] INFO  c.r.c.NeedsManagementController - 【获取类型列表开始】 getNeedsByCategotyId start
01:28:56.358 [http-nio-8080-exec-5] INFO  c.r.c.NeedsManagementController - 【获取类型列表成功】 getNeedsByCategotyId success
01:28:58.885 [http-nio-8080-exec-6] INFO  com.ruider.filter.XssFilter - 【自定义过滤器】 doFilter
01:28:58.886 [http-nio-8080-exec-6] INFO  c.r.c.NeedsManagementController - 【删除需求开始】 deleteNeeds start
01:28:58.982 [http-nio-8080-exec-6] INFO  c.r.c.NeedsManagementController - 【删除需求成功】 deleteNeeds success
01:29:09.910 [http-nio-8080-exec-7] INFO  com.ruider.filter.XssFilter - 【自定义过滤器】 doFilter
01:29:09.911 [http-nio-8080-exec-7] INFO  c.r.c.NeedsManagementController - 【获取用户所有列表开始】 getNeedsByUserId start
01:29:09.914 [http-nio-8080-exec-7] INFO  c.r.c.NeedsManagementController - 【获取用户所有列表成功】 getNeedsByUserId success
01:29:20.239 [http-nio-8080-exec-8] INFO  com.ruider.filter.XssFilter - 【自定义过滤器】 doFilter
01:29:20.240 [http-nio-8080-exec-8] INFO  c.r.c.NeedsManagementController - 【获取类型列表开始】 getNeedsByCategotyId start
01:29:20.242 [http-nio-8080-exec-8] INFO  c.r.c.NeedsManagementController - 【获取类型列表成功】 getNeedsByCategotyId success
01:29:23.158 [http-nio-8080-exec-9] INFO  com.ruider.filter.XssFilter - 【自定义过滤器】 doFilter
01:29:23.159 [http-nio-8080-exec-9] INFO  c.r.c.NeedsManagementController - 【获取类型列表开始】 getNeedsByCategotyId start
01:29:23.161 [http-nio-8080-exec-9] INFO  c.r.c.NeedsManagementController - 【获取类型列表成功】 getNeedsByCategotyId success
01:29:41.110 [http-nio-8080-exec-10] INFO  com.ruider.filter.XssFilter - 【自定义过滤器】 doFilter
01:29:41.111 [http-nio-8080-exec-10] INFO  c.r.c.NeedsManagementController - 【新增需求开始】 addNeeds start
01:29:41.193 [http-nio-8080-exec-10] INFO  c.r.c.NeedsManagementController - 【新增需求成功】 addNeeds success
01:29:44.807 [http-nio-8080-exec-1] INFO  com.ruider.filter.XssFilter - 【自定义过滤器】 doFilter
01:29:44.807 [http-nio-8080-exec-1] INFO  c.r.c.NeedsManagementController - 【获取类型列表开始】 getNeedsByCategotyId start
01:29:44.809 [http-nio-8080-exec-1] INFO  c.r.c.NeedsManagementController - 【获取类型列表成功】 getNeedsByCategotyId success
01:29:46.701 [http-nio-8080-exec-2] INFO  com.ruider.filter.XssFilter - 【自定义过滤器】 doFilter
01:29:46.702 [http-nio-8080-exec-2] INFO  c.r.c.NeedsManagementController - 【删除需求开始】 deleteNeeds start
01:29:46.792 [http-nio-8080-exec-2] INFO  c.r.c.NeedsManagementController - 【删除需求成功】 deleteNeeds success
01:30:20.025 [http-nio-8080-exec-3] INFO  com.ruider.filter.XssFilter - 【自定义过滤器】 doFilter
01:30:20.027 [http-nio-8080-exec-3] INFO  com.ruider.controller.UserController - addUserInfoIfNoSaved start
01:30:20.030 [http-nio-8080-exec-3] INFO  com.ruider.controller.UserController - 【用户信息已存在】addUserInfoIfNoSaved fail
01:30:22.194 [http-nio-8080-exec-4] INFO  com.ruider.filter.XssFilter - 【自定义过滤器】 doFilter
01:30:22.195 [http-nio-8080-exec-4] INFO  c.r.c.NeedsManagementController - 【获取类型列表开始】 getNeedsByCategotyId start
01:30:22.198 [http-nio-8080-exec-4] INFO  c.r.c.NeedsManagementController - 【获取类型列表成功】 getNeedsByCategotyId success
01:30:24.727 [http-nio-8080-exec-5] INFO  com.ruider.filter.XssFilter - 【自定义过滤器】 doFilter
01:30:24.728 [http-nio-8080-exec-5] INFO  c.r.c.NeedsManagementController - 【获取类型列表开始】 getNeedsByCategotyId start
01:30:24.730 [http-nio-8080-exec-5] INFO  c.r.c.NeedsManagementController - 【获取类型列表成功】 getNeedsByCategotyId success
01:31:14.105 [http-nio-8080-exec-6] INFO  com.ruider.filter.XssFilter - 【自定义过滤器】 doFilter
01:31:14.106 [http-nio-8080-exec-6] INFO  c.r.c.NeedsManagementController - 【新增需求开始】 addNeeds start
01:31:14.182 [http-nio-8080-exec-6] INFO  c.r.c.NeedsManagementController - 【新增需求成功】 addNeeds success
01:31:33.831 [http-nio-8080-exec-7] INFO  com.ruider.filter.XssFilter - 【自定义过滤器】 doFilter
01:31:33.831 [http-nio-8080-exec-7] INFO  c.r.c.NeedsManagementController - 【获取类型列表开始】 getNeedsByCategotyId start
01:31:33.833 [http-nio-8080-exec-7] INFO  c.r.c.NeedsManagementController - 【获取类型列表成功】 getNeedsByCategotyId success
01:31:39.897 [http-nio-8080-exec-8] INFO  com.ruider.filter.XssFilter - 【自定义过滤器】 doFilter
01:31:39.898 [http-nio-8080-exec-8] INFO  c.r.c.NeedsManagementController - 【获取类型列表开始】 getNeedsByCategotyId start
01:31:39.899 [http-nio-8080-exec-8] INFO  c.r.c.NeedsManagementController - 【获取类型列表成功】 getNeedsByCategotyId success
01:31:41.906 [http-nio-8080-exec-9] INFO  com.ruider.filter.XssFilter - 【自定义过滤器】 doFilter
01:31:41.906 [http-nio-8080-exec-9] INFO  c.r.c.NeedsManagementController - 【获取类型列表开始】 getNeedsByCategotyId start
01:31:41.909 [http-nio-8080-exec-9] INFO  c.r.c.NeedsManagementController - 【获取类型列表成功】 getNeedsByCategotyId success
01:31:44.556 [http-nio-8080-exec-10] INFO  com.ruider.filter.XssFilter - 【自定义过滤器】 doFilter
01:31:44.557 [http-nio-8080-exec-10] INFO  c.r.c.NeedsManagementController - 【获取类型列表开始】 getNeedsByCategotyId start
01:31:44.559 [http-nio-8080-exec-10] INFO  c.r.c.NeedsManagementController - 【获取类型列表成功】 getNeedsByCategotyId success
01:40:16.835 [Thread-3] INFO  o.s.s.c.ThreadPoolTaskExecutor - Shutting down ExecutorService 'applicationTaskExecutor'
01:40:16.835 [Thread-3] INFO  com.zaxxer.hikari.HikariDataSource - HikariPool-1 - Shutdown initiated...
01:40:16.841 [Thread-3] INFO  com.zaxxer.hikari.HikariDataSource - HikariPool-1 - Shutdown completed.
01:40:42.842 [main] INFO  com.ruider.Application - Starting Application on admindeMacBook-Pro.local with PID 8972 (/Users/mahede/ruider/MyProject/RuiDerWX/target/classes started by mahede in /Users/mahede/ruider/MyProject/RuiDerWX)
01:40:42.846 [main] INFO  com.ruider.Application - No active profile set, falling back to default profiles: default
01:40:43.431 [main] INFO  o.s.d.r.c.RepositoryConfigurationDelegate - Multiple Spring Data modules found, entering strict repository configuration mode!
01:40:43.433 [main] INFO  o.s.d.r.c.RepositoryConfigurationDelegate - Bootstrapping Spring Data repositories in DEFAULT mode.
01:40:43.456 [main] INFO  o.s.d.r.c.RepositoryConfigurationDelegate - Finished Spring Data repository scanning in 13ms. Found 0 repository interfaces.
01:40:43.717 [main] INFO  o.s.c.s.PostProcessorRegistrationDelegate$BeanPostProcessorChecker - Bean 'org.springframework.transaction.annotation.ProxyTransactionManagementConfiguration' of type [org.springframework.transaction.annotation.ProxyTransactionManagementConfiguration$$EnhancerBySpringCGLIB$$27dbef8a] is not eligible for getting processed by all BeanPostProcessors (for example: not eligible for auto-proxying)
01:40:43.969 [main] INFO  o.s.b.w.e.tomcat.TomcatWebServer - Tomcat initialized with port(s): 8080 (http)
01:40:43.979 [main] INFO  o.a.coyote.http11.Http11NioProtocol - Initializing ProtocolHandler ["http-nio-8080"]
01:40:43.983 [main] INFO  o.a.catalina.core.StandardService - Starting service [Tomcat]
01:40:43.984 [main] INFO  o.a.catalina.core.StandardEngine - Starting Servlet Engine: Apache Tomcat/9.0.12
01:40:43.989 [main] INFO  o.a.c.core.AprLifecycleListener - The APR based Apache Tomcat Native library which allows optimal performance in production environments was not found on the java.library.path: [/Users/mahede/Library/Java/Extensions:/Library/Java/Extensions:/Network/Library/Java/Extensions:/System/Library/Java/Extensions:/usr/lib/java:.]
01:40:44.061 [main] INFO  o.a.c.c.C.[Tomcat].[localhost].[/] - Initializing Spring embedded WebApplicationContext
01:40:44.061 [main] INFO  o.s.web.context.ContextLoader - Root WebApplicationContext: initialization completed in 1142 ms
01:40:44.096 [main] INFO  o.s.b.w.s.ServletRegistrationBean - Servlet dispatcherServlet mapped to [/]
01:40:44.099 [main] INFO  o.s.b.w.s.FilterRegistrationBean - Mapping filter: 'characterEncodingFilter' to: [/*]
01:40:44.099 [main] INFO  o.s.b.w.s.FilterRegistrationBean - Mapping filter: 'hiddenHttpMethodFilter' to: [/*]
01:40:44.099 [main] INFO  o.s.b.w.s.FilterRegistrationBean - Mapping filter: 'formContentFilter' to: [/*]
01:40:44.099 [main] INFO  o.s.b.w.s.FilterRegistrationBean - Mapping filter: 'requestContextFilter' to: [/*]
01:40:44.100 [main] INFO  o.s.b.w.s.FilterRegistrationBean - Mapping filter: 'com.ruider.filter.XssFilter' to urls: [/*]
01:40:44.438 [main] INFO  o.s.s.c.ThreadPoolTaskExecutor - Initializing ExecutorService 'applicationTaskExecutor'
01:40:44.864 [main] INFO  o.a.coyote.http11.Http11NioProtocol - Starting ProtocolHandler ["http-nio-8080"]
01:40:44.885 [main] INFO  o.a.tomcat.util.net.NioSelectorPool - Using a shared selector for servlet write/read
01:40:44.897 [main] INFO  o.s.b.w.e.tomcat.TomcatWebServer - Tomcat started on port(s): 8080 (http) with context path ''
01:40:44.901 [main] INFO  com.ruider.Application - Started Application in 2.679 seconds (JVM running for 3.171)
01:40:51.152 [http-nio-8080-exec-1] INFO  o.a.c.c.C.[Tomcat].[localhost].[/] - Initializing Spring DispatcherServlet 'dispatcherServlet'
01:40:51.152 [http-nio-8080-exec-1] INFO  o.s.web.servlet.DispatcherServlet - Initializing Servlet 'dispatcherServlet'
01:40:51.158 [http-nio-8080-exec-1] INFO  o.s.web.servlet.DispatcherServlet - Completed initialization in 6 ms
01:40:51.163 [http-nio-8080-exec-1] INFO  com.ruider.filter.XssFilter - 【自定义过滤器】 doFilter
01:40:51.230 [http-nio-8080-exec-1] INFO  com.ruider.controller.UserController - addUserInfoIfNoSaved start
01:40:51.243 [http-nio-8080-exec-1] INFO  com.zaxxer.hikari.HikariDataSource - HikariPool-1 - Starting...
01:40:51.244 [http-nio-8080-exec-1] WARN  c.z.hikari.util.DriverDataSource - Registered driver with driverClassName=com.mysql.jdbc.Driver was not found, trying direct instantiation.
01:40:51.544 [http-nio-8080-exec-1] INFO  com.zaxxer.hikari.HikariDataSource - HikariPool-1 - Start completed.
01:40:51.581 [http-nio-8080-exec-1] INFO  com.ruider.controller.UserController - 【用户信息已存在】addUserInfoIfNoSaved fail
01:40:54.744 [http-nio-8080-exec-2] INFO  com.ruider.filter.XssFilter - 【自定义过滤器】 doFilter
01:40:54.749 [http-nio-8080-exec-2] INFO  c.r.c.NeedsManagementController - 【获取类型列表开始】 getNeedsByCategotyId start
01:40:54.755 [http-nio-8080-exec-2] INFO  c.r.c.NeedsManagementController - 【获取类型列表成功】 getNeedsByCategotyId success
01:40:57.114 [http-nio-8080-exec-3] INFO  com.ruider.filter.XssFilter - 【自定义过滤器】 doFilter
01:40:57.115 [http-nio-8080-exec-3] INFO  c.r.c.NeedsManagementController - 【获取需求信息开始】 getNeedsDetailsById start
01:40:57.118 [http-nio-8080-exec-3] INFO  c.r.c.NeedsManagementController - 【获取需求信息成功】 getNeedsDetailsById success
01:41:57.546 [http-nio-8080-exec-5] INFO  com.ruider.filter.XssFilter - 【自定义过滤器】 doFilter
01:41:57.549 [http-nio-8080-exec-5] INFO  com.ruider.controller.UserController - addUserInfoIfNoSaved start
01:41:57.552 [http-nio-8080-exec-5] INFO  com.ruider.controller.UserController - 【用户信息已存在】addUserInfoIfNoSaved fail
01:41:59.648 [http-nio-8080-exec-6] INFO  com.ruider.filter.XssFilter - 【自定义过滤器】 doFilter
01:41:59.649 [http-nio-8080-exec-6] INFO  c.r.c.NeedsManagementController - 【获取类型列表开始】 getNeedsByCategotyId start
01:41:59.651 [http-nio-8080-exec-6] INFO  c.r.c.NeedsManagementController - 【获取类型列表成功】 getNeedsByCategotyId success
01:42:00.742 [http-nio-8080-exec-7] INFO  com.ruider.filter.XssFilter - 【自定义过滤器】 doFilter
01:42:00.743 [http-nio-8080-exec-7] INFO  c.r.c.NeedsManagementController - 【获取需求信息开始】 getNeedsDetailsById start
01:42:00.745 [http-nio-8080-exec-7] INFO  c.r.c.NeedsManagementController - 【获取需求信息成功】 getNeedsDetailsById success
01:45:21.040 [http-nio-8080-exec-9] INFO  com.ruider.filter.XssFilter - 【自定义过滤器】 doFilter
01:45:21.044 [http-nio-8080-exec-9] INFO  com.ruider.controller.UserController - addUserInfoIfNoSaved start
01:45:21.046 [http-nio-8080-exec-9] INFO  com.ruider.controller.UserController - 【用户信息已存在】addUserInfoIfNoSaved fail
01:45:23.486 [http-nio-8080-exec-10] INFO  com.ruider.filter.XssFilter - 【自定义过滤器】 doFilter
01:45:23.486 [http-nio-8080-exec-10] INFO  c.r.c.NeedsManagementController - 【获取类型列表开始】 getNeedsByCategotyId start
01:45:23.489 [http-nio-8080-exec-10] INFO  c.r.c.NeedsManagementController - 【获取类型列表成功】 getNeedsByCategotyId success
01:45:24.838 [http-nio-8080-exec-1] INFO  com.ruider.filter.XssFilter - 【自定义过滤器】 doFilter
01:45:24.838 [http-nio-8080-exec-1] INFO  c.r.c.NeedsManagementController - 【获取需求信息开始】 getNeedsDetailsById start
01:45:24.840 [http-nio-8080-exec-1] INFO  c.r.c.NeedsManagementController - 【获取需求信息成功】 getNeedsDetailsById success
01:46:34.823 [http-nio-8080-exec-3] INFO  com.ruider.filter.XssFilter - 【自定义过滤器】 doFilter
01:46:34.825 [http-nio-8080-exec-3] INFO  com.ruider.controller.UserController - addUserInfoIfNoSaved start
01:46:34.828 [http-nio-8080-exec-3] INFO  com.ruider.controller.UserController - 【用户信息已存在】addUserInfoIfNoSaved fail
01:46:37.927 [http-nio-8080-exec-4] INFO  com.ruider.filter.XssFilter - 【自定义过滤器】 doFilter
01:46:37.928 [http-nio-8080-exec-4] INFO  c.r.c.NeedsManagementController - 【获取类型列表开始】 getNeedsByCategotyId start
01:46:37.930 [http-nio-8080-exec-4] INFO  c.r.c.NeedsManagementController - 【获取类型列表成功】 getNeedsByCategotyId success
01:46:39.063 [http-nio-8080-exec-5] INFO  com.ruider.filter.XssFilter - 【自定义过滤器】 doFilter
01:46:39.064 [http-nio-8080-exec-5] INFO  c.r.c.NeedsManagementController - 【获取需求信息开始】 getNeedsDetailsById start
01:46:39.066 [http-nio-8080-exec-5] INFO  c.r.c.NeedsManagementController - 【获取需求信息成功】 getNeedsDetailsById success
01:50:25.360 [http-nio-8080-exec-7] INFO  com.ruider.filter.XssFilter - 【自定义过滤器】 doFilter
01:50:25.363 [http-nio-8080-exec-7] INFO  com.ruider.controller.UserController - addUserInfoIfNoSaved start
01:50:25.365 [http-nio-8080-exec-7] INFO  com.ruider.controller.UserController - 【用户信息已存在】addUserInfoIfNoSaved fail
01:50:27.660 [http-nio-8080-exec-8] INFO  com.ruider.filter.XssFilter - 【自定义过滤器】 doFilter
01:50:27.661 [http-nio-8080-exec-8] INFO  c.r.c.NeedsManagementController - 【获取类型列表开始】 getNeedsByCategotyId start
01:50:27.663 [http-nio-8080-exec-8] INFO  c.r.c.NeedsManagementController - 【获取类型列表成功】 getNeedsByCategotyId success
01:50:29.091 [http-nio-8080-exec-9] INFO  com.ruider.filter.XssFilter - 【自定义过滤器】 doFilter
01:50:29.092 [http-nio-8080-exec-9] INFO  c.r.c.NeedsManagementController - 【获取需求信息开始】 getNeedsDetailsById start
01:50:29.094 [http-nio-8080-exec-9] INFO  c.r.c.NeedsManagementController - 【获取需求信息成功】 getNeedsDetailsById success
01:51:24.980 [http-nio-8080-exec-10] INFO  com.ruider.filter.XssFilter - 【自定义过滤器】 doFilter
01:51:24.982 [http-nio-8080-exec-10] INFO  com.ruider.controller.UserController - addUserInfoIfNoSaved start
01:51:24.985 [http-nio-8080-exec-10] INFO  com.ruider.controller.UserController - 【用户信息已存在】addUserInfoIfNoSaved fail
01:51:26.864 [http-nio-8080-exec-1] INFO  com.ruider.filter.XssFilter - 【自定义过滤器】 doFilter
01:51:26.865 [http-nio-8080-exec-1] INFO  c.r.c.NeedsManagementController - 【获取类型列表开始】 getNeedsByCategotyId start
01:51:26.867 [http-nio-8080-exec-1] INFO  c.r.c.NeedsManagementController - 【获取类型列表成功】 getNeedsByCategotyId success
01:51:27.920 [http-nio-8080-exec-2] INFO  com.ruider.filter.XssFilter - 【自定义过滤器】 doFilter
01:51:27.920 [http-nio-8080-exec-2] INFO  c.r.c.NeedsManagementController - 【获取需求信息开始】 getNeedsDetailsById start
01:51:27.923 [http-nio-8080-exec-2] INFO  c.r.c.NeedsManagementController - 【获取需求信息成功】 getNeedsDetailsById success
02:11:15.611 [Thread-3] INFO  o.s.s.c.ThreadPoolTaskExecutor - Shutting down ExecutorService 'applicationTaskExecutor'
02:11:15.611 [Thread-3] INFO  com.zaxxer.hikari.HikariDataSource - HikariPool-1 - Shutdown initiated...
02:11:15.617 [Thread-3] INFO  com.zaxxer.hikari.HikariDataSource - HikariPool-1 - Shutdown completed.
02:11:19.519 [main] INFO  com.ruider.Application - Starting Application on admindeMacBook-Pro.local with PID 9041 (/Users/mahede/ruider/MyProject/RuiDerWX/target/classes started by mahede in /Users/mahede/ruider/MyProject/RuiDerWX)
02:11:19.525 [main] INFO  com.ruider.Application - No active profile set, falling back to default profiles: default
02:11:20.154 [main] INFO  o.s.d.r.c.RepositoryConfigurationDelegate - Multiple Spring Data modules found, entering strict repository configuration mode!
02:11:20.156 [main] INFO  o.s.d.r.c.RepositoryConfigurationDelegate - Bootstrapping Spring Data repositories in DEFAULT mode.
02:11:20.180 [main] INFO  o.s.d.r.c.RepositoryConfigurationDelegate - Finished Spring Data repository scanning in 14ms. Found 0 repository interfaces.
02:11:20.433 [main] INFO  o.s.c.s.PostProcessorRegistrationDelegate$BeanPostProcessorChecker - Bean 'org.springframework.transaction.annotation.ProxyTransactionManagementConfiguration' of type [org.springframework.transaction.annotation.ProxyTransactionManagementConfiguration$$EnhancerBySpringCGLIB$$7684c2a] is not eligible for getting processed by all BeanPostProcessors (for example: not eligible for auto-proxying)
02:11:20.688 [main] INFO  o.s.b.w.e.tomcat.TomcatWebServer - Tomcat initialized with port(s): 8080 (http)
02:11:20.700 [main] INFO  o.a.coyote.http11.Http11NioProtocol - Initializing ProtocolHandler ["http-nio-8080"]
02:11:20.704 [main] INFO  o.a.catalina.core.StandardService - Starting service [Tomcat]
02:11:20.704 [main] INFO  o.a.catalina.core.StandardEngine - Starting Servlet Engine: Apache Tomcat/9.0.12
02:11:20.710 [main] INFO  o.a.c.core.AprLifecycleListener - The APR based Apache Tomcat Native library which allows optimal performance in production environments was not found on the java.library.path: [/Users/mahede/Library/Java/Extensions:/Library/Java/Extensions:/Network/Library/Java/Extensions:/System/Library/Java/Extensions:/usr/lib/java:.]
02:11:20.786 [main] INFO  o.a.c.c.C.[Tomcat].[localhost].[/] - Initializing Spring embedded WebApplicationContext
02:11:20.786 [main] INFO  o.s.web.context.ContextLoader - Root WebApplicationContext: initialization completed in 1209 ms
02:11:20.824 [main] INFO  o.s.b.w.s.ServletRegistrationBean - Servlet dispatcherServlet mapped to [/]
02:11:20.828 [main] INFO  o.s.b.w.s.FilterRegistrationBean - Mapping filter: 'characterEncodingFilter' to: [/*]
02:11:20.828 [main] INFO  o.s.b.w.s.FilterRegistrationBean - Mapping filter: 'hiddenHttpMethodFilter' to: [/*]
02:11:20.828 [main] INFO  o.s.b.w.s.FilterRegistrationBean - Mapping filter: 'formContentFilter' to: [/*]
02:11:20.828 [main] INFO  o.s.b.w.s.FilterRegistrationBean - Mapping filter: 'requestContextFilter' to: [/*]
02:11:20.828 [main] INFO  o.s.b.w.s.FilterRegistrationBean - Mapping filter: 'com.ruider.filter.XssFilter' to urls: [/*]
02:11:21.155 [main] INFO  o.s.s.c.ThreadPoolTaskExecutor - Initializing ExecutorService 'applicationTaskExecutor'
02:11:21.602 [main] INFO  o.a.coyote.http11.Http11NioProtocol - Starting ProtocolHandler ["http-nio-8080"]
02:11:21.625 [main] INFO  o.a.tomcat.util.net.NioSelectorPool - Using a shared selector for servlet write/read
02:11:21.637 [main] INFO  o.s.b.w.e.tomcat.TomcatWebServer - Tomcat started on port(s): 8080 (http) with context path ''
02:11:21.641 [main] INFO  com.ruider.Application - Started Application in 2.765 seconds (JVM running for 3.198)
02:12:55.343 [http-nio-8080-exec-1] INFO  o.a.c.c.C.[Tomcat].[localhost].[/] - Initializing Spring DispatcherServlet 'dispatcherServlet'
02:12:55.343 [http-nio-8080-exec-1] INFO  o.s.web.servlet.DispatcherServlet - Initializing Servlet 'dispatcherServlet'
02:12:55.348 [http-nio-8080-exec-1] INFO  o.s.web.servlet.DispatcherServlet - Completed initialization in 5 ms
02:12:55.353 [http-nio-8080-exec-1] INFO  com.ruider.filter.XssFilter - 【自定义过滤器】 doFilter
02:12:55.418 [http-nio-8080-exec-1] INFO  com.ruider.controller.UserController - addUserInfoIfNoSaved start
02:12:55.430 [http-nio-8080-exec-1] INFO  com.zaxxer.hikari.HikariDataSource - HikariPool-1 - Starting...
02:12:55.431 [http-nio-8080-exec-1] WARN  c.z.hikari.util.DriverDataSource - Registered driver with driverClassName=com.mysql.jdbc.Driver was not found, trying direct instantiation.
02:12:55.720 [http-nio-8080-exec-1] INFO  com.zaxxer.hikari.HikariDataSource - HikariPool-1 - Start completed.
02:12:55.758 [http-nio-8080-exec-1] INFO  com.ruider.controller.UserController - 【用户信息已存在】addUserInfoIfNoSaved fail
02:13:53.662 [http-nio-8080-exec-2] INFO  com.ruider.filter.XssFilter - 【自定义过滤器】 doFilter
02:13:53.664 [http-nio-8080-exec-2] INFO  com.ruider.controller.UserController - addUserInfoIfNoSaved start
02:13:53.669 [http-nio-8080-exec-2] INFO  com.ruider.controller.UserController - 【用户信息已存在】addUserInfoIfNoSaved fail
02:13:55.790 [http-nio-8080-exec-3] INFO  com.ruider.filter.XssFilter - 【自定义过滤器】 doFilter
02:13:55.796 [http-nio-8080-exec-3] INFO  c.r.c.NeedsManagementController - 【获取类型列表开始】 getNeedsByCategotyId start
02:13:55.800 [http-nio-8080-exec-3] INFO  c.r.c.NeedsManagementController - 【获取类型列表成功】 getNeedsByCategotyId success
02:13:57.303 [http-nio-8080-exec-4] INFO  com.ruider.filter.XssFilter - 【自定义过滤器】 doFilter
02:13:57.305 [http-nio-8080-exec-4] INFO  c.r.c.NeedsManagementController - 【获取需求信息开始】 getNeedsDetailsById start
02:13:57.307 [http-nio-8080-exec-4] INFO  c.r.c.NeedsManagementController - 【获取需求信息成功】 getNeedsDetailsById success
02:14:14.483 [http-nio-8080-exec-5] INFO  com.ruider.filter.XssFilter - 【自定义过滤器】 doFilter
02:14:14.485 [http-nio-8080-exec-5] INFO  c.r.c.NeedsManagementController - 【修改需求开始】 editNeeds start
02:14:14.507 [http-nio-8080-exec-5] INFO  c.r.c.NeedsManagementController - 【修改需求成功】 editNeeds success
02:16:08.389 [http-nio-8080-exec-7] INFO  com.ruider.filter.XssFilter - 【自定义过滤器】 doFilter
02:16:08.391 [http-nio-8080-exec-7] INFO  com.ruider.controller.UserController - addUserInfoIfNoSaved start
02:16:08.394 [http-nio-8080-exec-7] INFO  com.ruider.controller.UserController - 【用户信息已存在】addUserInfoIfNoSaved fail
02:16:10.294 [http-nio-8080-exec-8] INFO  com.ruider.filter.XssFilter - 【自定义过滤器】 doFilter
02:16:10.295 [http-nio-8080-exec-8] INFO  c.r.c.NeedsManagementController - 【获取类型列表开始】 getNeedsByCategotyId start
02:16:10.298 [http-nio-8080-exec-8] INFO  c.r.c.NeedsManagementController - 【获取类型列表成功】 getNeedsByCategotyId success
02:16:13.286 [http-nio-8080-exec-9] INFO  com.ruider.filter.XssFilter - 【自定义过滤器】 doFilter
02:16:13.287 [http-nio-8080-exec-9] INFO  c.r.c.NeedsManagementController - 【获取类型列表开始】 getNeedsByCategotyId start
02:16:13.291 [http-nio-8080-exec-9] INFO  c.r.c.NeedsManagementController - 【获取类型列表成功】 getNeedsByCategotyId success
02:16:27.771 [http-nio-8080-exec-10] INFO  com.ruider.filter.XssFilter - 【自定义过滤器】 doFilter
02:16:27.772 [http-nio-8080-exec-10] INFO  c.r.c.NeedsManagementController - 【获取类型列表开始】 getNeedsByCategotyId start
02:16:27.774 [http-nio-8080-exec-10] INFO  c.r.c.NeedsManagementController - 【获取类型列表成功】 getNeedsByCategotyId success
02:16:29.107 [http-nio-8080-exec-1] INFO  com.ruider.filter.XssFilter - 【自定义过滤器】 doFilter
02:16:29.108 [http-nio-8080-exec-1] INFO  c.r.c.NeedsManagementController - 【获取需求信息开始】 getNeedsDetailsById start
02:16:29.110 [http-nio-8080-exec-1] INFO  c.r.c.NeedsManagementController - 【获取需求信息成功】 getNeedsDetailsById success
02:17:19.425 [http-nio-8080-exec-2] INFO  com.ruider.filter.XssFilter - 【自定义过滤器】 doFilter
02:17:19.426 [http-nio-8080-exec-2] INFO  c.r.c.NeedsManagementController - 【获取用户所有列表开始】 getNeedsByUserId start
02:17:19.433 [http-nio-8080-exec-2] INFO  c.r.c.NeedsManagementController - 【获取用户所有列表成功】 getNeedsByUserId success
02:17:26.646 [http-nio-8080-exec-3] INFO  com.ruider.filter.XssFilter - 【自定义过滤器】 doFilter
02:17:26.646 [http-nio-8080-exec-3] INFO  c.r.c.NeedsManagementController - 【获取类型列表开始】 getNeedsByCategotyId start
02:17:26.649 [http-nio-8080-exec-3] INFO  c.r.c.NeedsManagementController - 【获取类型列表成功】 getNeedsByCategotyId success
02:17:29.470 [http-nio-8080-exec-4] INFO  com.ruider.filter.XssFilter - 【自定义过滤器】 doFilter
02:17:29.472 [http-nio-8080-exec-4] INFO  c.r.c.NeedsManagementController - 【获取用户所有列表开始】 getNeedsByUserId start
02:17:29.475 [http-nio-8080-exec-4] INFO  c.r.c.NeedsManagementController - 【获取用户所有列表成功】 getNeedsByUserId success
02:17:44.322 [http-nio-8080-exec-5] INFO  com.ruider.filter.XssFilter - 【自定义过滤器】 doFilter
02:17:44.323 [http-nio-8080-exec-5] INFO  c.r.c.NeedsManagementController - 【获取类型列表开始】 getNeedsByCategotyId start
02:17:44.325 [http-nio-8080-exec-5] INFO  c.r.c.NeedsManagementController - 【获取类型列表成功】 getNeedsByCategotyId success
02:17:45.974 [http-nio-8080-exec-6] INFO  com.ruider.filter.XssFilter - 【自定义过滤器】 doFilter
02:17:45.975 [http-nio-8080-exec-6] INFO  c.r.c.NeedsManagementController - 【获取需求信息开始】 getNeedsDetailsById start
02:17:45.977 [http-nio-8080-exec-6] INFO  c.r.c.NeedsManagementController - 【获取需求信息成功】 getNeedsDetailsById success
02:17:54.360 [http-nio-8080-exec-7] INFO  com.ruider.filter.XssFilter - 【自定义过滤器】 doFilter
02:17:54.361 [http-nio-8080-exec-7] INFO  com.ruider.controller.UserController - getUserDetails start 
02:17:54.363 [http-nio-8080-exec-7] INFO  com.ruider.controller.UserController - 【获取用户信息成功】getUserDetails success, userName:布玮
02:17:57.543 [http-nio-8080-exec-8] INFO  com.ruider.filter.XssFilter - 【自定义过滤器】 doFilter
02:17:57.544 [http-nio-8080-exec-8] INFO  c.r.c.NeedsManagementController - 【获取类型列表开始】 getNeedsByCategotyId start
02:17:57.547 [http-nio-8080-exec-8] INFO  c.r.c.NeedsManagementController - 【获取类型列表成功】 getNeedsByCategotyId success
02:18:03.420 [http-nio-8080-exec-9] INFO  com.ruider.filter.XssFilter - 【自定义过滤器】 doFilter
02:18:03.421 [http-nio-8080-exec-9] INFO  c.r.c.NeedsManagementController - 【获取类型列表开始】 getNeedsByCategotyId start
02:18:03.422 [http-nio-8080-exec-9] INFO  c.r.c.NeedsManagementController - 【获取类型列表成功】 getNeedsByCategotyId success
02:18:06.095 [http-nio-8080-exec-10] INFO  com.ruider.filter.XssFilter - 【自定义过滤器】 doFilter
02:18:06.096 [http-nio-8080-exec-10] INFO  c.r.c.NeedsManagementController - 【获取类型列表开始】 getNeedsByCategotyId start
02:18:06.098 [http-nio-8080-exec-10] INFO  c.r.c.NeedsManagementController - 【获取类型列表成功】 getNeedsByCategotyId success
02:18:07.925 [http-nio-8080-exec-1] INFO  com.ruider.filter.XssFilter - 【自定义过滤器】 doFilter
02:18:07.926 [http-nio-8080-exec-1] INFO  c.r.c.NeedsManagementController - 【获取类型列表开始】 getNeedsByCategotyId start
02:18:07.928 [http-nio-8080-exec-1] INFO  c.r.c.NeedsManagementController - 【获取类型列表成功】 getNeedsByCategotyId success
02:19:01.506 [http-nio-8080-exec-2] INFO  com.ruider.filter.XssFilter - 【自定义过滤器】 doFilter
02:19:01.507 [http-nio-8080-exec-2] INFO  com.ruider.controller.UserController - getUserDetails start 
02:19:01.509 [http-nio-8080-exec-2] INFO  com.ruider.controller.UserController - 【获取用户信息成功】getUserDetails success, userName:布玮
02:19:06.028 [http-nio-8080-exec-3] INFO  com.ruider.filter.XssFilter - 【自定义过滤器】 doFilter
02:19:06.029 [http-nio-8080-exec-3] INFO  c.r.c.NeedsManagementController - 【获取用户所有列表开始】 getNeedsByUserId start
02:19:06.032 [http-nio-8080-exec-3] INFO  c.r.c.NeedsManagementController - 【获取用户所有列表成功】 getNeedsByUserId success
02:19:09.910 [http-nio-8080-exec-4] INFO  com.ruider.filter.XssFilter - 【自定义过滤器】 doFilter
02:19:09.911 [http-nio-8080-exec-4] INFO  c.r.c.NeedsManagementController - 【获取类型列表开始】 getNeedsByCategotyId start
02:19:09.913 [http-nio-8080-exec-4] INFO  c.r.c.NeedsManagementController - 【获取类型列表成功】 getNeedsByCategotyId success
02:19:11.662 [http-nio-8080-exec-5] INFO  com.ruider.filter.XssFilter - 【自定义过滤器】 doFilter
02:19:11.663 [http-nio-8080-exec-5] INFO  c.r.c.NeedsManagementController - 【获取类型列表开始】 getNeedsByCategotyId start
02:19:11.665 [http-nio-8080-exec-5] INFO  c.r.c.NeedsManagementController - 【获取类型列表成功】 getNeedsByCategotyId success
02:19:13.599 [http-nio-8080-exec-6] INFO  com.ruider.filter.XssFilter - 【自定义过滤器】 doFilter
02:19:13.600 [http-nio-8080-exec-6] INFO  c.r.c.NeedsManagementController - 【获取类型列表开始】 getNeedsByCategotyId start
02:19:13.602 [http-nio-8080-exec-6] INFO  c.r.c.NeedsManagementController - 【获取类型列表成功】 getNeedsByCategotyId success
02:19:15.596 [http-nio-8080-exec-7] INFO  com.ruider.filter.XssFilter - 【自定义过滤器】 doFilter
02:19:15.597 [http-nio-8080-exec-7] INFO  c.r.c.NeedsManagementController - 【获取类型列表开始】 getNeedsByCategotyId start
02:19:15.598 [http-nio-8080-exec-7] INFO  c.r.c.NeedsManagementController - 【获取类型列表成功】 getNeedsByCategotyId success
02:19:24.231 [http-nio-8080-exec-8] INFO  com.ruider.filter.XssFilter - 【自定义过滤器】 doFilter
02:19:24.232 [http-nio-8080-exec-8] INFO  c.r.c.NeedsManagementController - 【获取类型列表开始】 getNeedsByCategotyId start
02:19:24.234 [http-nio-8080-exec-8] INFO  c.r.c.NeedsManagementController - 【获取类型列表成功】 getNeedsByCategotyId success
02:19:36.327 [Thread-3] INFO  o.s.s.c.ThreadPoolTaskExecutor - Shutting down ExecutorService 'applicationTaskExecutor'
02:19:36.328 [Thread-3] INFO  com.zaxxer.hikari.HikariDataSource - HikariPool-1 - Shutdown initiated...
02:19:36.335 [Thread-3] INFO  com.zaxxer.hikari.HikariDataSource - HikariPool-1 - Shutdown completed.
12:56:49.462 [main] INFO  com.ruider.Application - Starting Application on admindeMacBook-Pro.local with PID 9359 (/Users/mahede/ruider/MyProject/RuiDerWX/target/classes started by mahede in /Users/mahede/ruider/MyProject/RuiDerWX)
12:56:49.465 [main] INFO  com.ruider.Application - No active profile set, falling back to default profiles: default
12:56:50.443 [main] INFO  o.s.d.r.c.RepositoryConfigurationDelegate - Multiple Spring Data modules found, entering strict repository configuration mode!
12:56:50.446 [main] INFO  o.s.d.r.c.RepositoryConfigurationDelegate - Bootstrapping Spring Data repositories in DEFAULT mode.
12:56:50.479 [main] INFO  o.s.d.r.c.RepositoryConfigurationDelegate - Finished Spring Data repository scanning in 17ms. Found 0 repository interfaces.
12:56:50.770 [main] INFO  o.s.c.s.PostProcessorRegistrationDelegate$BeanPostProcessorChecker - Bean 'org.springframework.transaction.annotation.ProxyTransactionManagementConfiguration' of type [org.springframework.transaction.annotation.ProxyTransactionManagementConfiguration$$EnhancerBySpringCGLIB$$ca53dd09] is not eligible for getting processed by all BeanPostProcessors (for example: not eligible for auto-proxying)
12:56:51.069 [main] INFO  o.s.b.w.e.tomcat.TomcatWebServer - Tomcat initialized with port(s): 8080 (http)
12:56:51.084 [main] INFO  o.a.coyote.http11.Http11NioProtocol - Initializing ProtocolHandler ["http-nio-8080"]
12:56:51.089 [main] INFO  o.a.catalina.core.StandardService - Starting service [Tomcat]
12:56:51.089 [main] INFO  o.a.catalina.core.StandardEngine - Starting Servlet Engine: Apache Tomcat/9.0.12
12:56:51.096 [main] INFO  o.a.c.core.AprLifecycleListener - The APR based Apache Tomcat Native library which allows optimal performance in production environments was not found on the java.library.path: [/Users/mahede/Library/Java/Extensions:/Library/Java/Extensions:/Network/Library/Java/Extensions:/System/Library/Java/Extensions:/usr/lib/java:.]
12:56:51.179 [main] INFO  o.a.c.c.C.[Tomcat].[localhost].[/] - Initializing Spring embedded WebApplicationContext
12:56:51.180 [main] INFO  o.s.web.context.ContextLoader - Root WebApplicationContext: initialization completed in 1627 ms
12:56:51.216 [main] INFO  o.s.b.w.s.ServletRegistrationBean - Servlet dispatcherServlet mapped to [/]
12:56:51.220 [main] INFO  o.s.b.w.s.FilterRegistrationBean - Mapping filter: 'characterEncodingFilter' to: [/*]
12:56:51.220 [main] INFO  o.s.b.w.s.FilterRegistrationBean - Mapping filter: 'hiddenHttpMethodFilter' to: [/*]
12:56:51.220 [main] INFO  o.s.b.w.s.FilterRegistrationBean - Mapping filter: 'formContentFilter' to: [/*]
12:56:51.220 [main] INFO  o.s.b.w.s.FilterRegistrationBean - Mapping filter: 'requestContextFilter' to: [/*]
12:56:51.220 [main] INFO  o.s.b.w.s.FilterRegistrationBean - Mapping filter: 'com.ruider.filter.XssFilter' to urls: [/*]
12:56:51.633 [main] INFO  o.s.s.c.ThreadPoolTaskExecutor - Initializing ExecutorService 'applicationTaskExecutor'
12:56:52.192 [main] INFO  o.a.coyote.http11.Http11NioProtocol - Starting ProtocolHandler ["http-nio-8080"]
12:56:52.216 [main] INFO  o.a.tomcat.util.net.NioSelectorPool - Using a shared selector for servlet write/read
12:56:52.229 [main] INFO  o.s.b.w.e.tomcat.TomcatWebServer - Tomcat started on port(s): 8080 (http) with context path ''
12:56:52.233 [main] INFO  com.ruider.Application - Started Application in 3.803 seconds (JVM running for 4.582)
12:56:54.453 [http-nio-8080-exec-1] INFO  o.a.c.c.C.[Tomcat].[localhost].[/] - Initializing Spring DispatcherServlet 'dispatcherServlet'
12:56:54.453 [http-nio-8080-exec-1] INFO  o.s.web.servlet.DispatcherServlet - Initializing Servlet 'dispatcherServlet'
12:56:54.460 [http-nio-8080-exec-1] INFO  o.s.web.servlet.DispatcherServlet - Completed initialization in 6 ms
12:56:54.465 [http-nio-8080-exec-1] INFO  com.ruider.filter.XssFilter - 【自定义过滤器】 doFilter
12:56:54.550 [http-nio-8080-exec-1] INFO  com.ruider.controller.UserController - addUserInfoIfNoSaved start
12:56:54.567 [http-nio-8080-exec-1] INFO  com.zaxxer.hikari.HikariDataSource - HikariPool-1 - Starting...
12:56:54.568 [http-nio-8080-exec-1] WARN  c.z.hikari.util.DriverDataSource - Registered driver with driverClassName=com.mysql.jdbc.Driver was not found, trying direct instantiation.
12:56:54.887 [http-nio-8080-exec-1] INFO  com.zaxxer.hikari.HikariDataSource - HikariPool-1 - Start completed.
12:56:54.931 [http-nio-8080-exec-1] INFO  com.ruider.controller.UserController - 【用户信息已存在】addUserInfoIfNoSaved fail
12:56:57.890 [http-nio-8080-exec-2] INFO  com.ruider.filter.XssFilter - 【自定义过滤器】 doFilter
12:56:57.895 [http-nio-8080-exec-2] INFO  c.r.c.NeedsManagementController - 【获取类型列表开始】 getNeedsByCategotyId start
12:56:57.902 [http-nio-8080-exec-2] INFO  c.r.c.NeedsManagementController - 【获取类型列表成功】 getNeedsByCategotyId success
12:57:28.563 [Thread-3] INFO  o.s.s.c.ThreadPoolTaskExecutor - Shutting down ExecutorService 'applicationTaskExecutor'
12:57:28.564 [Thread-3] INFO  com.zaxxer.hikari.HikariDataSource - HikariPool-1 - Shutdown initiated...
12:57:28.575 [Thread-3] INFO  com.zaxxer.hikari.HikariDataSource - HikariPool-1 - Shutdown completed.
12:57:33.217 [main] INFO  com.ruider.Application - Starting Application on admindeMacBook-Pro.local with PID 9364 (/Users/mahede/ruider/MyProject/RuiDerWX/target/classes started by mahede in /Users/mahede/ruider/MyProject/RuiDerWX)
12:57:33.222 [main] INFO  com.ruider.Application - No active profile set, falling back to default profiles: default
12:57:33.975 [main] INFO  o.s.d.r.c.RepositoryConfigurationDelegate - Multiple Spring Data modules found, entering strict repository configuration mode!
12:57:33.977 [main] INFO  o.s.d.r.c.RepositoryConfigurationDelegate - Bootstrapping Spring Data repositories in DEFAULT mode.
12:57:34.005 [main] INFO  o.s.d.r.c.RepositoryConfigurationDelegate - Finished Spring Data repository scanning in 16ms. Found 0 repository interfaces.
12:57:34.339 [main] INFO  o.s.c.s.PostProcessorRegistrationDelegate$BeanPostProcessorChecker - Bean 'org.springframework.transaction.annotation.ProxyTransactionManagementConfiguration' of type [org.springframework.transaction.annotation.ProxyTransactionManagementConfiguration$$EnhancerBySpringCGLIB$$48940d6e] is not eligible for getting processed by all BeanPostProcessors (for example: not eligible for auto-proxying)
12:57:34.727 [main] INFO  o.s.b.w.e.tomcat.TomcatWebServer - Tomcat initialized with port(s): 8080 (http)
12:57:34.757 [main] INFO  o.a.coyote.http11.Http11NioProtocol - Initializing ProtocolHandler ["http-nio-8080"]
12:57:34.764 [main] INFO  o.a.catalina.core.StandardService - Starting service [Tomcat]
12:57:34.764 [main] INFO  o.a.catalina.core.StandardEngine - Starting Servlet Engine: Apache Tomcat/9.0.12
12:57:34.771 [main] INFO  o.a.c.core.AprLifecycleListener - The APR based Apache Tomcat Native library which allows optimal performance in production environments was not found on the java.library.path: [/Users/mahede/Library/Java/Extensions:/Library/Java/Extensions:/Network/Library/Java/Extensions:/System/Library/Java/Extensions:/usr/lib/java:.]
12:57:34.888 [main] INFO  o.a.c.c.C.[Tomcat].[localhost].[/] - Initializing Spring embedded WebApplicationContext
12:57:34.888 [main] INFO  o.s.web.context.ContextLoader - Root WebApplicationContext: initialization completed in 1576 ms
12:57:35.055 [main] INFO  o.s.b.w.s.ServletRegistrationBean - Servlet dispatcherServlet mapped to [/]
12:57:35.063 [main] INFO  o.s.b.w.s.FilterRegistrationBean - Mapping filter: 'characterEncodingFilter' to: [/*]
12:57:35.064 [main] INFO  o.s.b.w.s.FilterRegistrationBean - Mapping filter: 'hiddenHttpMethodFilter' to: [/*]
12:57:35.064 [main] INFO  o.s.b.w.s.FilterRegistrationBean - Mapping filter: 'formContentFilter' to: [/*]
12:57:35.064 [main] INFO  o.s.b.w.s.FilterRegistrationBean - Mapping filter: 'requestContextFilter' to: [/*]
12:57:35.064 [main] INFO  o.s.b.w.s.FilterRegistrationBean - Mapping filter: 'com.ruider.filter.XssFilter' to urls: [/*]
12:57:36.383 [main] INFO  o.s.s.c.ThreadPoolTaskExecutor - Initializing ExecutorService 'applicationTaskExecutor'
12:57:37.370 [main] INFO  o.a.coyote.http11.Http11NioProtocol - Starting ProtocolHandler ["http-nio-8080"]
12:57:37.400 [main] INFO  o.a.tomcat.util.net.NioSelectorPool - Using a shared selector for servlet write/read
12:57:37.422 [main] INFO  o.s.b.w.e.tomcat.TomcatWebServer - Tomcat started on port(s): 8080 (http) with context path ''
12:57:37.426 [main] INFO  com.ruider.Application - Started Application in 4.942 seconds (JVM running for 5.646)
12:58:20.102 [http-nio-8080-exec-1] INFO  o.a.c.c.C.[Tomcat].[localhost].[/] - Initializing Spring DispatcherServlet 'dispatcherServlet'
12:58:20.102 [http-nio-8080-exec-1] INFO  o.s.web.servlet.DispatcherServlet - Initializing Servlet 'dispatcherServlet'
12:58:20.108 [http-nio-8080-exec-1] INFO  o.s.web.servlet.DispatcherServlet - Completed initialization in 6 ms
12:58:20.114 [http-nio-8080-exec-1] INFO  com.ruider.filter.XssFilter - 【自定义过滤器】 doFilter
12:58:20.138 [http-nio-8080-exec-1] INFO  c.r.c.NeedsManagementController - 【获取类型列表开始】 getNeedsByCategotyId start
12:58:20.153 [http-nio-8080-exec-1] INFO  com.zaxxer.hikari.HikariDataSource - HikariPool-1 - Starting...
12:58:20.155 [http-nio-8080-exec-1] WARN  c.z.hikari.util.DriverDataSource - Registered driver with driverClassName=com.mysql.jdbc.Driver was not found, trying direct instantiation.
12:58:20.487 [http-nio-8080-exec-1] INFO  com.zaxxer.hikari.HikariDataSource - HikariPool-1 - Start completed.
12:58:20.526 [http-nio-8080-exec-1] INFO  c.r.c.NeedsManagementController - 【获取类型列表成功】 getNeedsByCategotyId success
12:58:41.688 [Thread-3] INFO  o.s.s.c.ThreadPoolTaskExecutor - Shutting down ExecutorService 'applicationTaskExecutor'
12:58:41.689 [Thread-3] INFO  com.zaxxer.hikari.HikariDataSource - HikariPool-1 - Shutdown initiated...
12:58:41.702 [Thread-3] INFO  com.zaxxer.hikari.HikariDataSource - HikariPool-1 - Shutdown completed.
13:14:49.180 [main] INFO  com.ruider.Application - Starting Application on admindeMacBook-Pro.local with PID 9454 (/Users/mahede/ruider/MyProject/RuiDerWX/target/classes started by mahede in /Users/mahede/ruider/MyProject/RuiDerWX)
13:14:49.183 [main] INFO  com.ruider.Application - No active profile set, falling back to default profiles: default
13:14:49.744 [main] INFO  o.s.d.r.c.RepositoryConfigurationDelegate - Multiple Spring Data modules found, entering strict repository configuration mode!
13:14:49.746 [main] INFO  o.s.d.r.c.RepositoryConfigurationDelegate - Bootstrapping Spring Data repositories in DEFAULT mode.
13:14:49.769 [main] INFO  o.s.d.r.c.RepositoryConfigurationDelegate - Finished Spring Data repository scanning in 13ms. Found 0 repository interfaces.
13:14:50.034 [main] INFO  o.s.c.s.PostProcessorRegistrationDelegate$BeanPostProcessorChecker - Bean 'org.springframework.transaction.annotation.ProxyTransactionManagementConfiguration' of type [org.springframework.transaction.annotation.ProxyTransactionManagementConfiguration$$EnhancerBySpringCGLIB$$d4b47eda] is not eligible for getting processed by all BeanPostProcessors (for example: not eligible for auto-proxying)
13:14:50.294 [main] INFO  o.s.b.w.e.tomcat.TomcatWebServer - Tomcat initialized with port(s): 8080 (http)
13:14:50.306 [main] INFO  o.a.coyote.http11.Http11NioProtocol - Initializing ProtocolHandler ["http-nio-8080"]
13:14:50.313 [main] INFO  o.a.catalina.core.StandardService - Starting service [Tomcat]
13:14:50.313 [main] INFO  o.a.catalina.core.StandardEngine - Starting Servlet Engine: Apache Tomcat/9.0.12
13:14:50.318 [main] INFO  o.a.c.core.AprLifecycleListener - The APR based Apache Tomcat Native library which allows optimal performance in production environments was not found on the java.library.path: [/Users/mahede/Library/Java/Extensions:/Library/Java/Extensions:/Network/Library/Java/Extensions:/System/Library/Java/Extensions:/usr/lib/java:.]
13:14:50.393 [main] INFO  o.a.c.c.C.[Tomcat].[localhost].[/] - Initializing Spring embedded WebApplicationContext
13:14:50.393 [main] INFO  o.s.web.context.ContextLoader - Root WebApplicationContext: initialization completed in 1156 ms
13:14:50.429 [main] INFO  o.s.b.w.s.ServletRegistrationBean - Servlet dispatcherServlet mapped to [/]
13:14:50.432 [main] INFO  o.s.b.w.s.FilterRegistrationBean - Mapping filter: 'characterEncodingFilter' to: [/*]
13:14:50.432 [main] INFO  o.s.b.w.s.FilterRegistrationBean - Mapping filter: 'hiddenHttpMethodFilter' to: [/*]
13:14:50.433 [main] INFO  o.s.b.w.s.FilterRegistrationBean - Mapping filter: 'formContentFilter' to: [/*]
13:14:50.433 [main] INFO  o.s.b.w.s.FilterRegistrationBean - Mapping filter: 'requestContextFilter' to: [/*]
13:14:50.433 [main] INFO  o.s.b.w.s.FilterRegistrationBean - Mapping filter: 'com.ruider.filter.XssFilter' to urls: [/*]
13:14:50.794 [main] INFO  o.s.s.c.ThreadPoolTaskExecutor - Initializing ExecutorService 'applicationTaskExecutor'
13:14:51.237 [main] INFO  o.a.coyote.http11.Http11NioProtocol - Starting ProtocolHandler ["http-nio-8080"]
13:14:51.260 [main] INFO  o.a.tomcat.util.net.NioSelectorPool - Using a shared selector for servlet write/read
13:14:51.272 [main] INFO  o.s.b.w.e.tomcat.TomcatWebServer - Tomcat started on port(s): 8080 (http) with context path ''
13:14:51.275 [main] INFO  com.ruider.Application - Started Application in 2.802 seconds (JVM running for 3.431)
13:15:27.072 [http-nio-8080-exec-1] INFO  o.a.c.c.C.[Tomcat].[localhost].[/] - Initializing Spring DispatcherServlet 'dispatcherServlet'
13:15:27.072 [http-nio-8080-exec-1] INFO  o.s.web.servlet.DispatcherServlet - Initializing Servlet 'dispatcherServlet'
13:15:27.078 [http-nio-8080-exec-1] INFO  o.s.web.servlet.DispatcherServlet - Completed initialization in 6 ms
13:15:27.083 [http-nio-8080-exec-1] INFO  com.ruider.filter.XssFilter - 【自定义过滤器】 doFilter
13:15:27.102 [http-nio-8080-exec-1] INFO  c.r.c.NeedsManagementController - 【获取类型列表开始】 getNeedsByCategotyId start
13:15:27.115 [http-nio-8080-exec-1] INFO  com.zaxxer.hikari.HikariDataSource - HikariPool-1 - Starting...
13:15:27.115 [http-nio-8080-exec-1] WARN  c.z.hikari.util.DriverDataSource - Registered driver with driverClassName=com.mysql.jdbc.Driver was not found, trying direct instantiation.
13:15:27.401 [http-nio-8080-exec-1] INFO  com.zaxxer.hikari.HikariDataSource - HikariPool-1 - Start completed.
13:15:27.438 [http-nio-8080-exec-1] INFO  c.r.c.NeedsManagementController - 【获取类型列表成功】 getNeedsByCategotyId success
13:16:44.531 [Thread-3] INFO  o.s.s.c.ThreadPoolTaskExecutor - Shutting down ExecutorService 'applicationTaskExecutor'
13:16:44.532 [Thread-3] INFO  com.zaxxer.hikari.HikariDataSource - HikariPool-1 - Shutdown initiated...
13:16:44.546 [Thread-3] INFO  com.zaxxer.hikari.HikariDataSource - HikariPool-1 - Shutdown completed.
13:16:47.297 [main] INFO  com.ruider.Application - Starting Application on admindeMacBook-Pro.local with PID 9460 (/Users/mahede/ruider/MyProject/RuiDerWX/target/classes started by mahede in /Users/mahede/ruider/MyProject/RuiDerWX)
13:16:47.303 [main] INFO  com.ruider.Application - No active profile set, falling back to default profiles: default
13:16:48.106 [main] INFO  o.s.d.r.c.RepositoryConfigurationDelegate - Multiple Spring Data modules found, entering strict repository configuration mode!
13:16:48.108 [main] INFO  o.s.d.r.c.RepositoryConfigurationDelegate - Bootstrapping Spring Data repositories in DEFAULT mode.
13:16:48.137 [main] INFO  o.s.d.r.c.RepositoryConfigurationDelegate - Finished Spring Data repository scanning in 17ms. Found 0 repository interfaces.
13:16:48.474 [main] INFO  o.s.c.s.PostProcessorRegistrationDelegate$BeanPostProcessorChecker - Bean 'org.springframework.transaction.annotation.ProxyTransactionManagementConfiguration' of type [org.springframework.transaction.annotation.ProxyTransactionManagementConfiguration$$EnhancerBySpringCGLIB$$6b79d3b4] is not eligible for getting processed by all BeanPostProcessors (for example: not eligible for auto-proxying)
13:16:48.765 [main] INFO  o.s.b.w.e.tomcat.TomcatWebServer - Tomcat initialized with port(s): 8080 (http)
13:16:48.776 [main] INFO  o.a.coyote.http11.Http11NioProtocol - Initializing ProtocolHandler ["http-nio-8080"]
13:16:48.781 [main] INFO  o.a.catalina.core.StandardService - Starting service [Tomcat]
13:16:48.781 [main] INFO  o.a.catalina.core.StandardEngine - Starting Servlet Engine: Apache Tomcat/9.0.12
13:16:48.787 [main] INFO  o.a.c.core.AprLifecycleListener - The APR based Apache Tomcat Native library which allows optimal performance in production environments was not found on the java.library.path: [/Users/mahede/Library/Java/Extensions:/Library/Java/Extensions:/Network/Library/Java/Extensions:/System/Library/Java/Extensions:/usr/lib/java:.]
13:16:48.864 [main] INFO  o.a.c.c.C.[Tomcat].[localhost].[/] - Initializing Spring embedded WebApplicationContext
13:16:48.865 [main] INFO  o.s.web.context.ContextLoader - Root WebApplicationContext: initialization completed in 1471 ms
13:16:48.909 [main] INFO  o.s.b.w.s.ServletRegistrationBean - Servlet dispatcherServlet mapped to [/]
13:16:48.913 [main] INFO  o.s.b.w.s.FilterRegistrationBean - Mapping filter: 'characterEncodingFilter' to: [/*]
13:16:48.914 [main] INFO  o.s.b.w.s.FilterRegistrationBean - Mapping filter: 'hiddenHttpMethodFilter' to: [/*]
13:16:48.914 [main] INFO  o.s.b.w.s.FilterRegistrationBean - Mapping filter: 'formContentFilter' to: [/*]
13:16:48.914 [main] INFO  o.s.b.w.s.FilterRegistrationBean - Mapping filter: 'requestContextFilter' to: [/*]
13:16:48.914 [main] INFO  o.s.b.w.s.FilterRegistrationBean - Mapping filter: 'com.ruider.filter.XssFilter' to urls: [/*]
13:16:49.335 [main] INFO  o.s.s.c.ThreadPoolTaskExecutor - Initializing ExecutorService 'applicationTaskExecutor'
13:16:49.845 [main] INFO  o.a.coyote.http11.Http11NioProtocol - Starting ProtocolHandler ["http-nio-8080"]
13:16:49.867 [main] INFO  o.a.tomcat.util.net.NioSelectorPool - Using a shared selector for servlet write/read
13:16:49.881 [main] INFO  o.s.b.w.e.tomcat.TomcatWebServer - Tomcat started on port(s): 8080 (http) with context path ''
13:16:49.884 [main] INFO  com.ruider.Application - Started Application in 3.101 seconds (JVM running for 3.692)
13:17:02.205 [http-nio-8080-exec-1] INFO  o.a.c.c.C.[Tomcat].[localhost].[/] - Initializing Spring DispatcherServlet 'dispatcherServlet'
13:17:02.206 [http-nio-8080-exec-1] INFO  o.s.web.servlet.DispatcherServlet - Initializing Servlet 'dispatcherServlet'
13:17:02.212 [http-nio-8080-exec-1] INFO  o.s.web.servlet.DispatcherServlet - Completed initialization in 6 ms
13:17:02.218 [http-nio-8080-exec-1] INFO  com.ruider.filter.XssFilter - 【自定义过滤器】 doFilter
13:17:02.239 [http-nio-8080-exec-1] INFO  c.r.c.NeedsManagementController - 【获取类型列表开始】 getNeedsByCategotyId start
13:17:02.254 [http-nio-8080-exec-1] INFO  com.zaxxer.hikari.HikariDataSource - HikariPool-1 - Starting...
13:17:02.255 [http-nio-8080-exec-1] WARN  c.z.hikari.util.DriverDataSource - Registered driver with driverClassName=com.mysql.jdbc.Driver was not found, trying direct instantiation.
13:17:02.581 [http-nio-8080-exec-1] INFO  com.zaxxer.hikari.HikariDataSource - HikariPool-1 - Start completed.
13:17:02.622 [http-nio-8080-exec-1] INFO  c.r.c.NeedsManagementController - 【获取类型列表成功】 getNeedsByCategotyId success
13:18:43.579 [HikariPool-1 housekeeper] WARN  com.zaxxer.hikari.pool.HikariPool - HikariPool-1 - Thread starvation or clock leap detected (housekeeper delta=1m40s893ms).
13:20:08.324 [HikariPool-1 housekeeper] WARN  com.zaxxer.hikari.pool.HikariPool - HikariPool-1 - Thread starvation or clock leap detected (housekeeper delta=1m24s746ms).
14:00:21.867 [Thread-3] INFO  o.s.s.c.ThreadPoolTaskExecutor - Shutting down ExecutorService 'applicationTaskExecutor'
14:00:21.868 [Thread-3] INFO  com.zaxxer.hikari.HikariDataSource - HikariPool-1 - Shutdown initiated...
14:00:21.876 [Thread-3] INFO  com.zaxxer.hikari.HikariDataSource - HikariPool-1 - Shutdown completed.
14:00:25.541 [main] INFO  com.ruider.Application - Starting Application on admindeMacBook-Pro.local with PID 9661 (/Users/mahede/ruider/MyProject/RuiDerWX/target/classes started by mahede in /Users/mahede/ruider/MyProject/RuiDerWX)
14:00:25.545 [main] INFO  com.ruider.Application - No active profile set, falling back to default profiles: default
14:00:26.364 [main] INFO  o.s.d.r.c.RepositoryConfigurationDelegate - Multiple Spring Data modules found, entering strict repository configuration mode!
14:00:26.366 [main] INFO  o.s.d.r.c.RepositoryConfigurationDelegate - Bootstrapping Spring Data repositories in DEFAULT mode.
14:00:26.400 [main] INFO  o.s.d.r.c.RepositoryConfigurationDelegate - Finished Spring Data repository scanning in 20ms. Found 0 repository interfaces.
14:00:26.751 [main] INFO  o.s.c.s.PostProcessorRegistrationDelegate$BeanPostProcessorChecker - Bean 'org.springframework.transaction.annotation.ProxyTransactionManagementConfiguration' of type [org.springframework.transaction.annotation.ProxyTransactionManagementConfiguration$$EnhancerBySpringCGLIB$$965ff71] is not eligible for getting processed by all BeanPostProcessors (for example: not eligible for auto-proxying)
14:00:27.345 [main] INFO  o.s.b.w.e.tomcat.TomcatWebServer - Tomcat initialized with port(s): 8080 (http)
14:00:27.370 [main] INFO  o.a.coyote.http11.Http11NioProtocol - Initializing ProtocolHandler ["http-nio-8080"]
14:00:27.378 [main] INFO  o.a.catalina.core.StandardService - Starting service [Tomcat]
14:00:27.379 [main] INFO  o.a.catalina.core.StandardEngine - Starting Servlet Engine: Apache Tomcat/9.0.12
14:00:27.390 [main] INFO  o.a.c.core.AprLifecycleListener - The APR based Apache Tomcat Native library which allows optimal performance in production environments was not found on the java.library.path: [/Users/mahede/Library/Java/Extensions:/Library/Java/Extensions:/Network/Library/Java/Extensions:/System/Library/Java/Extensions:/usr/lib/java:.]
14:00:27.528 [main] INFO  o.a.c.c.C.[Tomcat].[localhost].[/] - Initializing Spring embedded WebApplicationContext
14:00:27.528 [main] INFO  o.s.web.context.ContextLoader - Root WebApplicationContext: initialization completed in 1922 ms
14:00:27.573 [main] INFO  o.s.b.w.s.ServletRegistrationBean - Servlet dispatcherServlet mapped to [/]
14:00:27.578 [main] INFO  o.s.b.w.s.FilterRegistrationBean - Mapping filter: 'characterEncodingFilter' to: [/*]
14:00:27.578 [main] INFO  o.s.b.w.s.FilterRegistrationBean - Mapping filter: 'hiddenHttpMethodFilter' to: [/*]
14:00:27.578 [main] INFO  o.s.b.w.s.FilterRegistrationBean - Mapping filter: 'formContentFilter' to: [/*]
14:00:27.578 [main] INFO  o.s.b.w.s.FilterRegistrationBean - Mapping filter: 'requestContextFilter' to: [/*]
14:00:27.578 [main] INFO  o.s.b.w.s.FilterRegistrationBean - Mapping filter: 'com.ruider.filter.XssFilter' to urls: [/*]
14:00:28.029 [main] INFO  o.s.s.c.ThreadPoolTaskExecutor - Initializing ExecutorService 'applicationTaskExecutor'
14:00:28.620 [main] INFO  o.a.coyote.http11.Http11NioProtocol - Starting ProtocolHandler ["http-nio-8080"]
14:00:28.652 [main] INFO  o.a.tomcat.util.net.NioSelectorPool - Using a shared selector for servlet write/read
14:00:28.677 [main] INFO  o.s.b.w.e.tomcat.TomcatWebServer - Tomcat started on port(s): 8080 (http) with context path ''
14:00:28.680 [main] INFO  com.ruider.Application - Started Application in 3.755 seconds (JVM running for 4.284)
14:00:43.782 [http-nio-8080-exec-1] INFO  o.a.c.c.C.[Tomcat].[localhost].[/] - Initializing Spring DispatcherServlet 'dispatcherServlet'
14:00:43.783 [http-nio-8080-exec-1] INFO  o.s.web.servlet.DispatcherServlet - Initializing Servlet 'dispatcherServlet'
14:00:43.789 [http-nio-8080-exec-1] INFO  o.s.web.servlet.DispatcherServlet - Completed initialization in 6 ms
14:00:43.794 [http-nio-8080-exec-1] INFO  com.ruider.filter.XssFilter - 【自定义过滤器】 doFilter
14:00:43.815 [http-nio-8080-exec-1] INFO  c.r.c.NeedsManagementController - 【获取类型列表开始】 getNeedsByCategotyId start
14:00:43.830 [http-nio-8080-exec-1] INFO  com.zaxxer.hikari.HikariDataSource - HikariPool-1 - Starting...
14:00:43.831 [http-nio-8080-exec-1] WARN  c.z.hikari.util.DriverDataSource - Registered driver with driverClassName=com.mysql.jdbc.Driver was not found, trying direct instantiation.
14:00:44.143 [http-nio-8080-exec-1] INFO  com.zaxxer.hikari.HikariDataSource - HikariPool-1 - Start completed.
14:00:44.181 [http-nio-8080-exec-1] INFO  c.r.c.NeedsManagementController - 【获取类型列表成功】 getNeedsByCategotyId success
14:02:54.775 [Thread-3] INFO  o.s.s.c.ThreadPoolTaskExecutor - Shutting down ExecutorService 'applicationTaskExecutor'
14:02:54.776 [Thread-3] INFO  com.zaxxer.hikari.HikariDataSource - HikariPool-1 - Shutdown initiated...
14:02:54.785 [Thread-3] INFO  com.zaxxer.hikari.HikariDataSource - HikariPool-1 - Shutdown completed.
14:02:57.987 [main] INFO  com.ruider.Application - Starting Application on admindeMacBook-Pro.local with PID 9677 (/Users/mahede/ruider/MyProject/RuiDerWX/target/classes started by mahede in /Users/mahede/ruider/MyProject/RuiDerWX)
14:02:57.991 [main] INFO  com.ruider.Application - No active profile set, falling back to default profiles: default
14:02:58.594 [main] INFO  o.s.d.r.c.RepositoryConfigurationDelegate - Multiple Spring Data modules found, entering strict repository configuration mode!
14:02:58.596 [main] INFO  o.s.d.r.c.RepositoryConfigurationDelegate - Bootstrapping Spring Data repositories in DEFAULT mode.
14:02:58.619 [main] INFO  o.s.d.r.c.RepositoryConfigurationDelegate - Finished Spring Data repository scanning in 13ms. Found 0 repository interfaces.
14:02:58.904 [main] INFO  o.s.c.s.PostProcessorRegistrationDelegate$BeanPostProcessorChecker - Bean 'org.springframework.transaction.annotation.ProxyTransactionManagementConfiguration' of type [org.springframework.transaction.annotation.ProxyTransactionManagementConfiguration$$EnhancerBySpringCGLIB$$7dfe49c2] is not eligible for getting processed by all BeanPostProcessors (for example: not eligible for auto-proxying)
14:02:59.202 [main] INFO  o.s.b.w.e.tomcat.TomcatWebServer - Tomcat initialized with port(s): 8080 (http)
14:02:59.225 [main] INFO  o.a.coyote.http11.Http11NioProtocol - Initializing ProtocolHandler ["http-nio-8080"]
14:02:59.230 [main] INFO  o.a.catalina.core.StandardService - Starting service [Tomcat]
14:02:59.230 [main] INFO  o.a.catalina.core.StandardEngine - Starting Servlet Engine: Apache Tomcat/9.0.12
14:02:59.236 [main] INFO  o.a.c.core.AprLifecycleListener - The APR based Apache Tomcat Native library which allows optimal performance in production environments was not found on the java.library.path: [/Users/mahede/Library/Java/Extensions:/Library/Java/Extensions:/Network/Library/Java/Extensions:/System/Library/Java/Extensions:/usr/lib/java:.]
14:02:59.308 [main] INFO  o.a.c.c.C.[Tomcat].[localhost].[/] - Initializing Spring embedded WebApplicationContext
14:02:59.309 [main] INFO  o.s.web.context.ContextLoader - Root WebApplicationContext: initialization completed in 1260 ms
14:02:59.346 [main] INFO  o.s.b.w.s.ServletRegistrationBean - Servlet dispatcherServlet mapped to [/]
14:02:59.349 [main] INFO  o.s.b.w.s.FilterRegistrationBean - Mapping filter: 'characterEncodingFilter' to: [/*]
14:02:59.349 [main] INFO  o.s.b.w.s.FilterRegistrationBean - Mapping filter: 'hiddenHttpMethodFilter' to: [/*]
14:02:59.349 [main] INFO  o.s.b.w.s.FilterRegistrationBean - Mapping filter: 'formContentFilter' to: [/*]
14:02:59.349 [main] INFO  o.s.b.w.s.FilterRegistrationBean - Mapping filter: 'requestContextFilter' to: [/*]
14:02:59.350 [main] INFO  o.s.b.w.s.FilterRegistrationBean - Mapping filter: 'com.ruider.filter.XssFilter' to urls: [/*]
14:02:59.686 [main] INFO  o.s.s.c.ThreadPoolTaskExecutor - Initializing ExecutorService 'applicationTaskExecutor'
14:03:00.130 [main] INFO  o.a.coyote.http11.Http11NioProtocol - Starting ProtocolHandler ["http-nio-8080"]
14:03:00.174 [main] INFO  o.a.tomcat.util.net.NioSelectorPool - Using a shared selector for servlet write/read
14:03:00.195 [main] INFO  o.s.b.w.e.tomcat.TomcatWebServer - Tomcat started on port(s): 8080 (http) with context path ''
14:03:00.200 [main] INFO  com.ruider.Application - Started Application in 2.868 seconds (JVM running for 3.287)
14:03:06.615 [http-nio-8080-exec-1] INFO  o.a.c.c.C.[Tomcat].[localhost].[/] - Initializing Spring DispatcherServlet 'dispatcherServlet'
14:03:06.615 [http-nio-8080-exec-1] INFO  o.s.web.servlet.DispatcherServlet - Initializing Servlet 'dispatcherServlet'
14:03:06.620 [http-nio-8080-exec-1] INFO  o.s.web.servlet.DispatcherServlet - Completed initialization in 5 ms
14:03:06.625 [http-nio-8080-exec-1] INFO  com.ruider.filter.XssFilter - 【自定义过滤器】 doFilter
14:03:06.643 [http-nio-8080-exec-1] INFO  c.r.c.NeedsManagementController - 【获取类型列表开始】 getNeedsByCategotyId start
14:03:06.656 [http-nio-8080-exec-1] INFO  com.zaxxer.hikari.HikariDataSource - HikariPool-1 - Starting...
14:03:06.657 [http-nio-8080-exec-1] WARN  c.z.hikari.util.DriverDataSource - Registered driver with driverClassName=com.mysql.jdbc.Driver was not found, trying direct instantiation.
14:03:06.955 [http-nio-8080-exec-1] INFO  com.zaxxer.hikari.HikariDataSource - HikariPool-1 - Start completed.
14:03:06.992 [http-nio-8080-exec-1] INFO  c.r.c.NeedsManagementController - 【获取类型列表成功】 getNeedsByCategotyId success
14:03:08.984 [http-nio-8080-exec-2] INFO  com.ruider.filter.XssFilter - 【自定义过滤器】 doFilter
14:03:08.986 [http-nio-8080-exec-2] INFO  c.r.c.NeedsManagementController - 【获取需求信息开始】 getNeedsDetailsById start
14:03:08.990 [http-nio-8080-exec-2] INFO  c.r.c.NeedsManagementController - 【获取需求信息成功】 getNeedsDetailsById success
14:09:55.477 [Thread-3] INFO  o.s.s.c.ThreadPoolTaskExecutor - Shutting down ExecutorService 'applicationTaskExecutor'
14:09:55.478 [Thread-3] INFO  com.zaxxer.hikari.HikariDataSource - HikariPool-1 - Shutdown initiated...
14:09:55.487 [Thread-3] INFO  com.zaxxer.hikari.HikariDataSource - HikariPool-1 - Shutdown completed.
14:09:59.469 [main] INFO  com.ruider.Application - Starting Application on admindeMacBook-Pro.local with PID 9695 (/Users/mahede/ruider/MyProject/RuiDerWX/target/classes started by mahede in /Users/mahede/ruider/MyProject/RuiDerWX)
14:09:59.472 [main] INFO  com.ruider.Application - No active profile set, falling back to default profiles: default
14:10:00.025 [main] INFO  o.s.d.r.c.RepositoryConfigurationDelegate - Multiple Spring Data modules found, entering strict repository configuration mode!
14:10:00.026 [main] INFO  o.s.d.r.c.RepositoryConfigurationDelegate - Bootstrapping Spring Data repositories in DEFAULT mode.
14:10:00.050 [main] INFO  o.s.d.r.c.RepositoryConfigurationDelegate - Finished Spring Data repository scanning in 13ms. Found 0 repository interfaces.
14:10:00.314 [main] INFO  o.s.c.s.PostProcessorRegistrationDelegate$BeanPostProcessorChecker - Bean 'org.springframework.transaction.annotation.ProxyTransactionManagementConfiguration' of type [org.springframework.transaction.annotation.ProxyTransactionManagementConfiguration$$EnhancerBySpringCGLIB$$e9e6fd41] is not eligible for getting processed by all BeanPostProcessors (for example: not eligible for auto-proxying)
14:10:00.608 [main] INFO  o.s.b.w.e.tomcat.TomcatWebServer - Tomcat initialized with port(s): 8080 (http)
14:10:00.632 [main] INFO  o.a.coyote.http11.Http11NioProtocol - Initializing ProtocolHandler ["http-nio-8080"]
14:10:00.636 [main] INFO  o.a.catalina.core.StandardService - Starting service [Tomcat]
14:10:00.637 [main] INFO  o.a.catalina.core.StandardEngine - Starting Servlet Engine: Apache Tomcat/9.0.12
14:10:00.642 [main] INFO  o.a.c.core.AprLifecycleListener - The APR based Apache Tomcat Native library which allows optimal performance in production environments was not found on the java.library.path: [/Users/mahede/Library/Java/Extensions:/Library/Java/Extensions:/Network/Library/Java/Extensions:/System/Library/Java/Extensions:/usr/lib/java:.]
14:10:00.715 [main] INFO  o.a.c.c.C.[Tomcat].[localhost].[/] - Initializing Spring embedded WebApplicationContext
14:10:00.715 [main] INFO  o.s.web.context.ContextLoader - Root WebApplicationContext: initialization completed in 1191 ms
14:10:00.754 [main] INFO  o.s.b.w.s.ServletRegistrationBean - Servlet dispatcherServlet mapped to [/]
14:10:00.757 [main] INFO  o.s.b.w.s.FilterRegistrationBean - Mapping filter: 'characterEncodingFilter' to: [/*]
14:10:00.758 [main] INFO  o.s.b.w.s.FilterRegistrationBean - Mapping filter: 'hiddenHttpMethodFilter' to: [/*]
14:10:00.758 [main] INFO  o.s.b.w.s.FilterRegistrationBean - Mapping filter: 'formContentFilter' to: [/*]
14:10:00.758 [main] INFO  o.s.b.w.s.FilterRegistrationBean - Mapping filter: 'requestContextFilter' to: [/*]
14:10:00.758 [main] INFO  o.s.b.w.s.FilterRegistrationBean - Mapping filter: 'com.ruider.filter.XssFilter' to urls: [/*]
14:10:01.097 [main] INFO  o.s.s.c.ThreadPoolTaskExecutor - Initializing ExecutorService 'applicationTaskExecutor'
14:10:01.525 [main] INFO  o.a.coyote.http11.Http11NioProtocol - Starting ProtocolHandler ["http-nio-8080"]
14:10:01.546 [main] INFO  o.a.tomcat.util.net.NioSelectorPool - Using a shared selector for servlet write/read
14:10:01.557 [main] INFO  o.s.b.w.e.tomcat.TomcatWebServer - Tomcat started on port(s): 8080 (http) with context path ''
14:10:01.561 [main] INFO  com.ruider.Application - Started Application in 2.719 seconds (JVM running for 3.13)
14:10:12.040 [http-nio-8080-exec-1] INFO  o.a.c.c.C.[Tomcat].[localhost].[/] - Initializing Spring DispatcherServlet 'dispatcherServlet'
14:10:12.040 [http-nio-8080-exec-1] INFO  o.s.web.servlet.DispatcherServlet - Initializing Servlet 'dispatcherServlet'
14:10:12.046 [http-nio-8080-exec-1] INFO  o.s.web.servlet.DispatcherServlet - Completed initialization in 6 ms
14:10:12.051 [http-nio-8080-exec-1] INFO  com.ruider.filter.XssFilter - 【自定义过滤器】 doFilter
14:10:12.069 [http-nio-8080-exec-1] INFO  c.r.c.NeedsManagementController - 【获取用户所有列表开始】 getNeedsByUserId start
14:10:12.081 [http-nio-8080-exec-1] INFO  com.zaxxer.hikari.HikariDataSource - HikariPool-1 - Starting...
14:10:12.082 [http-nio-8080-exec-1] WARN  c.z.hikari.util.DriverDataSource - Registered driver with driverClassName=com.mysql.jdbc.Driver was not found, trying direct instantiation.
14:10:12.372 [http-nio-8080-exec-1] INFO  com.zaxxer.hikari.HikariDataSource - HikariPool-1 - Start completed.
14:10:12.412 [http-nio-8080-exec-1] INFO  c.r.c.NeedsManagementController - 【获取用户所有列表成功】 getNeedsByUserId success
14:10:13.891 [http-nio-8080-exec-2] INFO  com.ruider.filter.XssFilter - 【自定义过滤器】 doFilter
14:10:13.892 [http-nio-8080-exec-2] INFO  c.r.c.NeedsManagementController - 【获取需求信息开始】 getNeedsDetailsById start
14:10:13.896 [http-nio-8080-exec-2] INFO  c.r.c.NeedsManagementController - 【获取需求信息成功】 getNeedsDetailsById success
14:10:36.591 [Thread-3] INFO  o.s.s.c.ThreadPoolTaskExecutor - Shutting down ExecutorService 'applicationTaskExecutor'
14:10:36.591 [Thread-3] INFO  com.zaxxer.hikari.HikariDataSource - HikariPool-1 - Shutdown initiated...
14:10:36.600 [Thread-3] INFO  com.zaxxer.hikari.HikariDataSource - HikariPool-1 - Shutdown completed.
