23:09:04.730 [main] INFO  com.ruider.Application - Starting Application on mahededeMacBook-Pro.local with PID 18436 (/Users/ruider/RuiDer/RuiDer/MyProject/RuiDerWX/target/classes started by ruider in /Users/ruider/RuiDer/RuiDer/MyProject/RuiDerWX)
23:09:04.737 [main] INFO  com.ruider.Application - No active profile set, falling back to default profiles: default
23:09:06.863 [main] INFO  o.s.d.r.c.RepositoryConfigurationDelegate - Multiple Spring Data modules found, entering strict repository configuration mode!
23:09:06.870 [main] INFO  o.s.d.r.c.RepositoryConfigurationDelegate - Bootstrapping Spring Data repositories in DEFAULT mode.
23:09:06.944 [main] INFO  o.s.d.r.c.RepositoryConfigurationDelegate - Finished Spring Data repository scanning in 35ms. Found 0 repository interfaces.
23:09:07.591 [main] INFO  o.s.c.s.PostProcessorRegistrationDelegate$BeanPostProcessorChecker - Bean 'org.springframework.jms.annotation.JmsBootstrapConfiguration' of type [org.springframework.jms.annotation.JmsBootstrapConfiguration$$EnhancerBySpringCGLIB$$75791915] is not eligible for getting processed by all BeanPostProcessors (for example: not eligible for auto-proxying)
23:09:07.638 [main] INFO  o.s.c.s.PostProcessorRegistrationDelegate$BeanPostProcessorChecker - Bean 'redisConfig' of type [com.ruider.config.RedisConfig$$EnhancerBySpringCGLIB$$e03438fe] is not eligible for getting processed by all BeanPostProcessors (for example: not eligible for auto-proxying)
23:09:07.651 [main] INFO  o.s.c.s.PostProcessorRegistrationDelegate$BeanPostProcessorChecker - Bean 'org.springframework.transaction.annotation.ProxyTransactionManagementConfiguration' of type [org.springframework.transaction.annotation.ProxyTransactionManagementConfiguration$$EnhancerBySpringCGLIB$$1277c712] is not eligible for getting processed by all BeanPostProcessors (for example: not eligible for auto-proxying)
23:09:08.539 [main] INFO  o.s.b.w.e.tomcat.TomcatWebServer - Tomcat initialized with port(s): 8080 (http)
23:09:08.572 [main] INFO  o.a.coyote.http11.Http11NioProtocol - Initializing ProtocolHandler ["http-nio-8080"]
23:09:08.584 [main] INFO  o.a.catalina.core.StandardService - Starting service [Tomcat]
23:09:08.584 [main] INFO  o.a.catalina.core.StandardEngine - Starting Servlet Engine: Apache Tomcat/9.0.12
23:09:08.599 [main] INFO  o.a.c.core.AprLifecycleListener - The APR based Apache Tomcat Native library which allows optimal performance in production environments was not found on the java.library.path: [/Users/ruider/Library/Java/Extensions:/Library/Java/Extensions:/Network/Library/Java/Extensions:/System/Library/Java/Extensions:/usr/lib/java:.]
23:09:08.811 [main] INFO  o.a.c.c.C.[Tomcat].[localhost].[/] - Initializing Spring embedded WebApplicationContext
23:09:08.812 [main] INFO  o.s.web.context.ContextLoader - Root WebApplicationContext: initialization completed in 3892 ms
23:09:08.926 [main] INFO  o.s.b.w.s.ServletRegistrationBean - Servlet dispatcherServlet mapped to [/]
23:09:08.935 [main] INFO  o.s.b.w.s.FilterRegistrationBean - Mapping filter: 'characterEncodingFilter' to: [/*]
23:09:08.936 [main] INFO  o.s.b.w.s.FilterRegistrationBean - Mapping filter: 'hiddenHttpMethodFilter' to: [/*]
23:09:08.936 [main] INFO  o.s.b.w.s.FilterRegistrationBean - Mapping filter: 'formContentFilter' to: [/*]
23:09:08.936 [main] INFO  o.s.b.w.s.FilterRegistrationBean - Mapping filter: 'requestContextFilter' to: [/*]
23:09:08.936 [main] INFO  o.s.b.w.s.FilterRegistrationBean - Mapping filter: 'com.ruider.filter.XssFilter' to urls: [/*]
23:09:09.005 [main] WARN  o.s.b.w.s.c.AnnotationConfigServletWebServerApplicationContext - Exception encountered during context initialization - cancelling refresh attempt: org.springframework.beans.factory.UnsatisfiedDependencyException: Error creating bean with name 'activeMQController': Unsatisfied dependency expressed through field 'provider'; nested exception is org.springframework.beans.factory.UnsatisfiedDependencyException: Error creating bean with name 'activeMQProvider': Unsatisfied dependency expressed through field 'activeMQConnectionFactory'; nested exception is org.springframework.beans.factory.NoSuchBeanDefinitionException: No qualifying bean of type 'org.apache.activemq.spring.ActiveMQConnectionFactory' available: expected at least 1 bean which qualifies as autowire candidate. Dependency annotations: {@org.springframework.beans.factory.annotation.Autowired(required=true)}
23:09:09.010 [main] INFO  o.a.catalina.core.StandardService - Stopping service [Tomcat]
23:09:09.103 [main] INFO  o.s.b.a.l.ConditionEvaluationReportLoggingListener - 

Error starting ApplicationContext. To display the conditions report re-run your application with 'debug' enabled.
23:09:09.430 [main] ERROR o.s.b.d.LoggingFailureAnalysisReporter - 

***************************
APPLICATION FAILED TO START
***************************

Description:

Field activeMQConnectionFactory in com.ruider.utils.ActiveMQUtils.ActiveMQProvider required a bean of type 'org.apache.activemq.spring.ActiveMQConnectionFactory' that could not be found.

The injection point has the following annotations:
	- @org.springframework.beans.factory.annotation.Autowired(required=true)


Action:

Consider defining a bean of type 'org.apache.activemq.spring.ActiveMQConnectionFactory' in your configuration.

23:12:48.126 [main] INFO  com.ruider.Application - Starting Application on mahededeMacBook-Pro.local with PID 18440 (/Users/ruider/RuiDer/RuiDer/MyProject/RuiDerWX/target/classes started by ruider in /Users/ruider/RuiDer/RuiDer/MyProject/RuiDerWX)
23:12:48.145 [main] INFO  com.ruider.Application - No active profile set, falling back to default profiles: default
23:12:50.220 [main] INFO  o.s.d.r.c.RepositoryConfigurationDelegate - Multiple Spring Data modules found, entering strict repository configuration mode!
23:12:50.225 [main] INFO  o.s.d.r.c.RepositoryConfigurationDelegate - Bootstrapping Spring Data repositories in DEFAULT mode.
23:12:50.305 [main] INFO  o.s.d.r.c.RepositoryConfigurationDelegate - Finished Spring Data repository scanning in 49ms. Found 0 repository interfaces.
23:12:50.882 [main] INFO  o.s.c.s.PostProcessorRegistrationDelegate$BeanPostProcessorChecker - Bean 'org.springframework.jms.annotation.JmsBootstrapConfiguration' of type [org.springframework.jms.annotation.JmsBootstrapConfiguration$$EnhancerBySpringCGLIB$$dff9e4c5] is not eligible for getting processed by all BeanPostProcessors (for example: not eligible for auto-proxying)
23:12:50.919 [main] INFO  o.s.c.s.PostProcessorRegistrationDelegate$BeanPostProcessorChecker - Bean 'redisConfig' of type [com.ruider.config.RedisConfig$$EnhancerBySpringCGLIB$$4ab504ae] is not eligible for getting processed by all BeanPostProcessors (for example: not eligible for auto-proxying)
23:12:50.932 [main] INFO  o.s.c.s.PostProcessorRegistrationDelegate$BeanPostProcessorChecker - Bean 'org.springframework.transaction.annotation.ProxyTransactionManagementConfiguration' of type [org.springframework.transaction.annotation.ProxyTransactionManagementConfiguration$$EnhancerBySpringCGLIB$$7cf892c2] is not eligible for getting processed by all BeanPostProcessors (for example: not eligible for auto-proxying)
23:12:51.626 [main] INFO  o.s.b.w.e.tomcat.TomcatWebServer - Tomcat initialized with port(s): 8080 (http)
23:12:51.654 [main] INFO  o.a.coyote.http11.Http11NioProtocol - Initializing ProtocolHandler ["http-nio-8080"]
23:12:51.664 [main] INFO  o.a.catalina.core.StandardService - Starting service [Tomcat]
23:12:51.665 [main] INFO  o.a.catalina.core.StandardEngine - Starting Servlet Engine: Apache Tomcat/9.0.12
23:12:51.680 [main] INFO  o.a.c.core.AprLifecycleListener - The APR based Apache Tomcat Native library which allows optimal performance in production environments was not found on the java.library.path: [/Users/ruider/Library/Java/Extensions:/Library/Java/Extensions:/Network/Library/Java/Extensions:/System/Library/Java/Extensions:/usr/lib/java:.]
23:12:51.849 [main] INFO  o.a.c.c.C.[Tomcat].[localhost].[/] - Initializing Spring embedded WebApplicationContext
23:12:51.850 [main] INFO  o.s.web.context.ContextLoader - Root WebApplicationContext: initialization completed in 3490 ms
23:12:51.943 [main] INFO  o.s.b.w.s.ServletRegistrationBean - Servlet dispatcherServlet mapped to [/]
23:12:51.951 [main] INFO  o.s.b.w.s.FilterRegistrationBean - Mapping filter: 'characterEncodingFilter' to: [/*]
23:12:51.951 [main] INFO  o.s.b.w.s.FilterRegistrationBean - Mapping filter: 'hiddenHttpMethodFilter' to: [/*]
23:12:51.951 [main] INFO  o.s.b.w.s.FilterRegistrationBean - Mapping filter: 'formContentFilter' to: [/*]
23:12:51.952 [main] INFO  o.s.b.w.s.FilterRegistrationBean - Mapping filter: 'requestContextFilter' to: [/*]
23:12:51.952 [main] INFO  o.s.b.w.s.FilterRegistrationBean - Mapping filter: 'com.ruider.filter.XssFilter' to urls: [/*]
23:12:52.037 [main] WARN  o.s.b.w.s.c.AnnotationConfigServletWebServerApplicationContext - Exception encountered during context initialization - cancelling refresh attempt: org.springframework.beans.factory.UnsatisfiedDependencyException: Error creating bean with name 'activeMQController': Unsatisfied dependency expressed through field 'provider'; nested exception is org.springframework.beans.factory.BeanCreationException: Error creating bean with name 'activeMQProvider' defined in file [/Users/ruider/RuiDer/RuiDer/MyProject/RuiDerWX/target/classes/com/ruider/utils/ActiveMQUtils/ActiveMQProvider.class]: Initialization of bean failed; nested exception is java.lang.IllegalStateException: Encountered invalid @Scheduled method 'send': Only no-arg methods may be annotated with @Scheduled
23:12:52.040 [main] INFO  o.a.catalina.core.StandardService - Stopping service [Tomcat]
23:12:52.090 [main] INFO  o.s.b.a.l.ConditionEvaluationReportLoggingListener - 

Error starting ApplicationContext. To display the conditions report re-run your application with 'debug' enabled.
23:12:52.122 [main] ERROR o.s.boot.SpringApplication - Application run failed
org.springframework.beans.factory.UnsatisfiedDependencyException: Error creating bean with name 'activeMQController': Unsatisfied dependency expressed through field 'provider'; nested exception is org.springframework.beans.factory.BeanCreationException: Error creating bean with name 'activeMQProvider' defined in file [/Users/ruider/RuiDer/RuiDer/MyProject/RuiDerWX/target/classes/com/ruider/utils/ActiveMQUtils/ActiveMQProvider.class]: Initialization of bean failed; nested exception is java.lang.IllegalStateException: Encountered invalid @Scheduled method 'send': Only no-arg methods may be annotated with @Scheduled
	at org.springframework.beans.factory.annotation.AutowiredAnnotationBeanPostProcessor$AutowiredFieldElement.inject(AutowiredAnnotationBeanPostProcessor.java:596)
	at org.springframework.beans.factory.annotation.InjectionMetadata.inject(InjectionMetadata.java:90)
	at org.springframework.beans.factory.annotation.AutowiredAnnotationBeanPostProcessor.postProcessProperties(AutowiredAnnotationBeanPostProcessor.java:374)
	at org.springframework.beans.factory.support.AbstractAutowireCapableBeanFactory.populateBean(AbstractAutowireCapableBeanFactory.java:1378)
	at org.springframework.beans.factory.support.AbstractAutowireCapableBeanFactory.doCreateBean(AbstractAutowireCapableBeanFactory.java:575)
	at org.springframework.beans.factory.support.AbstractAutowireCapableBeanFactory.createBean(AbstractAutowireCapableBeanFactory.java:498)
	at org.springframework.beans.factory.support.AbstractBeanFactory.lambda$doGetBean$0(AbstractBeanFactory.java:320)
	at org.springframework.beans.factory.support.DefaultSingletonBeanRegistry.getSingleton(DefaultSingletonBeanRegistry.java:222)
	at org.springframework.beans.factory.support.AbstractBeanFactory.doGetBean(AbstractBeanFactory.java:318)
	at org.springframework.beans.factory.support.AbstractBeanFactory.getBean(AbstractBeanFactory.java:199)
	at org.springframework.beans.factory.support.DefaultListableBeanFactory.preInstantiateSingletons(DefaultListableBeanFactory.java:846)
	at org.springframework.context.support.AbstractApplicationContext.finishBeanFactoryInitialization(AbstractApplicationContext.java:863)
	at org.springframework.context.support.AbstractApplicationContext.refresh(AbstractApplicationContext.java:546)
	at org.springframework.boot.web.servlet.context.ServletWebServerApplicationContext.refresh(ServletWebServerApplicationContext.java:140)
	at org.springframework.boot.SpringApplication.refresh(SpringApplication.java:775)
	at org.springframework.boot.SpringApplication.refreshContext(SpringApplication.java:397)
	at org.springframework.boot.SpringApplication.run(SpringApplication.java:316)
	at org.springframework.boot.SpringApplication.run(SpringApplication.java:1260)
	at org.springframework.boot.SpringApplication.run(SpringApplication.java:1248)
	at com.ruider.Application.main(Application.java:25)
Caused by: org.springframework.beans.factory.BeanCreationException: Error creating bean with name 'activeMQProvider' defined in file [/Users/ruider/RuiDer/RuiDer/MyProject/RuiDerWX/target/classes/com/ruider/utils/ActiveMQUtils/ActiveMQProvider.class]: Initialization of bean failed; nested exception is java.lang.IllegalStateException: Encountered invalid @Scheduled method 'send': Only no-arg methods may be annotated with @Scheduled
	at org.springframework.beans.factory.support.AbstractAutowireCapableBeanFactory.doCreateBean(AbstractAutowireCapableBeanFactory.java:584)
	at org.springframework.beans.factory.support.AbstractAutowireCapableBeanFactory.createBean(AbstractAutowireCapableBeanFactory.java:498)
	at org.springframework.beans.factory.support.AbstractBeanFactory.lambda$doGetBean$0(AbstractBeanFactory.java:320)
	at org.springframework.beans.factory.support.DefaultSingletonBeanRegistry.getSingleton(DefaultSingletonBeanRegistry.java:222)
	at org.springframework.beans.factory.support.AbstractBeanFactory.doGetBean(AbstractBeanFactory.java:318)
	at org.springframework.beans.factory.support.AbstractBeanFactory.getBean(AbstractBeanFactory.java:199)
	at org.springframework.beans.factory.config.DependencyDescriptor.resolveCandidate(DependencyDescriptor.java:273)
	at org.springframework.beans.factory.support.DefaultListableBeanFactory.doResolveDependency(DefaultListableBeanFactory.java:1239)
	at org.springframework.beans.factory.support.DefaultListableBeanFactory.resolveDependency(DefaultListableBeanFactory.java:1166)
	at org.springframework.beans.factory.annotation.AutowiredAnnotationBeanPostProcessor$AutowiredFieldElement.inject(AutowiredAnnotationBeanPostProcessor.java:593)
	... 19 common frames omitted
Caused by: java.lang.IllegalStateException: Encountered invalid @Scheduled method 'send': Only no-arg methods may be annotated with @Scheduled
	at org.springframework.scheduling.annotation.ScheduledAnnotationBeanPostProcessor.processScheduled(ScheduledAnnotationBeanPostProcessor.java:496)
	at org.springframework.scheduling.annotation.ScheduledAnnotationBeanPostProcessor.lambda$null$1(ScheduledAnnotationBeanPostProcessor.java:359)
	at java.base/java.lang.Iterable.forEach(Iterable.java:75)
	at org.springframework.scheduling.annotation.ScheduledAnnotationBeanPostProcessor.lambda$postProcessAfterInitialization$2(ScheduledAnnotationBeanPostProcessor.java:359)
	at java.base/java.util.LinkedHashMap.forEach(LinkedHashMap.java:684)
	at org.springframework.scheduling.annotation.ScheduledAnnotationBeanPostProcessor.postProcessAfterInitialization(ScheduledAnnotationBeanPostProcessor.java:358)
	at org.springframework.beans.factory.support.AbstractAutowireCapableBeanFactory.applyBeanPostProcessorsAfterInitialization(AbstractAutowireCapableBeanFactory.java:434)
	at org.springframework.beans.factory.support.AbstractAutowireCapableBeanFactory.initializeBean(AbstractAutowireCapableBeanFactory.java:1749)
	at org.springframework.beans.factory.support.AbstractAutowireCapableBeanFactory.doCreateBean(AbstractAutowireCapableBeanFactory.java:576)
	... 28 common frames omitted
23:13:19.167 [main] INFO  com.ruider.Application - Starting Application on mahededeMacBook-Pro.local with PID 18444 (/Users/ruider/RuiDer/RuiDer/MyProject/RuiDerWX/target/classes started by ruider in /Users/ruider/RuiDer/RuiDer/MyProject/RuiDerWX)
23:13:19.174 [main] INFO  com.ruider.Application - No active profile set, falling back to default profiles: default
23:13:21.266 [main] INFO  o.s.d.r.c.RepositoryConfigurationDelegate - Multiple Spring Data modules found, entering strict repository configuration mode!
23:13:21.270 [main] INFO  o.s.d.r.c.RepositoryConfigurationDelegate - Bootstrapping Spring Data repositories in DEFAULT mode.
23:13:21.345 [main] INFO  o.s.d.r.c.RepositoryConfigurationDelegate - Finished Spring Data repository scanning in 50ms. Found 0 repository interfaces.
23:13:21.897 [main] INFO  o.s.c.s.PostProcessorRegistrationDelegate$BeanPostProcessorChecker - Bean 'org.springframework.jms.annotation.JmsBootstrapConfiguration' of type [org.springframework.jms.annotation.JmsBootstrapConfiguration$$EnhancerBySpringCGLIB$$d17e9e95] is not eligible for getting processed by all BeanPostProcessors (for example: not eligible for auto-proxying)
23:13:21.934 [main] INFO  o.s.c.s.PostProcessorRegistrationDelegate$BeanPostProcessorChecker - Bean 'redisConfig' of type [com.ruider.config.RedisConfig$$EnhancerBySpringCGLIB$$3c39be7e] is not eligible for getting processed by all BeanPostProcessors (for example: not eligible for auto-proxying)
23:13:21.946 [main] INFO  o.s.c.s.PostProcessorRegistrationDelegate$BeanPostProcessorChecker - Bean 'org.springframework.transaction.annotation.ProxyTransactionManagementConfiguration' of type [org.springframework.transaction.annotation.ProxyTransactionManagementConfiguration$$EnhancerBySpringCGLIB$$6e7d4c92] is not eligible for getting processed by all BeanPostProcessors (for example: not eligible for auto-proxying)
23:13:22.623 [main] INFO  o.s.b.w.e.tomcat.TomcatWebServer - Tomcat initialized with port(s): 8080 (http)
23:13:22.649 [main] INFO  o.a.coyote.http11.Http11NioProtocol - Initializing ProtocolHandler ["http-nio-8080"]
23:13:22.659 [main] INFO  o.a.catalina.core.StandardService - Starting service [Tomcat]
23:13:22.660 [main] INFO  o.a.catalina.core.StandardEngine - Starting Servlet Engine: Apache Tomcat/9.0.12
23:13:22.672 [main] INFO  o.a.c.core.AprLifecycleListener - The APR based Apache Tomcat Native library which allows optimal performance in production environments was not found on the java.library.path: [/Users/ruider/Library/Java/Extensions:/Library/Java/Extensions:/Network/Library/Java/Extensions:/System/Library/Java/Extensions:/usr/lib/java:.]
23:13:22.845 [main] INFO  o.a.c.c.C.[Tomcat].[localhost].[/] - Initializing Spring embedded WebApplicationContext
23:13:22.845 [main] INFO  o.s.web.context.ContextLoader - Root WebApplicationContext: initialization completed in 3489 ms
23:13:22.939 [main] INFO  o.s.b.w.s.ServletRegistrationBean - Servlet dispatcherServlet mapped to [/]
23:13:22.946 [main] INFO  o.s.b.w.s.FilterRegistrationBean - Mapping filter: 'characterEncodingFilter' to: [/*]
23:13:22.947 [main] INFO  o.s.b.w.s.FilterRegistrationBean - Mapping filter: 'hiddenHttpMethodFilter' to: [/*]
23:13:22.947 [main] INFO  o.s.b.w.s.FilterRegistrationBean - Mapping filter: 'formContentFilter' to: [/*]
23:13:22.947 [main] INFO  o.s.b.w.s.FilterRegistrationBean - Mapping filter: 'requestContextFilter' to: [/*]
23:13:22.948 [main] INFO  o.s.b.w.s.FilterRegistrationBean - Mapping filter: 'com.ruider.filter.XssFilter' to urls: [/*]
23:13:24.277 [main] INFO  o.s.s.c.ThreadPoolTaskExecutor - Initializing ExecutorService 'applicationTaskExecutor'
23:13:25.012 [main] WARN  o.s.b.w.s.c.AnnotationConfigServletWebServerApplicationContext - Exception encountered during context initialization - cancelling refresh attempt: org.springframework.beans.factory.BeanCreationException: Error creating bean with name 'jmsListenerContainerFactory' defined in class path resource [org/springframework/boot/autoconfigure/jms/JmsAnnotationDrivenConfiguration.class]: Bean instantiation via factory method failed; nested exception is org.springframework.beans.BeanInstantiationException: Failed to instantiate [org.springframework.jms.config.DefaultJmsListenerContainerFactory]: Factory method 'jmsListenerContainerFactory' threw exception; nested exception is java.lang.NoSuchMethodError: org.springframework.jms.config.DefaultJmsListenerContainerFactory.setAutoStartup(Z)V
23:13:25.016 [main] INFO  o.s.s.c.ThreadPoolTaskExecutor - Shutting down ExecutorService 'applicationTaskExecutor'
23:13:25.049 [main] INFO  o.a.catalina.core.StandardService - Stopping service [Tomcat]
23:13:25.073 [main] INFO  o.s.b.a.l.ConditionEvaluationReportLoggingListener - 

Error starting ApplicationContext. To display the conditions report re-run your application with 'debug' enabled.
23:13:25.081 [main] ERROR o.s.b.d.LoggingFailureAnalysisReporter - 

***************************
APPLICATION FAILED TO START
***************************

Description:

An attempt was made to call the method org.springframework.jms.config.DefaultJmsListenerContainerFactory.setAutoStartup(Z)V but it does not exist. Its class, org.springframework.jms.config.DefaultJmsListenerContainerFactory, is available from the following locations:

    jar:file:/Users/ruider/.m2/repository/org/apache/activemq/activemq-all/5.14.5/activemq-all-5.14.5.jar!/org/springframework/jms/config/DefaultJmsListenerContainerFactory.class
    jar:file:/Users/ruider/.m2/repository/org/springframework/spring-jms/5.1.2.RELEASE/spring-jms-5.1.2.RELEASE.jar!/org/springframework/jms/config/DefaultJmsListenerContainerFactory.class

It was loaded from the following location:

    file:/Users/ruider/.m2/repository/org/apache/activemq/activemq-all/5.14.5/activemq-all-5.14.5.jar


Action:

Correct the classpath of your application so that it contains a single, compatible version of org.springframework.jms.config.DefaultJmsListenerContainerFactory

