00:00:24.942 [http-nio-8080-exec-6] INFO  com.ruider.filter.XssFilter - 【自定义过滤器】 doFilter
00:00:24.947 [http-nio-8080-exec-6] INFO  c.r.c.NeedsManagementController - 【获取类型列表开始】 getNeedsByCategoryId start
00:00:24.950 [http-nio-8080-exec-6] INFO  c.r.c.NeedsManagementController - 【获取类型列表成功】 getNeedsByCategoryId success
00:00:45.558 [http-nio-8080-exec-7] INFO  com.ruider.filter.XssFilter - 【自定义过滤器】 doFilter
00:00:45.560 [http-nio-8080-exec-7] INFO  com.ruider.controller.UserController - 【获取微信用户信息成功】IfAuthorizationEd success
00:00:46.361 [http-nio-8080-exec-8] INFO  com.ruider.filter.XssFilter - 【自定义过滤器】 doFilter
00:00:46.362 [http-nio-8080-exec-8] INFO  com.ruider.controller.UserController - addUserInfoIfNoSaved start
00:00:46.364 [http-nio-8080-exec-8] INFO  com.ruider.controller.UserController - 【用户信息保存或者查询成功】addUserInfoIfNoSaved success
00:00:47.350 [http-nio-8080-exec-9] INFO  com.ruider.filter.XssFilter - 【自定义过滤器】 doFilter
00:00:47.351 [http-nio-8080-exec-9] INFO  c.r.c.NeedsManagementController - 【获取类型列表开始】 getNeedsByCategoryId start
00:00:47.354 [http-nio-8080-exec-9] INFO  c.r.c.NeedsManagementController - 【获取类型列表成功】 getNeedsByCategoryId success
00:01:25.112 [http-nio-8080-exec-10] INFO  com.ruider.filter.XssFilter - 【自定义过滤器】 doFilter
00:01:25.113 [http-nio-8080-exec-10] INFO  c.r.c.NeedsManagementController - 【获取类型列表开始】 getNeedsByCategoryId start
00:01:25.115 [http-nio-8080-exec-10] INFO  c.r.c.NeedsManagementController - 【获取类型列表成功】 getNeedsByCategoryId success
00:01:43.704 [http-nio-8080-exec-1] INFO  com.ruider.filter.XssFilter - 【自定义过滤器】 doFilter
00:01:43.706 [http-nio-8080-exec-1] INFO  c.r.c.NeedsManagementController - 【获取类型列表开始】 getNeedsByCategoryId start
00:01:43.708 [http-nio-8080-exec-1] INFO  c.r.c.NeedsManagementController - 【获取类型列表成功】 getNeedsByCategoryId success
00:04:09.916 [http-nio-8080-exec-3] INFO  com.ruider.filter.XssFilter - 【自定义过滤器】 doFilter
00:04:09.919 [http-nio-8080-exec-3] INFO  com.ruider.controller.UserController - 【获取微信用户信息成功】IfAuthorizationEd success
00:04:10.893 [http-nio-8080-exec-4] INFO  com.ruider.filter.XssFilter - 【自定义过滤器】 doFilter
00:04:10.896 [http-nio-8080-exec-4] INFO  com.ruider.controller.UserController - addUserInfoIfNoSaved start
00:04:10.901 [http-nio-8080-exec-4] INFO  com.ruider.controller.UserController - 【用户信息保存或者查询成功】addUserInfoIfNoSaved success
00:04:11.781 [http-nio-8080-exec-5] INFO  com.ruider.filter.XssFilter - 【自定义过滤器】 doFilter
00:04:11.783 [http-nio-8080-exec-5] INFO  c.r.c.NeedsManagementController - 【获取类型列表开始】 getNeedsByCategoryId start
00:04:11.787 [http-nio-8080-exec-5] INFO  c.r.c.NeedsManagementController - 【获取类型列表成功】 getNeedsByCategoryId success
00:04:55.544 [http-nio-8080-exec-6] INFO  com.ruider.filter.XssFilter - 【自定义过滤器】 doFilter
00:04:55.545 [http-nio-8080-exec-6] INFO  com.ruider.controller.UserController - 【获取微信用户信息成功】IfAuthorizationEd success
00:04:56.962 [http-nio-8080-exec-7] INFO  com.ruider.filter.XssFilter - 【自定义过滤器】 doFilter
00:04:56.963 [http-nio-8080-exec-7] INFO  com.ruider.controller.UserController - addUserInfoIfNoSaved start
00:04:56.966 [http-nio-8080-exec-7] INFO  com.ruider.controller.UserController - 【用户信息保存或者查询成功】addUserInfoIfNoSaved success
00:04:58.067 [http-nio-8080-exec-8] INFO  com.ruider.filter.XssFilter - 【自定义过滤器】 doFilter
00:04:58.067 [http-nio-8080-exec-8] INFO  c.r.c.NeedsManagementController - 【获取类型列表开始】 getNeedsByCategoryId start
00:04:58.070 [http-nio-8080-exec-8] INFO  c.r.c.NeedsManagementController - 【获取类型列表成功】 getNeedsByCategoryId success
00:05:42.075 [http-nio-8080-exec-9] INFO  com.ruider.filter.XssFilter - 【自定义过滤器】 doFilter
00:05:42.081 [http-nio-8080-exec-9] INFO  com.ruider.controller.UserController - 【获取微信用户信息成功】IfAuthorizationEd success
00:05:43.611 [http-nio-8080-exec-10] INFO  com.ruider.filter.XssFilter - 【自定义过滤器】 doFilter
00:05:43.613 [http-nio-8080-exec-10] INFO  com.ruider.controller.UserController - addUserInfoIfNoSaved start
00:05:43.615 [http-nio-8080-exec-10] INFO  com.ruider.controller.UserController - 【用户信息保存或者查询成功】addUserInfoIfNoSaved success
00:05:44.479 [http-nio-8080-exec-1] INFO  com.ruider.filter.XssFilter - 【自定义过滤器】 doFilter
00:05:44.480 [http-nio-8080-exec-1] INFO  c.r.c.NeedsManagementController - 【获取类型列表开始】 getNeedsByCategoryId start
00:05:44.482 [http-nio-8080-exec-1] INFO  c.r.c.NeedsManagementController - 【获取类型列表成功】 getNeedsByCategoryId success
00:06:22.858 [http-nio-8080-exec-2] INFO  com.ruider.filter.XssFilter - 【自定义过滤器】 doFilter
00:06:22.859 [http-nio-8080-exec-2] INFO  com.ruider.controller.UserController - 【获取微信用户信息成功】IfAuthorizationEd success
00:06:24.185 [http-nio-8080-exec-3] INFO  com.ruider.filter.XssFilter - 【自定义过滤器】 doFilter
00:06:24.187 [http-nio-8080-exec-3] INFO  com.ruider.controller.UserController - addUserInfoIfNoSaved start
00:06:24.190 [http-nio-8080-exec-3] INFO  com.ruider.controller.UserController - 【用户信息保存或者查询成功】addUserInfoIfNoSaved success
00:06:25.012 [http-nio-8080-exec-4] INFO  com.ruider.filter.XssFilter - 【自定义过滤器】 doFilter
00:06:25.012 [http-nio-8080-exec-4] INFO  c.r.c.NeedsManagementController - 【获取类型列表开始】 getNeedsByCategoryId start
00:06:25.016 [http-nio-8080-exec-4] INFO  c.r.c.NeedsManagementController - 【获取类型列表成功】 getNeedsByCategoryId success
00:06:38.688 [http-nio-8080-exec-5] INFO  com.ruider.filter.XssFilter - 【自定义过滤器】 doFilter
00:06:38.690 [http-nio-8080-exec-5] INFO  com.ruider.controller.UserController - 【获取微信用户信息成功】IfAuthorizationEd success
00:06:39.833 [http-nio-8080-exec-6] INFO  com.ruider.filter.XssFilter - 【自定义过滤器】 doFilter
00:06:39.835 [http-nio-8080-exec-6] INFO  com.ruider.controller.UserController - addUserInfoIfNoSaved start
00:06:39.838 [http-nio-8080-exec-6] INFO  com.ruider.controller.UserController - 【用户信息保存或者查询成功】addUserInfoIfNoSaved success
00:06:40.618 [http-nio-8080-exec-7] INFO  com.ruider.filter.XssFilter - 【自定义过滤器】 doFilter
00:06:40.618 [http-nio-8080-exec-7] INFO  c.r.c.NeedsManagementController - 【获取类型列表开始】 getNeedsByCategoryId start
00:06:40.622 [http-nio-8080-exec-7] INFO  c.r.c.NeedsManagementController - 【获取类型列表成功】 getNeedsByCategoryId success
00:10:43.864 [http-nio-8080-exec-9] INFO  com.ruider.filter.XssFilter - 【自定义过滤器】 doFilter
00:10:43.865 [http-nio-8080-exec-9] INFO  com.ruider.controller.UserController - 【获取微信用户信息成功】IfAuthorizationEd success
00:10:45.180 [http-nio-8080-exec-10] INFO  com.ruider.filter.XssFilter - 【自定义过滤器】 doFilter
00:10:45.183 [http-nio-8080-exec-10] INFO  com.ruider.controller.UserController - addUserInfoIfNoSaved start
00:10:45.185 [http-nio-8080-exec-10] INFO  com.ruider.controller.UserController - 【用户信息保存或者查询成功】addUserInfoIfNoSaved success
00:10:46.242 [http-nio-8080-exec-1] INFO  com.ruider.filter.XssFilter - 【自定义过滤器】 doFilter
00:10:46.242 [http-nio-8080-exec-1] INFO  c.r.c.NeedsManagementController - 【获取类型列表开始】 getNeedsByCategoryId start
00:10:46.244 [http-nio-8080-exec-1] INFO  c.r.c.NeedsManagementController - 【获取类型列表成功】 getNeedsByCategoryId success
00:12:06.672 [http-nio-8080-exec-3] INFO  com.ruider.filter.XssFilter - 【自定义过滤器】 doFilter
00:12:06.673 [http-nio-8080-exec-3] INFO  com.ruider.controller.UserController - 【获取微信用户信息成功】IfAuthorizationEd success
00:12:08.062 [http-nio-8080-exec-4] INFO  com.ruider.filter.XssFilter - 【自定义过滤器】 doFilter
00:12:08.064 [http-nio-8080-exec-4] INFO  com.ruider.controller.UserController - addUserInfoIfNoSaved start
00:12:08.071 [http-nio-8080-exec-4] INFO  com.ruider.controller.UserController - 【用户信息保存或者查询成功】addUserInfoIfNoSaved success
00:12:09.930 [http-nio-8080-exec-5] INFO  com.ruider.filter.XssFilter - 【自定义过滤器】 doFilter
00:12:09.930 [http-nio-8080-exec-5] INFO  c.r.c.NeedsManagementController - 【获取类型列表开始】 getNeedsByCategoryId start
00:12:09.942 [http-nio-8080-exec-5] INFO  c.r.c.NeedsManagementController - 【获取类型列表成功】 getNeedsByCategoryId success
00:12:23.718 [http-nio-8080-exec-6] INFO  com.ruider.filter.XssFilter - 【自定义过滤器】 doFilter
00:12:23.720 [http-nio-8080-exec-6] INFO  com.ruider.controller.UserController - 【获取微信用户信息成功】IfAuthorizationEd success
00:12:27.392 [http-nio-8080-exec-7] INFO  com.ruider.filter.XssFilter - 【自定义过滤器】 doFilter
00:12:27.394 [http-nio-8080-exec-7] INFO  com.ruider.controller.UserController - addUserInfoIfNoSaved start
00:12:27.405 [http-nio-8080-exec-7] INFO  com.ruider.controller.UserController - 【用户信息保存或者查询成功】addUserInfoIfNoSaved success
00:12:28.210 [http-nio-8080-exec-8] INFO  com.ruider.filter.XssFilter - 【自定义过滤器】 doFilter
00:12:28.210 [http-nio-8080-exec-8] INFO  c.r.c.NeedsManagementController - 【获取类型列表开始】 getNeedsByCategoryId start
00:12:28.213 [http-nio-8080-exec-8] INFO  c.r.c.NeedsManagementController - 【获取类型列表成功】 getNeedsByCategoryId success
00:12:44.793 [http-nio-8080-exec-9] INFO  com.ruider.filter.XssFilter - 【自定义过滤器】 doFilter
00:12:44.794 [http-nio-8080-exec-9] INFO  com.ruider.controller.UserController - 【获取微信用户信息成功】IfAuthorizationEd success
00:12:54.782 [http-nio-8080-exec-10] INFO  com.ruider.filter.XssFilter - 【自定义过滤器】 doFilter
00:12:54.783 [http-nio-8080-exec-10] INFO  com.ruider.controller.UserController - 【获取微信用户信息成功】IfAuthorizationEd success
00:12:58.022 [http-nio-8080-exec-1] INFO  com.ruider.filter.XssFilter - 【自定义过滤器】 doFilter
00:12:58.022 [http-nio-8080-exec-1] INFO  c.r.c.NeedsManagementController - 【获取类型列表开始】 getNeedsByCategoryId start
00:12:58.025 [http-nio-8080-exec-1] INFO  c.r.c.NeedsManagementController - 【获取类型列表成功】 getNeedsByCategoryId success
00:13:23.891 [http-nio-8080-exec-2] INFO  com.ruider.filter.XssFilter - 【自定义过滤器】 doFilter
00:13:23.892 [http-nio-8080-exec-2] INFO  com.ruider.controller.UserController - 【获取微信用户信息成功】IfAuthorizationEd success
00:13:26.012 [http-nio-8080-exec-3] INFO  com.ruider.filter.XssFilter - 【自定义过滤器】 doFilter
00:13:26.013 [http-nio-8080-exec-3] INFO  c.r.c.NeedsManagementController - 【获取类型列表开始】 getNeedsByCategoryId start
00:13:26.015 [http-nio-8080-exec-3] INFO  c.r.c.NeedsManagementController - 【获取类型列表成功】 getNeedsByCategoryId success
00:13:30.766 [http-nio-8080-exec-4] INFO  com.ruider.filter.XssFilter - 【自定义过滤器】 doFilter
00:13:30.767 [http-nio-8080-exec-4] INFO  c.r.c.NeedsManagementController - 【获取类型列表开始】 getNeedsByCategoryId start
00:13:30.784 [http-nio-8080-exec-4] INFO  c.r.c.NeedsManagementController - 【获取类型列表成功】 getNeedsByCategoryId success
00:14:14.802 [http-nio-8080-exec-5] INFO  com.ruider.filter.XssFilter - 【自定义过滤器】 doFilter
00:14:14.803 [http-nio-8080-exec-5] INFO  com.ruider.controller.UserController - 【获取微信用户信息成功】IfAuthorizationEd success
00:14:16.198 [http-nio-8080-exec-6] INFO  com.ruider.filter.XssFilter - 【自定义过滤器】 doFilter
00:14:16.201 [http-nio-8080-exec-6] INFO  com.ruider.controller.UserController - addUserInfoIfNoSaved start
00:14:16.203 [http-nio-8080-exec-6] INFO  com.ruider.controller.UserController - 【用户信息保存或者查询成功】addUserInfoIfNoSaved success
00:14:16.875 [http-nio-8080-exec-7] INFO  com.ruider.filter.XssFilter - 【自定义过滤器】 doFilter
00:14:16.875 [http-nio-8080-exec-7] INFO  c.r.c.NeedsManagementController - 【获取类型列表开始】 getNeedsByCategoryId start
00:14:16.878 [http-nio-8080-exec-7] INFO  c.r.c.NeedsManagementController - 【获取类型列表成功】 getNeedsByCategoryId success
00:14:25.215 [http-nio-8080-exec-8] INFO  com.ruider.filter.XssFilter - 【自定义过滤器】 doFilter
00:14:25.216 [http-nio-8080-exec-8] INFO  c.r.c.NeedsManagementController - 【获取类型列表开始】 getNeedsByCategoryId start
00:14:25.218 [http-nio-8080-exec-8] INFO  c.r.c.NeedsManagementController - 【获取类型列表成功】 getNeedsByCategoryId success
00:14:27.883 [http-nio-8080-exec-9] INFO  com.ruider.filter.XssFilter - 【自定义过滤器】 doFilter
00:14:27.884 [http-nio-8080-exec-9] INFO  c.r.c.MessageManageController - 【根据需求id获取评论回复列表】 getMessageByNeedsIdAndCategoryId start
00:14:27.886 [http-nio-8080-exec-9] INFO  c.r.c.MessageManageController - 【根据需求id获取评论回复列表成功】 getMessageByNeedsIdAndCategoryId success
00:14:34.786 [http-nio-8080-exec-10] INFO  com.ruider.filter.XssFilter - 【自定义过滤器】 doFilter
00:14:34.787 [http-nio-8080-exec-10] INFO  c.r.c.NeedsManagementController - 【获取类型列表开始】 getNeedsByCategoryId start
00:14:34.789 [http-nio-8080-exec-10] INFO  c.r.c.NeedsManagementController - 【获取类型列表成功】 getNeedsByCategoryId success
00:14:37.055 [http-nio-8080-exec-1] INFO  com.ruider.filter.XssFilter - 【自定义过滤器】 doFilter
00:14:37.056 [http-nio-8080-exec-1] INFO  c.r.c.NeedsManagementController - 【获取类型列表开始】 getNeedsByCategoryId start
00:14:37.058 [http-nio-8080-exec-1] INFO  c.r.c.NeedsManagementController - 【获取类型列表成功】 getNeedsByCategoryId success
00:14:39.662 [http-nio-8080-exec-2] INFO  com.ruider.filter.XssFilter - 【自定义过滤器】 doFilter
00:14:39.663 [http-nio-8080-exec-2] INFO  c.r.c.NeedsManagementController - 【获取类型列表开始】 getNeedsByCategoryId start
00:14:39.665 [http-nio-8080-exec-2] INFO  c.r.c.NeedsManagementController - 【获取类型列表成功】 getNeedsByCategoryId success
00:15:13.411 [http-nio-8080-exec-3] INFO  com.ruider.filter.XssFilter - 【自定义过滤器】 doFilter
00:15:13.412 [http-nio-8080-exec-3] INFO  c.r.c.NeedsManagementController - 【获取类型列表开始】 getNeedsByCategoryId start
00:15:13.414 [http-nio-8080-exec-3] INFO  c.r.c.NeedsManagementController - 【获取类型列表成功】 getNeedsByCategoryId success
00:15:14.067 [http-nio-8080-exec-4] INFO  com.ruider.filter.XssFilter - 【自定义过滤器】 doFilter
00:15:14.068 [http-nio-8080-exec-4] INFO  com.ruider.controller.UserController - 【获取微信用户信息成功】IfAuthorizationEd success
00:15:15.679 [http-nio-8080-exec-5] INFO  com.ruider.filter.XssFilter - 【自定义过滤器】 doFilter
00:15:15.681 [http-nio-8080-exec-5] INFO  com.ruider.controller.UserController - addUserInfoIfNoSaved start
00:15:15.682 [http-nio-8080-exec-5] INFO  com.ruider.controller.UserController - 【用户信息保存或者查询成功】addUserInfoIfNoSaved success
00:15:21.456 [http-nio-8080-exec-6] INFO  com.ruider.filter.XssFilter - 【自定义过滤器】 doFilter
00:15:21.456 [http-nio-8080-exec-6] INFO  c.r.c.NeedsManagementController - 【获取类型列表开始】 getNeedsByCategoryId start
00:15:21.460 [http-nio-8080-exec-6] INFO  c.r.c.NeedsManagementController - 【获取类型列表成功】 getNeedsByCategoryId success
00:15:28.923 [http-nio-8080-exec-7] INFO  com.ruider.filter.XssFilter - 【自定义过滤器】 doFilter
00:15:28.924 [http-nio-8080-exec-7] INFO  c.r.c.NeedsManagementController - 【获取类型列表开始】 getNeedsByCategoryId start
00:15:28.927 [http-nio-8080-exec-7] INFO  c.r.c.NeedsManagementController - 【获取类型列表成功】 getNeedsByCategoryId success
00:15:53.852 [http-nio-8080-exec-8] INFO  com.ruider.filter.XssFilter - 【自定义过滤器】 doFilter
00:15:53.853 [http-nio-8080-exec-8] INFO  com.ruider.controller.UserController - 【获取微信用户信息成功】IfAuthorizationEd success
00:15:55.197 [http-nio-8080-exec-9] INFO  com.ruider.filter.XssFilter - 【自定义过滤器】 doFilter
00:15:55.199 [http-nio-8080-exec-9] INFO  com.ruider.controller.UserController - addUserInfoIfNoSaved start
00:15:55.201 [http-nio-8080-exec-9] INFO  com.ruider.controller.UserController - 【用户信息保存或者查询成功】addUserInfoIfNoSaved success
00:15:55.915 [http-nio-8080-exec-10] INFO  com.ruider.filter.XssFilter - 【自定义过滤器】 doFilter
00:15:55.915 [http-nio-8080-exec-10] INFO  c.r.c.NeedsManagementController - 【获取类型列表开始】 getNeedsByCategoryId start
00:15:55.917 [http-nio-8080-exec-10] INFO  c.r.c.NeedsManagementController - 【获取类型列表成功】 getNeedsByCategoryId success
00:16:02.251 [http-nio-8080-exec-1] INFO  com.ruider.filter.XssFilter - 【自定义过滤器】 doFilter
00:16:02.252 [http-nio-8080-exec-1] INFO  c.r.c.NeedsManagementController - 【获取类型列表开始】 getNeedsByCategoryId start
00:16:02.254 [http-nio-8080-exec-1] INFO  c.r.c.NeedsManagementController - 【获取类型列表成功】 getNeedsByCategoryId success
00:16:07.235 [http-nio-8080-exec-2] INFO  com.ruider.filter.XssFilter - 【自定义过滤器】 doFilter
00:16:07.236 [http-nio-8080-exec-2] INFO  c.r.c.NeedsManagementController - 【获取类型列表开始】 getNeedsByCategoryId start
00:16:07.238 [http-nio-8080-exec-2] INFO  c.r.c.NeedsManagementController - 【获取类型列表成功】 getNeedsByCategoryId success
00:16:11.037 [http-nio-8080-exec-3] INFO  com.ruider.filter.XssFilter - 【自定义过滤器】 doFilter
00:16:11.037 [http-nio-8080-exec-3] INFO  c.r.c.MessageManageController - 【根据需求id获取评论回复列表】 getMessageByNeedsIdAndCategoryId start
00:16:11.046 [http-nio-8080-exec-3] INFO  c.r.c.MessageManageController - 【根据需求id获取评论回复列表成功】 getMessageByNeedsIdAndCategoryId success
00:16:19.284 [http-nio-8080-exec-4] INFO  com.ruider.filter.XssFilter - 【自定义过滤器】 doFilter
00:16:19.285 [http-nio-8080-exec-4] INFO  c.r.c.NeedsManagementController - 【获取类型列表开始】 getNeedsByCategoryId start
00:16:19.287 [http-nio-8080-exec-4] INFO  c.r.c.NeedsManagementController - 【获取类型列表成功】 getNeedsByCategoryId success
00:16:22.032 [http-nio-8080-exec-5] INFO  com.ruider.filter.XssFilter - 【自定义过滤器】 doFilter
00:16:22.033 [http-nio-8080-exec-5] INFO  c.r.c.MessageManageController - 【根据需求id获取评论回复列表】 getMessageByNeedsIdAndCategoryId start
00:16:22.055 [http-nio-8080-exec-5] INFO  c.r.c.MessageManageController - 【根据需求id获取评论回复列表成功】 getMessageByNeedsIdAndCategoryId success
00:16:25.535 [http-nio-8080-exec-6] INFO  com.ruider.filter.XssFilter - 【自定义过滤器】 doFilter
00:16:25.536 [http-nio-8080-exec-6] INFO  c.r.c.MessageManageController - 【根据需求id获取评论回复列表】 getMessageByNeedsIdAndCategoryId start
00:16:25.574 [http-nio-8080-exec-6] INFO  c.r.c.MessageManageController - 【根据需求id获取评论回复列表成功】 getMessageByNeedsIdAndCategoryId success
00:18:21.883 [http-nio-8080-exec-8] INFO  com.ruider.filter.XssFilter - 【自定义过滤器】 doFilter
00:18:21.884 [http-nio-8080-exec-8] INFO  com.ruider.controller.UserController - 【获取微信用户信息成功】IfAuthorizationEd success
00:18:29.215 [http-nio-8080-exec-9] INFO  com.ruider.filter.XssFilter - 【自定义过滤器】 doFilter
00:18:29.216 [http-nio-8080-exec-9] INFO  com.ruider.controller.UserController - addUserInfoIfNoSaved start
00:18:29.218 [http-nio-8080-exec-9] INFO  com.ruider.controller.UserController - 【用户信息保存或者查询成功】addUserInfoIfNoSaved success
00:18:31.518 [http-nio-8080-exec-10] INFO  com.ruider.filter.XssFilter - 【自定义过滤器】 doFilter
00:18:31.519 [http-nio-8080-exec-10] INFO  c.r.c.MessageManageController - 【获取未被查看的消息数量】 getNoWatchedMessageNo start
00:18:31.528 [http-nio-8080-exec-10] INFO  c.r.c.MessageManageController - 【获取未被查看的消息数量成功】 getNoWatchedMessageNo success
00:18:35.435 [http-nio-8080-exec-1] INFO  com.ruider.filter.XssFilter - 【自定义过滤器】 doFilter
00:18:35.436 [http-nio-8080-exec-1] INFO  c.r.c.NeedsManagementController - 【获取类型列表开始】 getNeedsByUserIdAndCategotyId start
00:18:35.438 [http-nio-8080-exec-1] INFO  c.r.c.NeedsManagementController - 【获取类型列表成功】 getNeedsByUserIdAndCategotyId success
00:18:39.191 [http-nio-8080-exec-2] INFO  com.ruider.filter.XssFilter - 【自定义过滤器】 doFilter
00:18:39.191 [http-nio-8080-exec-2] INFO  c.r.c.NeedsManagementController - 【获取用户所有列表开始】 getNeedsByUserId start
00:18:39.195 [http-nio-8080-exec-2] INFO  c.r.c.NeedsManagementController - 【获取用户所有列表成功】 getNeedsByUserId success
00:18:50.896 [http-nio-8080-exec-3] INFO  com.ruider.filter.XssFilter - 【自定义过滤器】 doFilter
00:18:50.897 [http-nio-8080-exec-3] INFO  com.ruider.controller.UserController - getUserDetails start 
00:18:50.900 [http-nio-8080-exec-3] INFO  com.ruider.controller.UserController - 【获取用户信息成功】getUserDetails success
00:19:09.007 [http-nio-8080-exec-4] INFO  com.ruider.filter.XssFilter - 【自定义过滤器】 doFilter
00:19:09.008 [http-nio-8080-exec-4] INFO  com.ruider.controller.UserController - 【获取微信用户信息成功】IfAuthorizationEd success
00:25:05.610 [Thread-2] INFO  o.s.s.c.ThreadPoolTaskExecutor - Shutting down ExecutorService 'applicationTaskExecutor'
00:25:05.632 [Thread-2] INFO  com.zaxxer.hikari.HikariDataSource - HikariPool-1 - Shutdown initiated...
00:25:05.656 [Thread-2] INFO  com.zaxxer.hikari.HikariDataSource - HikariPool-1 - Shutdown completed.
